<?xml version="1.0" encoding="UTF-8"?>
<coverage generated="1778271042699" clover="3.2.0">
  <project timestamp="1778271042699" name="All files">
    <metrics statements="900" coveredstatements="835" conditionals="478" coveredconditionals="391" methods="301" coveredmethods="261" elements="1679" coveredelements="1487" complexity="0" loc="900" ncloc="900" packages="19" files="29" classes="29"/>
    <package name="assets">
      <metrics statements="0" coveredstatements="0" conditionals="0" coveredconditionals="0" methods="0" coveredmethods="0"/>
      <file name="logo.png" path="/Users/hannahgerber/Documents/code/basscore/src/assets/logo.png">
        <metrics statements="0" coveredstatements="0" conditionals="0" coveredconditionals="0" methods="0" coveredmethods="0"/>
      </file>
    </package>
    <package name="components.AppSidebar">
      <metrics statements="2" coveredstatements="2" conditionals="1" coveredconditionals="1" methods="1" coveredmethods="1"/>
      <file name="AppSidebar.tsx" path="/Users/hannahgerber/Documents/code/basscore/src/components/AppSidebar/AppSidebar.tsx">
        <metrics statements="2" coveredstatements="2" conditionals="1" coveredconditionals="1" methods="1" coveredmethods="1"/>
        <line num="4" count="2" type="cond" truecount="1" falsecount="0"/>
        <line num="5" count="15" type="stmt"/>
      </file>
    </package>
    <package name="components.BCTooltip">
      <metrics statements="9" coveredstatements="9" conditionals="2" coveredconditionals="2" methods="5" coveredmethods="5"/>
      <file name="BCTooltip.tsx" path="/Users/hannahgerber/Documents/code/basscore/src/components/BCTooltip/BCTooltip.tsx">
        <metrics statements="9" coveredstatements="9" conditionals="2" coveredconditionals="2" methods="5" coveredmethods="5"/>
        <line num="5" count="1" type="stmt"/>
        <line num="6" count="7" type="stmt"/>
        <line num="8" count="7" type="stmt"/>
        <line num="9" count="5" type="stmt"/>
        <line num="10" count="5" type="stmt"/>
        <line num="11" count="5" type="stmt"/>
        <line num="12" count="5" type="stmt"/>
        <line num="15" count="7" type="cond" truecount="2" falsecount="0"/>
        <line num="16" count="4" type="stmt"/>
      </file>
    </package>
    <package name="components.ControlPanel">
      <metrics statements="11" coveredstatements="11" conditionals="5" coveredconditionals="5" methods="5" coveredmethods="5"/>
      <file name="ControlPanel.tsx" path="/Users/hannahgerber/Documents/code/basscore/src/components/ControlPanel/ControlPanel.tsx">
        <metrics statements="11" coveredstatements="11" conditionals="5" coveredconditionals="5" methods="5" coveredmethods="5"/>
        <line num="5" count="4" type="stmt"/>
        <line num="6" count="286" type="stmt"/>
        <line num="7" count="286" type="stmt"/>
        <line num="8" count="286" type="stmt"/>
        <line num="9" count="1370" type="cond" truecount="5" falsecount="0"/>
        <line num="10" count="1" type="stmt"/>
        <line num="13" count="1" type="stmt"/>
        <line num="18" count="1369" type="stmt"/>
        <line num="19" count="1369" type="stmt"/>
        <line num="24" count="1628" type="stmt"/>
        <line num="32" count="286" type="stmt"/>
      </file>
    </package>
    <package name="components.CustomFretboardEditor">
      <metrics statements="400" coveredstatements="349" conditionals="296" coveredconditionals="230" methods="130" coveredmethods="101"/>
      <file name="CustomFretboard.tsx" path="/Users/hannahgerber/Documents/code/basscore/src/components/CustomFretboardEditor/CustomFretboard.tsx">
        <metrics statements="237" coveredstatements="192" conditionals="151" coveredconditionals="110" methods="73" coveredmethods="52"/>
        <line num="21" count="1" type="stmt"/>
        <line num="29" count="1" type="stmt"/>
        <line num="35" count="1" type="stmt"/>
        <line num="41" count="1" type="stmt"/>
        <line num="42" count="3" type="cond" truecount="1" falsecount="1"/>
        <line num="44" count="1" type="stmt"/>
        <line num="45" count="243" type="stmt"/>
        <line num="46" count="243" type="stmt"/>
        <line num="48" count="243" type="stmt"/>
        <line num="52" count="243" type="stmt"/>
        <line num="54" count="243" type="stmt"/>
        <line num="55" count="243" type="stmt"/>
        <line num="56" count="243" type="stmt"/>
        <line num="57" count="243" type="stmt"/>
        <line num="58" count="243" type="stmt"/>
        <line num="59" count="243" type="stmt"/>
        <line num="60" count="243" type="stmt"/>
        <line num="61" count="243" type="stmt"/>
        <line num="64" count="243" type="stmt"/>
        <line num="65" count="243" type="stmt"/>
        <line num="67" count="243" type="stmt"/>
        <line num="68" count="243" type="stmt"/>
        <line num="69" count="243" type="stmt"/>
        <line num="71" count="243" type="stmt"/>
        <line num="72" count="55" type="stmt"/>
        <line num="75" count="243" type="stmt"/>
        <line num="76" count="2" type="cond" truecount="1" falsecount="1"/>
        <line num="77" count="2" type="stmt"/>
        <line num="78" count="2" type="stmt"/>
        <line num="79" count="2" type="stmt"/>
        <line num="80" count="2" type="stmt"/>
        <line num="83" count="243" type="stmt"/>
        <line num="84" count="243" type="stmt"/>
        <line num="85" count="49" type="cond" truecount="5" falsecount="0"/>
        <line num="86" count="2" type="stmt"/>
        <line num="87" count="2" type="stmt"/>
        <line num="89" count="47" type="cond" truecount="4" falsecount="0"/>
        <line num="90" count="3" type="stmt"/>
        <line num="91" count="3" type="stmt"/>
        <line num="93" count="44" type="cond" truecount="4" falsecount="0"/>
        <line num="94" count="1" type="stmt"/>
        <line num="97" count="243" type="stmt"/>
        <line num="98" count="243" type="stmt"/>
        <line num="101" count="243" type="stmt"/>
        <line num="102" count="93" type="stmt"/>
        <line num="103" count="72" type="cond" truecount="2" falsecount="0"/>
        <line num="104" count="21" type="stmt"/>
        <line num="105" count="21" type="cond" truecount="2" falsecount="0"/>
        <line num="106" count="10" type="cond" truecount="2" falsecount="0"/>
        <line num="107" count="1" type="stmt"/>
        <line num="110" count="72" type="cond" truecount="1" falsecount="1"/>
        <line num="111" count="1" type="stmt"/>
        <line num="113" count="93" type="stmt"/>
        <line num="114" count="93" type="stmt"/>
        <line num="117" count="243" type="stmt"/>
        <line num="118" count="52" type="stmt"/>
        <line num="122" count="243" type="stmt"/>
        <line num="123" count="36" type="cond" truecount="2" falsecount="0"/>
        <line num="125" count="36" type="cond" truecount="2" falsecount="0"/>
        <line num="126" count="8" type="cond" truecount="2" falsecount="0"/>
        <line num="127" count="7" type="stmt"/>
        <line num="129" count="1" type="cond" truecount="1" falsecount="1"/>
        <line num="131" count="8" type="stmt"/>
        <line num="134" count="28" type="cond" truecount="2" falsecount="0"/>
        <line num="135" count="2" type="stmt"/>
        <line num="137" count="26" type="stmt"/>
        <line num="143" count="26" type="stmt"/>
        <line num="144" count="26" type="stmt"/>
        <line num="148" count="243" type="stmt"/>
        <line num="149" count="12" type="stmt"/>
        <line num="150" count="10" type="cond" truecount="1" falsecount="1"/>
        <line num="151" count="10" type="stmt"/>
        <line num="160" count="243" type="stmt"/>
        <line num="162" count="243" type="stmt"/>
        <line num="163" count="33" type="cond" truecount="4" falsecount="0"/>
        <line num="164" count="2" type="stmt"/>
        <line num="165" count="2" type="stmt"/>
        <line num="166" count="2" type="stmt"/>
        <line num="168" count="2" type="stmt"/>
        <line num="171" count="2" type="cond" truecount="1" falsecount="1"/>
        <line num="177" count="33" type="stmt"/>
        <line num="178" count="3" type="cond" truecount="3" falsecount="0"/>
        <line num="181" count="33" type="stmt"/>
        <line num="182" count="33" type="stmt"/>
        <line num="184" count="33" type="cond" truecount="2" falsecount="0"/>
        <line num="185" count="1" type="stmt"/>
        <line num="186" count="1" type="stmt"/>
        <line num="188" count="1" type="stmt"/>
        <line num="196" count="1" type="cond" truecount="1" falsecount="1"/>
        <line num="197" count="1" type="stmt"/>
        <line num="198" count="1" type="stmt"/>
        <line num="202" count="2" type="stmt"/>
        <line num="211" count="243" type="stmt"/>
        <line num="212" count="38" type="cond" truecount="2" falsecount="0"/>
        <line num="213" count="12" type="stmt"/>
        <line num="214" count="10" type="cond" truecount="5" falsecount="0"/>
        <line num="215" count="2" type="stmt"/>
        <line num="216" count="3" type="cond" truecount="2" falsecount="0"/>
        <line num="220" count="2" type="stmt"/>
        <line num="221" count="2" type="stmt"/>
        <line num="223" count="10" type="stmt"/>
        <line num="226" count="243" type="stmt"/>
        <line num="227" count="3" type="cond" truecount="2" falsecount="0"/>
        <line num="228" count="2" type="cond" truecount="2" falsecount="0"/>
        <line num="229" count="2" type="stmt"/>
        <line num="230" count="1" type="cond" truecount="1" falsecount="1"/>
        <line num="231" count="2" type="stmt"/>
        <line num="233" count="1" type="stmt"/>
        <line num="234" count="1" type="cond" truecount="2" falsecount="2"/>
        <line num="235" count="0" type="stmt"/>
        <line num="240" count="243" type="stmt"/>
        <line num="241" count="2" type="stmt"/>
        <line num="242" count="2" type="stmt"/>
        <line num="245" count="243" type="stmt"/>
        <line num="246" count="1" type="stmt"/>
        <line num="247" count="1" type="stmt"/>
        <line num="250" count="243" type="stmt"/>
        <line num="251" count="1" type="stmt"/>
        <line num="252" count="1" type="stmt"/>
        <line num="253" count="1" type="cond" truecount="2" falsecount="2"/>
        <line num="255" count="1" type="stmt"/>
        <line num="258" count="243" type="stmt"/>
        <line num="259" count="5" type="cond" truecount="2" falsecount="0"/>
        <line num="261" count="243" type="stmt"/>
        <line num="262" count="2" type="cond" truecount="2" falsecount="0"/>
        <line num="263" count="2" type="cond" truecount="1" falsecount="1"/>
        <line num="264" count="2" type="stmt"/>
        <line num="265" count="2" type="cond" truecount="2" falsecount="0"/>
        <line num="266" count="1" type="stmt"/>
        <line num="272" count="1" type="stmt"/>
        <line num="274" count="2" type="stmt"/>
        <line num="275" count="2" type="stmt"/>
        <line num="278" count="243" type="stmt"/>
        <line num="279" count="0" type="stmt"/>
        <line num="280" count="0" type="cond" truecount="0" falsecount="2"/>
        <line num="281" count="0" type="stmt"/>
        <line num="282" count="0" type="stmt"/>
        <line num="283" count="0" type="stmt"/>
        <line num="286" count="243" type="stmt"/>
        <line num="287" count="0" type="stmt"/>
        <line num="288" count="0" type="stmt"/>
        <line num="289" count="0" type="cond" truecount="0" falsecount="2"/>
        <line num="292" count="243" type="stmt"/>
        <line num="293" count="5" type="cond" truecount="2" falsecount="0"/>
        <line num="295" count="243" type="stmt"/>
        <line num="296" count="1" type="stmt"/>
        <line num="297" count="1" type="cond" truecount="1" falsecount="1"/>
        <line num="299" count="1" type="stmt"/>
        <line num="300" count="1" type="cond" truecount="1" falsecount="1"/>
        <line num="304" count="1" type="stmt"/>
        <line num="305" count="1" type="cond" truecount="1" falsecount="1"/>
        <line num="307" count="1" type="stmt"/>
        <line num="308" count="49" type="stmt"/>
        <line num="310" count="1" type="stmt"/>
        <line num="311" count="1" type="stmt"/>
        <line num="312" count="1" type="stmt"/>
        <line num="317" count="1" type="stmt"/>
        <line num="318" count="1" type="stmt"/>
        <line num="320" count="1" type="stmt"/>
        <line num="322" count="1" type="cond" truecount="2" falsecount="2"/>
        <line num="323" count="0" type="stmt"/>
        <line num="324" count="0" type="stmt"/>
        <line num="327" count="1" type="stmt"/>
        <line num="328" count="1" type="stmt"/>
        <line num="329" count="1" type="stmt"/>
        <line num="330" count="1" type="stmt"/>
        <line num="331" count="1" type="stmt"/>
        <line num="332" count="1" type="stmt"/>
        <line num="333" count="1" type="stmt"/>
        <line num="334" count="1" type="stmt"/>
        <line num="335" count="1" type="stmt"/>
        <line num="336" count="1" type="stmt"/>
        <line num="339" count="243" type="cond" truecount="0" falsecount="2"/>
        <line num="342" count="243" type="stmt"/>
        <line num="343" count="0" type="cond" truecount="0" falsecount="2"/>
        <line num="344" count="0" type="stmt"/>
        <line num="345" count="0" type="stmt"/>
        <line num="348" count="243" type="stmt"/>
        <line num="349" count="0" type="cond" truecount="0" falsecount="2"/>
        <line num="350" count="0" type="stmt"/>
        <line num="351" count="0" type="stmt"/>
        <line num="352" count="0" type="stmt"/>
        <line num="354" count="0" type="stmt"/>
        <line num="360" count="0" type="stmt"/>
        <line num="363" count="243" type="stmt"/>
        <line num="364" count="0" type="stmt"/>
        <line num="370" count="0" type="stmt"/>
        <line num="371" count="0" type="stmt"/>
        <line num="372" count="0" type="stmt"/>
        <line num="373" count="0" type="stmt"/>
        <line num="374" count="0" type="stmt"/>
        <line num="377" count="243" type="stmt"/>
        <line num="378" count="0" type="stmt"/>
        <line num="379" count="0" type="stmt"/>
        <line num="380" count="0" type="stmt"/>
        <line num="381" count="0" type="stmt"/>
        <line num="384" count="243" type="stmt"/>
        <line num="385" count="0" type="stmt"/>
        <line num="386" count="0" type="stmt"/>
        <line num="389" count="243" type="stmt"/>
        <line num="390" count="0" type="cond" truecount="0" falsecount="2"/>
        <line num="391" count="0" type="stmt"/>
        <line num="392" count="0" type="cond" truecount="0" falsecount="2"/>
        <line num="394" count="0" type="stmt"/>
        <line num="397" count="243" type="cond" truecount="2" falsecount="0"/>
        <line num="399" count="243" type="stmt"/>
        <line num="400" count="95" type="cond" truecount="2" falsecount="0"/>
        <line num="401" count="92" type="cond" truecount="2" falsecount="0"/>
        <line num="402" count="64" type="stmt"/>
        <line num="405" count="243" type="cond" truecount="2" falsecount="0"/>
        <line num="409" count="243" type="stmt"/>
        <line num="414" count="243" type="stmt"/>
        <line num="419" count="243" type="stmt"/>
        <line num="421" count="243" type="stmt"/>
        <line num="431" count="2" type="cond" truecount="2" falsecount="0"/>
        <line num="446" count="1" type="cond" truecount="2" falsecount="0"/>
        <line num="456" count="3" type="stmt"/>
        <line num="462" count="2" type="stmt"/>
        <line num="479" count="1" type="stmt"/>
        <line num="493" count="0" type="stmt"/>
        <line num="502" count="0" type="cond" truecount="0" falsecount="2"/>
        <line num="509" count="0" type="cond" truecount="0" falsecount="2"/>
        <line num="532" count="1" type="stmt"/>
        <line num="533" count="1" type="stmt"/>
        <line num="542" count="243" type="stmt"/>
        <line num="589" count="0" type="cond" truecount="0" falsecount="2"/>
        <line num="604" count="0" type="stmt"/>
        <line num="608" count="0" type="stmt"/>
        <line num="609" count="0" type="stmt"/>
        <line num="648" count="0" type="stmt"/>
        <line num="654" count="1" type="stmt"/>
        <line num="659" count="2" type="stmt"/>
        <line num="666" count="31" type="stmt"/>
        <line num="683" count="0" type="stmt"/>
        <line num="689" count="1" type="stmt"/>
        <line num="691" count="1" type="stmt"/>
        <line num="697" count="11" type="stmt"/>
      </file>
      <file name="CustomFretboardEditor.tsx" path="/Users/hannahgerber/Documents/code/basscore/src/components/CustomFretboardEditor/CustomFretboardEditor.tsx">
        <metrics statements="113" coveredstatements="113" conditionals="106" coveredconditionals="98" methods="28" coveredmethods="28"/>
        <line num="28" count="2" type="stmt"/>
        <line num="30" count="2" type="stmt"/>
        <line num="31" count="5" type="stmt"/>
        <line num="32" count="5" type="cond" truecount="2" falsecount="0"/>
        <line num="33" count="2" type="stmt"/>
        <line num="34" count="2" type="stmt"/>
        <line num="35" count="2" type="stmt"/>
        <line num="36" count="6" type="cond" truecount="2" falsecount="0"/>
        <line num="37" count="2" type="stmt"/>
        <line num="38" count="2" type="cond" truecount="2" falsecount="0"/>
        <line num="41" count="2" type="stmt"/>
        <line num="62" count="277" type="stmt"/>
        <line num="63" count="277" type="stmt"/>
        <line num="65" count="277" type="stmt"/>
        <line num="66" count="277" type="stmt"/>
        <line num="67" count="277" type="stmt"/>
        <line num="68" count="277" type="stmt"/>
        <line num="69" count="277" type="stmt"/>
        <line num="71" count="277" type="stmt"/>
        <line num="72" count="89" type="stmt"/>
        <line num="73" count="89" type="stmt"/>
        <line num="74" count="89" type="stmt"/>
        <line num="76" count="89" type="stmt"/>
        <line num="77" count="1043" type="cond" truecount="2" falsecount="0"/>
        <line num="79" count="1043" type="cond" truecount="2" falsecount="0"/>
        <line num="82" count="83" type="stmt"/>
        <line num="83" count="83" type="stmt"/>
        <line num="85" count="83" type="cond" truecount="2" falsecount="0"/>
        <line num="86" count="31" type="stmt"/>
        <line num="95" count="52" type="cond" truecount="2" falsecount="0"/>
        <line num="96" count="4" type="stmt"/>
        <line num="114" count="960" type="stmt"/>
        <line num="115" count="960" type="stmt"/>
        <line num="117" count="960" type="cond" truecount="2" falsecount="0"/>
        <line num="118" count="320" type="stmt"/>
        <line num="127" count="640" type="cond" truecount="2" falsecount="0"/>
        <line num="128" count="79" type="stmt"/>
        <line num="147" count="89" type="stmt"/>
        <line num="150" count="277" type="stmt"/>
        <line num="151" count="8" type="stmt"/>
        <line num="152" count="8" type="stmt"/>
        <line num="153" count="8" type="stmt"/>
        <line num="155" count="8" type="cond" truecount="2" falsecount="0"/>
        <line num="156" count="1" type="stmt"/>
        <line num="157" count="1" type="stmt"/>
        <line num="158" count="1" type="stmt"/>
        <line num="160" count="7" type="stmt"/>
        <line num="161" count="7" type="stmt"/>
        <line num="162" count="7" type="stmt"/>
        <line num="164" count="7" type="cond" truecount="2" falsecount="0"/>
        <line num="165" count="7" type="cond" truecount="4" falsecount="0"/>
        <line num="166" count="3" type="stmt"/>
        <line num="167" count="2" type="stmt"/>
        <line num="168" count="2" type="stmt"/>
        <line num="169" count="2" type="stmt"/>
        <line num="172" count="4" type="stmt"/>
        <line num="173" count="1" type="stmt"/>
        <line num="174" count="1" type="stmt"/>
        <line num="175" count="1" type="stmt"/>
        <line num="180" count="277" type="stmt"/>
        <line num="181" count="2" type="cond" truecount="1" falsecount="1"/>
        <line num="182" count="2" type="cond" truecount="3" falsecount="1"/>
        <line num="183" count="2" type="stmt"/>
        <line num="184" count="2" type="stmt"/>
        <line num="185" count="2" type="stmt"/>
        <line num="186" count="2" type="stmt"/>
        <line num="187" count="2" type="cond" truecount="2" falsecount="0"/>
        <line num="188" count="2" type="cond" truecount="4" falsecount="0"/>
        <line num="189" count="1" type="stmt"/>
        <line num="190" count="1" type="stmt"/>
        <line num="191" count="1" type="stmt"/>
        <line num="195" count="277" type="stmt"/>
        <line num="196" count="5" type="cond" truecount="2" falsecount="0"/>
        <line num="197" count="1" type="stmt"/>
        <line num="198" count="1" type="stmt"/>
        <line num="200" count="4" type="cond" truecount="2" falsecount="0"/>
        <line num="201" count="3" type="stmt"/>
        <line num="202" count="3" type="stmt"/>
        <line num="204" count="4" type="cond" truecount="4" falsecount="0"/>
        <line num="205" count="3" type="cond" truecount="2" falsecount="0"/>
        <line num="206" count="3" type="cond" truecount="2" falsecount="0"/>
        <line num="207" count="2" type="stmt"/>
        <line num="210" count="4" type="stmt"/>
        <line num="211" count="4" type="stmt"/>
        <line num="214" count="277" type="cond" truecount="2" falsecount="0"/>
        <line num="215" count="277" type="cond" truecount="2" falsecount="0"/>
        <line num="217" count="277" type="stmt"/>
        <line num="230" count="3551" type="cond" truecount="2" falsecount="0"/>
        <line num="255" count="1110" type="cond" truecount="2" falsecount="0"/>
        <line num="293" count="1110" type="stmt"/>
        <line num="294" count="13120" type="stmt"/>
        <line num="295" count="13120" type="cond" truecount="2" falsecount="0"/>
        <line num="296" count="13120" type="stmt"/>
        <line num="298" count="13120" type="cond" truecount="2" falsecount="0"/>
        <line num="312" count="13120" type="stmt"/>
        <line num="321" count="37" type="stmt"/>
        <line num="325" count="11" type="stmt"/>
        <line num="326" count="11" type="stmt"/>
        <line num="331" count="2" type="cond" truecount="3" falsecount="1"/>
        <line num="332" count="2" type="stmt"/>
        <line num="333" count="2" type="stmt"/>
        <line num="336" count="8" type="cond" truecount="2" falsecount="0"/>
        <line num="337" count="2" type="cond" truecount="2" falsecount="0"/>
        <line num="338" count="5" type="cond" truecount="2" falsecount="0"/>
        <line num="347" count="98" type="stmt"/>
        <line num="348" count="98" type="stmt"/>
        <line num="349" count="98" type="cond" truecount="1" falsecount="1"/>
        <line num="352" count="98" type="cond" truecount="1" falsecount="1"/>
        <line num="355" count="98" type="stmt"/>
        <line num="373" count="98" type="stmt"/>
        <line num="375" count="5" type="cond" truecount="1" falsecount="1"/>
        <line num="378" count="5" type="cond" truecount="1" falsecount="1"/>
        <line num="381" count="5" type="stmt"/>
      </file>
      <file name="FretpointContextMenu.tsx" path="/Users/hannahgerber/Documents/code/basscore/src/components/CustomFretboardEditor/FretpointContextMenu.tsx">
        <metrics statements="14" coveredstatements="14" conditionals="10" coveredconditionals="8" methods="6" coveredmethods="6"/>
        <line num="9" count="2" type="stmt"/>
        <line num="22" count="23" type="stmt"/>
        <line num="24" count="23" type="stmt"/>
        <line num="25" count="18" type="cond" truecount="1" falsecount="1"/>
        <line num="26" count="18" type="cond" truecount="4" falsecount="0"/>
        <line num="27" count="12" type="stmt"/>
        <line num="29" count="6" type="stmt"/>
        <line num="33" count="23" type="stmt"/>
        <line num="34" count="1" type="stmt"/>
        <line num="35" count="1" type="stmt"/>
        <line num="38" count="23" type="stmt"/>
        <line num="52" count="1" type="stmt"/>
        <line num="58" count="1" type="stmt"/>
        <line num="69" count="2" type="stmt"/>
      </file>
      <file name="MobileFretboardMenu.tsx" path="/Users/hannahgerber/Documents/code/basscore/src/components/CustomFretboardEditor/MobileFretboardMenu.tsx">
        <metrics statements="36" coveredstatements="30" conditionals="29" coveredconditionals="14" methods="23" coveredmethods="15"/>
        <line num="9" count="2" type="stmt"/>
        <line num="15" count="2" type="stmt"/>
        <line num="29" count="58" type="stmt"/>
        <line num="30" count="58" type="stmt"/>
        <line num="31" count="58" type="stmt"/>
        <line num="32" count="58" type="stmt"/>
        <line num="34" count="58" type="stmt"/>
        <line num="35" count="1" type="stmt"/>
        <line num="36" count="1" type="stmt"/>
        <line num="37" count="1" type="stmt"/>
        <line num="40" count="58" type="stmt"/>
        <line num="41" count="2" type="stmt"/>
        <line num="42" count="2" type="stmt"/>
        <line num="45" count="58" type="stmt"/>
        <line num="46" count="2" type="stmt"/>
        <line num="47" count="2" type="cond" truecount="2" falsecount="0"/>
        <line num="48" count="2" type="stmt"/>
        <line num="51" count="58" type="stmt"/>
        <line num="52" count="1" type="stmt"/>
        <line num="53" count="1" type="cond" truecount="1" falsecount="1"/>
        <line num="54" count="1" type="stmt"/>
        <line num="55" count="1" type="stmt"/>
        <line num="58" count="58" type="stmt"/>
        <line num="63" count="15" type="stmt"/>
        <line num="76" count="0" type="cond" truecount="0" falsecount="2"/>
        <line num="89" count="0" type="cond" truecount="0" falsecount="2"/>
        <line num="95" count="10" type="stmt"/>
        <line num="98" count="0" type="cond" truecount="0" falsecount="3"/>
        <line num="109" count="4" type="stmt"/>
        <line num="112" count="0" type="cond" truecount="0" falsecount="3"/>
        <line num="123" count="0" type="stmt"/>
        <line num="135" count="1" type="stmt"/>
        <line num="152" count="12" type="stmt"/>
        <line num="157" count="2" type="stmt"/>
        <line num="158" count="0" type="cond" truecount="0" falsecount="3"/>
        <line num="167" count="2" type="stmt"/>
      </file>
    </package>
    <package name="components.Footer">
      <metrics statements="2" coveredstatements="2" conditionals="0" coveredconditionals="0" methods="1" coveredmethods="1"/>
      <file name="Footer.tsx" path="/Users/hannahgerber/Documents/code/basscore/src/components/Footer/Footer.tsx">
        <metrics statements="2" coveredstatements="2" conditionals="0" coveredconditionals="0" methods="1" coveredmethods="1"/>
        <line num="1" count="1" type="stmt"/>
        <line num="2" count="4" type="stmt"/>
      </file>
    </package>
    <package name="components.Fretboard">
      <metrics statements="10" coveredstatements="10" conditionals="2" coveredconditionals="2" methods="4" coveredmethods="4"/>
      <file name="Fretboard.tsx" path="/Users/hannahgerber/Documents/code/basscore/src/components/Fretboard/Fretboard.tsx">
        <metrics statements="10" coveredstatements="10" conditionals="2" coveredconditionals="2" methods="4" coveredmethods="4"/>
        <line num="10" count="3" type="stmt"/>
        <line num="11" count="51" type="stmt"/>
        <line num="12" count="51" type="stmt"/>
        <line num="13" count="51" type="stmt"/>
        <line num="15" count="51" type="stmt"/>
        <line num="16" count="51" type="cond" truecount="2" falsecount="0"/>
        <line num="17" count="45" type="stmt"/>
        <line num="20" count="51" type="stmt"/>
        <line num="29" count="336" type="stmt"/>
        <line num="42" count="204" type="stmt"/>
      </file>
    </package>
    <package name="components.Header">
      <metrics statements="24" coveredstatements="18" conditionals="5" coveredconditionals="2" methods="14" coveredmethods="8"/>
      <file name="Header.tsx" path="/Users/hannahgerber/Documents/code/basscore/src/components/Header/Header.tsx">
        <metrics statements="24" coveredstatements="18" conditionals="5" coveredconditionals="2" methods="14" coveredmethods="8"/>
        <line num="16" count="1" type="stmt"/>
        <line num="17" count="13" type="stmt"/>
        <line num="18" count="13" type="stmt"/>
        <line num="19" count="13" type="stmt"/>
        <line num="20" count="13" type="stmt"/>
        <line num="21" count="13" type="stmt"/>
        <line num="23" count="13" type="stmt"/>
        <line num="25" count="13" type="stmt"/>
        <line num="26" count="0" type="stmt"/>
        <line num="27" count="0" type="stmt"/>
        <line num="28" count="0" type="stmt"/>
        <line num="29" count="0" type="stmt"/>
        <line num="33" count="0" type="stmt"/>
        <line num="39" count="33" type="stmt"/>
        <line num="43" count="1" type="cond" truecount="1" falsecount="1"/>
        <line num="44" count="1" type="stmt"/>
        <line num="55" count="13" type="stmt"/>
        <line num="63" count="13" type="stmt"/>
        <line num="68" count="3" type="stmt"/>
        <line num="74" count="1" type="stmt"/>
        <line num="80" count="65" type="stmt"/>
        <line num="84" count="1" type="stmt"/>
        <line num="85" count="1" type="stmt"/>
        <line num="110" count="0" type="stmt"/>
      </file>
    </package>
    <package name="components.Home">
      <metrics statements="19" coveredstatements="19" conditionals="0" coveredconditionals="0" methods="7" coveredmethods="7"/>
      <file name="Home.tsx" path="/Users/hannahgerber/Documents/code/basscore/src/components/Home/Home.tsx">
        <metrics statements="17" coveredstatements="17" conditionals="0" coveredconditionals="0" methods="6" coveredmethods="6"/>
        <line num="7" count="1" type="stmt"/>
        <line num="8" count="9" type="stmt"/>
        <line num="9" count="9" type="stmt"/>
        <line num="10" count="27" type="stmt"/>
        <line num="12" count="9" type="stmt"/>
        <line num="13" count="9" type="stmt"/>
        <line num="15" count="9" type="stmt"/>
        <line num="21" count="9" type="stmt"/>
        <line num="28" count="9" type="stmt"/>
        <line num="29" count="9" type="stmt"/>
        <line num="31" count="9" type="stmt"/>
        <line num="34" count="9" type="stmt"/>
        <line num="41" count="9" type="stmt"/>
        <line num="42" count="9" type="stmt"/>
        <line num="44" count="9" type="stmt"/>
        <line num="47" count="9" type="stmt"/>
        <line num="54" count="9" type="stmt"/>
      </file>
      <file name="HomeContainer.tsx" path="/Users/hannahgerber/Documents/code/basscore/src/components/Home/HomeContainer.tsx">
        <metrics statements="2" coveredstatements="2" conditionals="0" coveredconditionals="0" methods="1" coveredmethods="1"/>
        <line num="7" count="1" type="stmt"/>
        <line num="8" count="4" type="stmt"/>
      </file>
    </package>
    <package name="components.Intervals">
      <metrics statements="24" coveredstatements="23" conditionals="5" coveredconditionals="4" methods="10" coveredmethods="10"/>
      <file name="Intervals.tsx" path="/Users/hannahgerber/Documents/code/basscore/src/components/Intervals/Intervals.tsx">
        <metrics statements="24" coveredstatements="23" conditionals="5" coveredconditionals="4" methods="10" coveredmethods="10"/>
        <line num="15" count="1" type="stmt"/>
        <line num="24" count="25" type="stmt"/>
        <line num="26" count="25" type="stmt"/>
        <line num="28" count="25" type="stmt"/>
        <line num="29" count="25" type="cond" truecount="3" falsecount="1"/>
        <line num="31" count="0" type="stmt"/>
        <line num="33" count="22" type="stmt"/>
        <line num="35" count="1" type="stmt"/>
        <line num="37" count="2" type="stmt"/>
        <line num="41" count="25" type="stmt"/>
        <line num="42" count="25" type="stmt"/>
        <line num="52" count="25" type="stmt"/>
        <line num="57" count="3" type="stmt"/>
        <line num="64" count="25" type="stmt"/>
        <line num="70" count="25" type="stmt"/>
        <line num="71" count="25" type="stmt"/>
        <line num="80" count="25" type="stmt"/>
        <line num="81" count="75" type="stmt"/>
        <line num="88" count="1" type="stmt"/>
        <line num="94" count="25" type="stmt"/>
        <line num="95" count="25" type="stmt"/>
        <line num="101" count="1" type="stmt"/>
        <line num="106" count="25" type="stmt"/>
        <line num="125" count="25" type="stmt"/>
      </file>
    </package>
    <package name="components.Metronome">
      <metrics statements="88" coveredstatements="87" conditionals="33" coveredconditionals="29" methods="26" coveredmethods="24"/>
      <file name="Metronome.tsx" path="/Users/hannahgerber/Documents/code/basscore/src/components/Metronome/Metronome.tsx">
        <metrics statements="70" coveredstatements="70" conditionals="29" coveredconditionals="25" methods="16" coveredmethods="16"/>
        <line num="4" count="1" type="stmt"/>
        <line num="5" count="35" type="stmt"/>
        <line num="6" count="35" type="stmt"/>
        <line num="8" count="35" type="stmt"/>
        <line num="11" count="35" type="stmt"/>
        <line num="12" count="35" type="stmt"/>
        <line num="14" count="35" type="stmt"/>
        <line num="15" count="35" type="stmt"/>
        <line num="16" count="35" type="stmt"/>
        <line num="17" count="35" type="stmt"/>
        <line num="18" count="35" type="stmt"/>
        <line num="20" count="35" type="stmt"/>
        <line num="21" count="19" type="stmt"/>
        <line num="24" count="35" type="stmt"/>
        <line num="25" count="16" type="stmt"/>
        <line num="26" count="16" type="stmt"/>
        <line num="28" count="16" type="stmt"/>
        <line num="29" count="16" type="stmt"/>
        <line num="31" count="16" type="stmt"/>
        <line num="32" count="16" type="stmt"/>
        <line num="34" count="16" type="stmt"/>
        <line num="35" count="32" type="stmt"/>
        <line num="37" count="16" type="stmt"/>
        <line num="38" count="16" type="stmt"/>
        <line num="40" count="16" type="stmt"/>
        <line num="41" count="16" type="stmt"/>
        <line num="45" count="35" type="stmt"/>
        <line num="46" count="7" type="stmt"/>
        <line num="47" count="7" type="stmt"/>
        <line num="48" count="7" type="cond" truecount="3" falsecount="1"/>
        <line num="50" count="7" type="stmt"/>
        <line num="51" count="7" type="stmt"/>
        <line num="52" count="7" type="cond" truecount="2" falsecount="0"/>
        <line num="54" count="7" type="cond" truecount="1" falsecount="1"/>
        <line num="56" count="7" type="stmt"/>
        <line num="57" count="7" type="stmt"/>
        <line num="58" count="7" type="stmt"/>
        <line num="59" count="7" type="stmt"/>
        <line num="61" count="7" type="stmt"/>
        <line num="62" count="7" type="stmt"/>
        <line num="63" count="7" type="stmt"/>
        <line num="66" count="35" type="stmt"/>
        <line num="67" count="17" type="cond" truecount="3" falsecount="1"/>
        <line num="68" count="17" type="stmt"/>
        <line num="77" count="35" type="stmt"/>
        <line num="78" count="17" type="stmt"/>
        <line num="82" count="35" type="stmt"/>
        <line num="83" count="19" type="stmt"/>
        <line num="85" count="19" type="stmt"/>
        <line num="89" count="35" type="stmt"/>
        <line num="90" count="23" type="stmt"/>
        <line num="91" count="23" type="cond" truecount="2" falsecount="0"/>
        <line num="92" count="5" type="stmt"/>
        <line num="93" count="5" type="stmt"/>
        <line num="94" count="5" type="cond" truecount="1" falsecount="1"/>
        <line num="97" count="5" type="cond" truecount="2" falsecount="0"/>
        <line num="98" count="1" type="stmt"/>
        <line num="102" count="5" type="cond" truecount="2" falsecount="0"/>
        <line num="103" count="1" type="stmt"/>
        <line num="108" count="5" type="stmt"/>
        <line num="109" count="5" type="stmt"/>
        <line num="113" count="18" type="cond" truecount="2" falsecount="0"/>
        <line num="114" count="1" type="stmt"/>
        <line num="115" count="1" type="stmt"/>
        <line num="117" count="18" type="stmt"/>
        <line num="119" count="18" type="stmt"/>
        <line num="124" count="35" type="stmt"/>
        <line num="126" count="35" type="stmt"/>
        <line num="130" count="157" type="cond" truecount="3" falsecount="0"/>
        <line num="131" count="157" type="stmt"/>
      </file>
      <file name="MetronomePage.tsx" path="/Users/hannahgerber/Documents/code/basscore/src/components/Metronome/MetronomePage.tsx">
        <metrics statements="18" coveredstatements="17" conditionals="4" coveredconditionals="4" methods="10" coveredmethods="8"/>
        <line num="11" count="1" type="stmt"/>
        <line num="12" count="21" type="stmt"/>
        <line num="13" count="21" type="stmt"/>
        <line num="14" count="21" type="stmt"/>
        <line num="15" count="21" type="stmt"/>
        <line num="16" count="21" type="stmt"/>
        <line num="17" count="21" type="stmt"/>
        <line num="19" count="21" type="stmt"/>
        <line num="20" count="12" type="stmt"/>
        <line num="21" count="12" type="stmt"/>
        <line num="22" count="12" type="stmt"/>
        <line num="23" count="12" type="stmt"/>
        <line num="26" count="21" type="stmt"/>
        <line num="39" count="0" type="stmt"/>
        <line num="50" count="2" type="stmt"/>
        <line num="65" count="1" type="stmt"/>
        <line num="78" count="1" type="stmt"/>
        <line num="96" count="5" type="stmt"/>
      </file>
    </package>
    <package name="components.Scales">
      <metrics statements="13" coveredstatements="12" conditionals="0" coveredconditionals="0" methods="7" coveredmethods="6"/>
      <file name="Scales.tsx" path="/Users/hannahgerber/Documents/code/basscore/src/components/Scales/Scales.tsx">
        <metrics statements="13" coveredstatements="12" conditionals="0" coveredconditionals="0" methods="7" coveredmethods="6"/>
        <line num="13" count="1" type="stmt"/>
        <line num="23" count="1" type="stmt"/>
        <line num="31" count="17" type="stmt"/>
        <line num="33" count="17" type="stmt"/>
        <line num="35" count="17" type="stmt"/>
        <line num="36" count="17" type="stmt"/>
        <line num="42" count="0" type="stmt"/>
        <line num="48" count="17" type="stmt"/>
        <line num="49" count="17" type="stmt"/>
        <line num="54" count="3" type="stmt"/>
        <line num="61" count="17" type="stmt"/>
        <line num="72" count="29" type="stmt"/>
        <line num="74" count="17" type="stmt"/>
      </file>
    </package>
    <package name="components.SidebarControls">
      <metrics statements="17" coveredstatements="15" conditionals="6" coveredconditionals="6" methods="8" coveredmethods="6"/>
      <file name="SidebarControls.tsx" path="/Users/hannahgerber/Documents/code/basscore/src/components/SidebarControls/SidebarControls.tsx">
        <metrics statements="17" coveredstatements="15" conditionals="6" coveredconditionals="6" methods="8" coveredmethods="6"/>
        <line num="8" count="1" type="stmt"/>
        <line num="18" count="1" type="stmt"/>
        <line num="28" count="1" type="stmt"/>
        <line num="29" count="20" type="stmt"/>
        <line num="40" count="20" type="stmt"/>
        <line num="42" count="20" type="cond" truecount="2" falsecount="0"/>
        <line num="43" count="5" type="stmt"/>
        <line num="50" count="0" type="stmt"/>
        <line num="59" count="1" type="stmt"/>
        <line num="66" count="15" type="cond" truecount="2" falsecount="0"/>
        <line num="67" count="14" type="stmt"/>
        <line num="74" count="0" type="stmt"/>
        <line num="83" count="1" type="stmt"/>
        <line num="90" count="1" type="stmt"/>
        <line num="97" count="1" type="stmt"/>
        <line num="103" count="1" type="stmt"/>
        <line num="110" count="1" type="stmt"/>
      </file>
    </package>
    <package name="components.Timer">
      <metrics statements="57" coveredstatements="57" conditionals="30" coveredconditionals="28" methods="22" coveredmethods="22"/>
      <file name="Timer.tsx" path="/Users/hannahgerber/Documents/code/basscore/src/components/Timer/Timer.tsx">
        <metrics statements="3" coveredstatements="3" conditionals="2" coveredconditionals="2" methods="1" coveredmethods="1"/>
        <line num="5" count="1" type="stmt"/>
        <line num="6" count="3" type="cond" truecount="2" falsecount="0"/>
        <line num="10" count="3" type="stmt"/>
      </file>
      <file name="TimerControls.tsx" path="/Users/hannahgerber/Documents/code/basscore/src/components/Timer/TimerControls.tsx">
        <metrics statements="54" coveredstatements="54" conditionals="28" coveredconditionals="26" methods="21" coveredmethods="21"/>
        <line num="5" count="186" type="stmt"/>
        <line num="7" count="1" type="stmt"/>
        <line num="8" count="98" type="stmt"/>
        <line num="10" count="98" type="stmt"/>
        <line num="11" count="98" type="stmt"/>
        <line num="12" count="98" type="stmt"/>
        <line num="13" count="98" type="stmt"/>
        <line num="15" count="98" type="stmt"/>
        <line num="17" count="98" type="stmt"/>
        <line num="18" count="10" type="stmt"/>
        <line num="19" count="10" type="cond" truecount="1" falsecount="1"/>
        <line num="20" count="10" type="stmt"/>
        <line num="21" count="10" type="stmt"/>
        <line num="24" count="98" type="stmt"/>
        <line num="25" count="5" type="stmt"/>
        <line num="26" count="5" type="stmt"/>
        <line num="27" count="5" type="cond" truecount="2" falsecount="0"/>
        <line num="30" count="98" type="stmt"/>
        <line num="31" count="7" type="stmt"/>
        <line num="32" count="7" type="stmt"/>
        <line num="33" count="7" type="cond" truecount="2" falsecount="0"/>
        <line num="34" count="7" type="cond" truecount="2" falsecount="0"/>
        <line num="35" count="3" type="stmt"/>
        <line num="38" count="98" type="stmt"/>
        <line num="39" count="3" type="stmt"/>
        <line num="40" count="3" type="cond" truecount="2" falsecount="0"/>
        <line num="41" count="3" type="cond" truecount="2" falsecount="0"/>
        <line num="42" count="1" type="stmt"/>
        <line num="45" count="98" type="stmt"/>
        <line num="46" count="8" type="cond" truecount="2" falsecount="0"/>
        <line num="47" count="7" type="stmt"/>
        <line num="48" count="7" type="stmt"/>
        <line num="50" count="8" type="stmt"/>
        <line num="53" count="98" type="stmt"/>
        <line num="54" count="3" type="stmt"/>
        <line num="55" count="3" type="cond" truecount="1" falsecount="1"/>
        <line num="58" count="98" type="stmt"/>
        <line num="59" count="2" type="stmt"/>
        <line num="60" count="2" type="stmt"/>
        <line num="61" count="2" type="stmt"/>
        <line num="62" count="2" type="stmt"/>
        <line num="65" count="98" type="stmt"/>
        <line num="66" count="16" type="cond" truecount="2" falsecount="0"/>
        <line num="67" count="16" type="stmt"/>
        <line num="70" count="98" type="stmt"/>
        <line num="81" count="2" type="stmt"/>
        <line num="82" count="4" type="stmt"/>
        <line num="83" count="2" type="stmt"/>
        <line num="94" count="3" type="stmt"/>
        <line num="95" count="3" type="stmt"/>
        <line num="96" count="1" type="stmt"/>
        <line num="100" count="4" type="stmt"/>
        <line num="103" count="11" type="stmt"/>
        <line num="106" count="1" type="stmt"/>
      </file>
    </package>
    <package name="contexts">
      <metrics statements="70" coveredstatements="70" conditionals="14" coveredconditionals="11" methods="16" coveredmethods="16"/>
      <file name="ControlsContext.tsx" path="/Users/hannahgerber/Documents/code/basscore/src/contexts/ControlsContext.tsx">
        <metrics statements="24" coveredstatements="24" conditionals="2" coveredconditionals="2" methods="4" coveredmethods="4"/>
        <line num="17" count="8" type="stmt"/>
        <line num="19" count="8" type="stmt"/>
        <line num="20" count="192" type="stmt"/>
        <line num="21" count="192" type="stmt"/>
        <line num="22" count="192" type="stmt"/>
        <line num="23" count="192" type="stmt"/>
        <line num="24" count="192" type="stmt"/>
        <line num="25" count="192" type="stmt"/>
        <line num="26" count="192" type="stmt"/>
        <line num="27" count="192" type="stmt"/>
        <line num="28" count="192" type="stmt"/>
        <line num="29" count="192" type="stmt"/>
        <line num="30" count="192" type="stmt"/>
        <line num="32" count="192" type="stmt"/>
        <line num="39" count="192" type="stmt"/>
        <line num="41" count="192" type="stmt"/>
        <line num="56" count="192" type="stmt"/>
        <line num="57" count="192" type="stmt"/>
        <line num="83" count="192" type="stmt"/>
        <line num="91" count="8" type="stmt"/>
        <line num="92" count="385" type="stmt"/>
        <line num="93" count="385" type="cond" truecount="2" falsecount="0"/>
        <line num="94" count="2" type="stmt"/>
        <line num="97" count="382" type="stmt"/>
      </file>
      <file name="TimerContext.tsx" path="/Users/hannahgerber/Documents/code/basscore/src/contexts/TimerContext.tsx">
        <metrics statements="46" coveredstatements="46" conditionals="12" coveredconditionals="9" methods="12" coveredmethods="12"/>
        <line num="13" count="3" type="stmt"/>
        <line num="15" count="3" type="stmt"/>
        <line num="16" count="118" type="stmt"/>
        <line num="17" count="118" type="stmt"/>
        <line num="18" count="118" type="stmt"/>
        <line num="19" count="118" type="stmt"/>
        <line num="20" count="118" type="stmt"/>
        <line num="22" count="220" type="stmt"/>
        <line num="26" count="118" type="stmt"/>
        <line num="28" count="118" type="stmt"/>
        <line num="29" count="81" type="cond" truecount="2" falsecount="0"/>
        <line num="31" count="69" type="cond" truecount="2" falsecount="0"/>
        <line num="32" count="69" type="stmt"/>
        <line num="34" count="12" type="stmt"/>
        <line num="35" count="11" type="cond" truecount="1" falsecount="1"/>
        <line num="36" count="11" type="cond" truecount="1" falsecount="1"/>
        <line num="38" count="12" type="stmt"/>
        <line num="41" count="118" type="stmt"/>
        <line num="42" count="10" type="stmt"/>
        <line num="43" count="10" type="stmt"/>
        <line num="44" count="10" type="stmt"/>
        <line num="45" count="10" type="stmt"/>
        <line num="48" count="118" type="stmt"/>
        <line num="49" count="6" type="cond" truecount="1" falsecount="1"/>
        <line num="50" count="6" type="stmt"/>
        <line num="51" count="6" type="stmt"/>
        <line num="52" count="6" type="stmt"/>
        <line num="53" count="6" type="stmt"/>
        <line num="56" count="118" type="stmt"/>
        <line num="57" count="1" type="stmt"/>
        <line num="58" count="1" type="stmt"/>
        <line num="59" count="1" type="stmt"/>
        <line num="60" count="1" type="stmt"/>
        <line num="61" count="1" type="stmt"/>
        <line num="64" count="118" type="stmt"/>
        <line num="65" count="5" type="stmt"/>
        <line num="66" count="5" type="stmt"/>
        <line num="67" count="5" type="stmt"/>
        <line num="68" count="5" type="stmt"/>
        <line num="71" count="118" type="stmt"/>
        <line num="72" count="110" type="stmt"/>
        <line num="86" count="118" type="stmt"/>
        <line num="90" count="3" type="stmt"/>
        <line num="91" count="121" type="stmt"/>
        <line num="92" count="121" type="cond" truecount="2" falsecount="0"/>
        <line num="93" count="118" type="stmt"/>
      </file>
    </package>
    <package name="helpers">
      <metrics statements="101" coveredstatements="98" conditionals="71" coveredconditionals="63" methods="21" coveredmethods="21"/>
      <file name="dataSets.ts" path="/Users/hannahgerber/Documents/code/basscore/src/helpers/dataSets.ts">
        <metrics statements="2" coveredstatements="2" conditionals="0" coveredconditionals="0" methods="0" coveredmethods="0"/>
        <line num="3" count="1" type="stmt"/>
        <line num="11" count="1" type="stmt"/>
      </file>
      <file name="fretboardHelpers.tsx" path="/Users/hannahgerber/Documents/code/basscore/src/helpers/fretboardHelpers.tsx">
        <metrics statements="48" coveredstatements="48" conditionals="16" coveredconditionals="16" methods="12" coveredmethods="12"/>
        <line num="3" count="6" type="stmt"/>
        <line num="5" count="6" type="stmt"/>
        <line num="6" count="78853" type="stmt"/>
        <line num="8" count="6" type="stmt"/>
        <line num="12" count="26045" type="stmt"/>
        <line num="13" count="26045" type="stmt"/>
        <line num="15" count="26045" type="stmt"/>
        <line num="20" count="6" type="stmt"/>
        <line num="21" count="52808" type="stmt"/>
        <line num="22" count="52808" type="stmt"/>
        <line num="24" count="52808" type="stmt"/>
        <line num="27" count="6" type="stmt"/>
        <line num="29" count="6" type="stmt"/>
        <line num="34" count="6" type="stmt"/>
        <line num="36" count="6" type="stmt"/>
        <line num="37" count="6" type="stmt"/>
        <line num="38" count="6" type="stmt"/>
        <line num="39" count="72" type="stmt"/>
        <line num="40" count="72" type="stmt"/>
        <line num="41" count="72" type="cond" truecount="2" falsecount="0"/>
        <line num="42" count="20" type="stmt"/>
        <line num="43" count="20" type="stmt"/>
        <line num="47" count="6" type="stmt"/>
        <line num="48" count="6" type="stmt"/>
        <line num="49" count="6" type="stmt"/>
        <line num="50" count="24" type="stmt"/>
        <line num="51" count="24" type="cond" truecount="2" falsecount="0"/>
        <line num="52" count="12" type="stmt"/>
        <line num="53" count="12" type="stmt"/>
        <line num="57" count="6" type="stmt"/>
        <line num="63" count="6" type="stmt"/>
        <line num="71" count="7" type="stmt"/>
        <line num="72" count="7" type="stmt"/>
        <line num="73" count="27" type="cond" truecount="2" falsecount="0"/>
        <line num="76" count="7" type="cond" truecount="2" falsecount="0"/>
        <line num="78" count="4" type="cond" truecount="2" falsecount="0"/>
        <line num="79" count="17" type="cond" truecount="2" falsecount="0"/>
        <line num="82" count="2" type="stmt"/>
        <line num="83" count="2" type="cond" truecount="2" falsecount="0"/>
        <line num="84" count="6" type="cond" truecount="2" falsecount="0"/>
        <line num="87" count="1" type="stmt"/>
        <line num="90" count="6" type="stmt"/>
        <line num="94" count="286" type="stmt"/>
        <line num="98" count="48" type="stmt"/>
        <line num="99" count="286" type="stmt"/>
        <line num="101" count="48" type="stmt"/>
        <line num="102" count="286" type="stmt"/>
        <line num="103" count="286" type="stmt"/>
      </file>
      <file name="fretpoints.tsx" path="/Users/hannahgerber/Documents/code/basscore/src/helpers/fretpoints.tsx">
        <metrics statements="51" coveredstatements="48" conditionals="55" coveredconditionals="47" methods="9" coveredmethods="9"/>
        <line num="9" count="3" type="stmt"/>
        <line num="10" count="24" type="stmt"/>
        <line num="11" count="24" type="stmt"/>
        <line num="17" count="24" type="stmt"/>
        <line num="18" count="24" type="cond" truecount="7" falsecount="0"/>
        <line num="20" count="15" type="stmt"/>
        <line num="27" count="2" type="stmt"/>
        <line num="34" count="1" type="stmt"/>
        <line num="41" count="1" type="stmt"/>
        <line num="48" count="1" type="stmt"/>
        <line num="55" count="2" type="stmt"/>
        <line num="62" count="2" type="stmt"/>
        <line num="71" count="24" type="stmt"/>
        <line num="72" count="24" type="stmt"/>
        <line num="73" count="24" type="cond" truecount="1" falsecount="1"/>
        <line num="74" count="24" type="stmt"/>
        <line num="76" count="96" type="stmt"/>
        <line num="77" count="288" type="cond" truecount="2" falsecount="0"/>
        <line num="78" count="102" type="stmt"/>
        <line num="84" count="186" type="stmt"/>
        <line num="89" count="24" type="stmt"/>
        <line num="92" count="24" type="stmt"/>
        <line num="95" count="3" type="stmt"/>
        <line num="101" count="30" type="stmt"/>
        <line num="102" count="30" type="cond" truecount="7" falsecount="1"/>
        <line num="104" count="23" type="cond" truecount="1" falsecount="1"/>
        <line num="106" count="1" type="cond" truecount="1" falsecount="1"/>
        <line num="108" count="1" type="stmt"/>
        <line num="110" count="1" type="cond" truecount="1" falsecount="1"/>
        <line num="112" count="1" type="cond" truecount="1" falsecount="1"/>
        <line num="114" count="2" type="cond" truecount="2" falsecount="0"/>
        <line num="116" count="1" type="stmt"/>
        <line num="118" count="0" type="stmt"/>
        <line num="122" count="30" type="stmt"/>
        <line num="123" count="30" type="cond" truecount="7" falsecount="1"/>
        <line num="127" count="25" type="stmt"/>
        <line num="130" count="2" type="stmt"/>
        <line num="132" count="2" type="cond" truecount="2" falsecount="0"/>
        <line num="134" count="1" type="stmt"/>
        <line num="136" count="0" type="stmt"/>
        <line num="140" count="30" type="stmt"/>
        <line num="141" count="28" type="cond" truecount="7" falsecount="1"/>
        <line num="145" count="23" type="stmt"/>
        <line num="148" count="2" type="stmt"/>
        <line num="150" count="2" type="cond" truecount="2" falsecount="0"/>
        <line num="152" count="1" type="stmt"/>
        <line num="154" count="0" type="stmt"/>
        <line num="158" count="30" type="stmt"/>
        <line num="159" count="30" type="stmt"/>
        <line num="164" count="30" type="cond" truecount="2" falsecount="0"/>
        <line num="168" count="30" type="cond" truecount="2" falsecount="0"/>
      </file>
    </package>
    <package name="hooks">
      <metrics statements="32" coveredstatements="32" conditionals="4" coveredconditionals="4" methods="12" coveredmethods="12"/>
      <file name="useCustomFretboardHistory.ts" path="/Users/hannahgerber/Documents/code/basscore/src/hooks/useCustomFretboardHistory.ts">
        <metrics statements="23" coveredstatements="23" conditionals="4" coveredconditionals="4" methods="7" coveredmethods="7"/>
        <line num="9" count="1" type="stmt"/>
        <line num="10" count="243" type="stmt"/>
        <line num="11" count="243" type="stmt"/>
        <line num="12" count="243" type="stmt"/>
        <line num="14" count="243" type="stmt"/>
        <line num="15" count="37" type="stmt"/>
        <line num="16" count="37" type="stmt"/>
        <line num="17" count="37" type="stmt"/>
        <line num="20" count="243" type="stmt"/>
        <line num="21" count="6" type="cond" truecount="2" falsecount="0"/>
        <line num="22" count="5" type="stmt"/>
        <line num="23" count="5" type="stmt"/>
        <line num="24" count="5" type="stmt"/>
        <line num="25" count="5" type="stmt"/>
        <line num="26" count="5" type="stmt"/>
        <line num="29" count="243" type="stmt"/>
        <line num="30" count="3" type="cond" truecount="2" falsecount="0"/>
        <line num="31" count="2" type="stmt"/>
        <line num="32" count="2" type="stmt"/>
        <line num="33" count="2" type="stmt"/>
        <line num="34" count="2" type="stmt"/>
        <line num="35" count="2" type="stmt"/>
        <line num="38" count="243" type="stmt"/>
      </file>
      <file name="useIsMobile.ts" path="/Users/hannahgerber/Documents/code/basscore/src/hooks/useIsMobile.ts">
        <metrics statements="9" coveredstatements="9" conditionals="0" coveredconditionals="0" methods="5" coveredmethods="5"/>
        <line num="3" count="1" type="stmt"/>
        <line num="5" count="1" type="stmt"/>
        <line num="6" count="5" type="stmt"/>
        <line num="8" count="5" type="stmt"/>
        <line num="9" count="4" type="stmt"/>
        <line num="10" count="4" type="stmt"/>
        <line num="11" count="4" type="stmt"/>
        <line num="12" count="4" type="stmt"/>
        <line num="15" count="5" type="stmt"/>
      </file>
    </package>
    <package name="services">
      <metrics statements="21" coveredstatements="21" conditionals="4" coveredconditionals="4" methods="12" coveredmethods="12"/>
      <file name="customFretboardService.ts" path="/Users/hannahgerber/Documents/code/basscore/src/services/customFretboardService.ts">
        <metrics statements="21" coveredstatements="21" conditionals="4" coveredconditionals="4" methods="12" coveredmethods="12"/>
        <line num="3" count="1" type="stmt"/>
        <line num="5" count="1" type="stmt"/>
        <line num="6" count="24" type="cond" truecount="2" falsecount="0"/>
        <line num="8" count="1" type="stmt"/>
        <line num="9" count="8" type="stmt"/>
        <line num="11" count="9" type="stmt"/>
        <line num="13" count="1" type="stmt"/>
        <line num="14" count="5" type="stmt"/>
        <line num="16" count="1" type="stmt"/>
        <line num="17" count="2" type="stmt"/>
        <line num="19" count="1" type="stmt"/>
        <line num="22" count="3" type="stmt"/>
        <line num="23" count="3" type="stmt"/>
        <line num="29" count="3" type="stmt"/>
        <line num="30" count="3" type="stmt"/>
        <line num="33" count="1" type="stmt"/>
        <line num="37" count="3" type="stmt"/>
        <line num="38" count="4" type="cond" truecount="2" falsecount="0"/>
        <line num="40" count="3" type="stmt"/>
        <line num="43" count="1" type="stmt"/>
        <line num="44" count="3" type="stmt"/>
      </file>
    </package>
    <package name="types">
      <metrics statements="0" coveredstatements="0" conditionals="0" coveredconditionals="0" methods="0" coveredmethods="0"/>
      <file name="types.ts" path="/Users/hannahgerber/Documents/code/basscore/src/types/types.ts">
        <metrics statements="0" coveredstatements="0" conditionals="0" coveredconditionals="0" methods="0" coveredmethods="0"/>
      </file>
    </package>
  </project>
</coverage>
