<?xml version="1.0" encoding="UTF-8"?>
<coverage generated="1777326603351" clover="3.2.0">
  <project timestamp="1777326603351" name="All files">
    <metrics statements="727" coveredstatements="601" conditionals="336" coveredconditionals="215" methods="242" coveredmethods="184" elements="1305" coveredelements="1000" complexity="0" loc="727" ncloc="727" packages="18" files="25" classes="25"/>
    <package name="assets">
      <metrics statements="0" coveredstatements="0" conditionals="0" coveredconditionals="0" methods="0" coveredmethods="0"/>
      <file name="logo.png" path="/Users/hannahgerber/Documents/code/basscore/src/assets/logo.png">
        <metrics statements="0" coveredstatements="0" conditionals="0" coveredconditionals="0" methods="0" coveredmethods="0"/>
      </file>
    </package>
    <package name="components.BCTooltip">
      <metrics statements="9" coveredstatements="9" conditionals="2" coveredconditionals="2" methods="5" coveredmethods="5"/>
      <file name="BCTooltip.tsx" path="/Users/hannahgerber/Documents/code/basscore/src/components/BCTooltip/BCTooltip.tsx">
        <metrics statements="9" coveredstatements="9" conditionals="2" coveredconditionals="2" methods="5" coveredmethods="5"/>
        <line num="5" count="1" type="stmt"/>
        <line num="6" count="7" type="stmt"/>
        <line num="8" count="7" type="stmt"/>
        <line num="9" count="5" type="stmt"/>
        <line num="10" count="5" type="stmt"/>
        <line num="11" count="5" type="stmt"/>
        <line num="12" count="5" type="stmt"/>
        <line num="15" count="7" type="cond" truecount="2" falsecount="0"/>
        <line num="16" count="4" type="stmt"/>
      </file>
    </package>
    <package name="components.ControlPanel">
      <metrics statements="11" coveredstatements="11" conditionals="5" coveredconditionals="5" methods="5" coveredmethods="5"/>
      <file name="ControlPanel.tsx" path="/Users/hannahgerber/Documents/code/basscore/src/components/ControlPanel/ControlPanel.tsx">
        <metrics statements="11" coveredstatements="11" conditionals="5" coveredconditionals="5" methods="5" coveredmethods="5"/>
        <line num="5" count="4" type="stmt"/>
        <line num="6" count="181" type="stmt"/>
        <line num="7" count="181" type="stmt"/>
        <line num="8" count="181" type="stmt"/>
        <line num="9" count="821" type="cond" truecount="5" falsecount="0"/>
        <line num="10" count="1" type="stmt"/>
        <line num="13" count="1" type="stmt"/>
        <line num="18" count="820" type="stmt"/>
        <line num="19" count="820" type="stmt"/>
        <line num="24" count="974" type="stmt"/>
        <line num="32" count="181" type="stmt"/>
      </file>
    </package>
    <package name="components.CustomFretboardEditor">
      <metrics statements="239" coveredstatements="181" conditionals="155" coveredconditionals="103" methods="77" coveredmethods="54"/>
      <file name="CustomFretboard.tsx" path="/Users/hannahgerber/Documents/code/basscore/src/components/CustomFretboardEditor/CustomFretboard.tsx">
        <metrics statements="190" coveredstatements="132" conditionals="119" coveredconditionals="69" methods="60" coveredmethods="37"/>
        <line num="18" count="1" type="stmt"/>
        <line num="26" count="1" type="stmt"/>
        <line num="32" count="1" type="stmt"/>
        <line num="33" count="1" type="cond" truecount="0" falsecount="2"/>
        <line num="35" count="1" type="stmt"/>
        <line num="36" count="134" type="stmt"/>
        <line num="38" count="134" type="stmt"/>
        <line num="42" count="134" type="stmt"/>
        <line num="44" count="134" type="stmt"/>
        <line num="45" count="134" type="stmt"/>
        <line num="46" count="134" type="stmt"/>
        <line num="47" count="134" type="stmt"/>
        <line num="48" count="134" type="stmt"/>
        <line num="49" count="134" type="stmt"/>
        <line num="50" count="134" type="stmt"/>
        <line num="51" count="134" type="stmt"/>
        <line num="53" count="134" type="stmt"/>
        <line num="54" count="134" type="stmt"/>
        <line num="56" count="134" type="stmt"/>
        <line num="57" count="33" type="stmt"/>
        <line num="60" count="134" type="stmt"/>
        <line num="61" count="2" type="cond" truecount="1" falsecount="1"/>
        <line num="62" count="2" type="stmt"/>
        <line num="63" count="2" type="stmt"/>
        <line num="64" count="2" type="stmt"/>
        <line num="67" count="134" type="stmt"/>
        <line num="68" count="134" type="stmt"/>
        <line num="69" count="27" type="cond" truecount="5" falsecount="0"/>
        <line num="70" count="1" type="stmt"/>
        <line num="71" count="1" type="stmt"/>
        <line num="73" count="26" type="cond" truecount="4" falsecount="0"/>
        <line num="74" count="2" type="stmt"/>
        <line num="75" count="2" type="stmt"/>
        <line num="77" count="24" type="cond" truecount="4" falsecount="0"/>
        <line num="78" count="1" type="stmt"/>
        <line num="81" count="134" type="stmt"/>
        <line num="82" count="134" type="stmt"/>
        <line num="85" count="134" type="stmt"/>
        <line num="86" count="55" type="stmt"/>
        <line num="87" count="42" type="cond" truecount="2" falsecount="0"/>
        <line num="88" count="11" type="stmt"/>
        <line num="89" count="11" type="cond" truecount="2" falsecount="0"/>
        <line num="90" count="7" type="cond" truecount="2" falsecount="0"/>
        <line num="91" count="1" type="stmt"/>
        <line num="94" count="42" type="cond" truecount="1" falsecount="1"/>
        <line num="95" count="1" type="stmt"/>
        <line num="97" count="55" type="stmt"/>
        <line num="98" count="55" type="stmt"/>
        <line num="101" count="134" type="stmt"/>
        <line num="102" count="32" type="stmt"/>
        <line num="106" count="134" type="stmt"/>
        <line num="107" count="20" type="cond" truecount="2" falsecount="0"/>
        <line num="109" count="20" type="cond" truecount="2" falsecount="0"/>
        <line num="110" count="1" type="cond" truecount="1" falsecount="1"/>
        <line num="111" count="1" type="stmt"/>
        <line num="113" count="0" type="cond" truecount="0" falsecount="2"/>
        <line num="115" count="1" type="stmt"/>
        <line num="118" count="19" type="cond" truecount="2" falsecount="0"/>
        <line num="119" count="2" type="stmt"/>
        <line num="121" count="17" type="stmt"/>
        <line num="127" count="17" type="stmt"/>
        <line num="128" count="17" type="stmt"/>
        <line num="132" count="134" type="stmt"/>
        <line num="133" count="2" type="stmt"/>
        <line num="134" count="2" type="cond" truecount="1" falsecount="1"/>
        <line num="135" count="2" type="stmt"/>
        <line num="144" count="134" type="stmt"/>
        <line num="146" count="134" type="stmt"/>
        <line num="147" count="20" type="cond" truecount="4" falsecount="0"/>
        <line num="148" count="1" type="stmt"/>
        <line num="149" count="1" type="stmt"/>
        <line num="150" count="1" type="stmt"/>
        <line num="152" count="1" type="stmt"/>
        <line num="155" count="1" type="cond" truecount="1" falsecount="1"/>
        <line num="161" count="20" type="stmt"/>
        <line num="162" count="1" type="cond" truecount="1" falsecount="2"/>
        <line num="165" count="20" type="stmt"/>
        <line num="166" count="20" type="stmt"/>
        <line num="168" count="20" type="cond" truecount="1" falsecount="1"/>
        <line num="169" count="1" type="stmt"/>
        <line num="170" count="1" type="stmt"/>
        <line num="172" count="0" type="stmt"/>
        <line num="180" count="0" type="cond" truecount="0" falsecount="2"/>
        <line num="181" count="0" type="stmt"/>
        <line num="182" count="0" type="stmt"/>
        <line num="186" count="1" type="stmt"/>
        <line num="195" count="134" type="stmt"/>
        <line num="196" count="21" type="cond" truecount="2" falsecount="0"/>
        <line num="197" count="2" type="stmt"/>
        <line num="198" count="2" type="cond" truecount="5" falsecount="0"/>
        <line num="199" count="1" type="stmt"/>
        <line num="200" count="1" type="cond" truecount="1" falsecount="1"/>
        <line num="204" count="1" type="stmt"/>
        <line num="205" count="1" type="stmt"/>
        <line num="207" count="2" type="stmt"/>
        <line num="210" count="134" type="stmt"/>
        <line num="211" count="0" type="cond" truecount="0" falsecount="2"/>
        <line num="212" count="0" type="cond" truecount="0" falsecount="2"/>
        <line num="213" count="0" type="stmt"/>
        <line num="214" count="0" type="cond" truecount="0" falsecount="2"/>
        <line num="215" count="0" type="stmt"/>
        <line num="217" count="0" type="stmt"/>
        <line num="218" count="0" type="cond" truecount="0" falsecount="4"/>
        <line num="219" count="0" type="stmt"/>
        <line num="224" count="134" type="stmt"/>
        <line num="225" count="0" type="stmt"/>
        <line num="226" count="0" type="stmt"/>
        <line num="229" count="134" type="stmt"/>
        <line num="230" count="1" type="stmt"/>
        <line num="231" count="1" type="stmt"/>
        <line num="234" count="134" type="stmt"/>
        <line num="235" count="1" type="stmt"/>
        <line num="236" count="1" type="stmt"/>
        <line num="237" count="1" type="cond" truecount="2" falsecount="2"/>
        <line num="239" count="1" type="stmt"/>
        <line num="242" count="134" type="stmt"/>
        <line num="243" count="4" type="cond" truecount="2" falsecount="0"/>
        <line num="245" count="134" type="stmt"/>
        <line num="246" count="1" type="stmt"/>
        <line num="247" count="1" type="cond" truecount="1" falsecount="1"/>
        <line num="248" count="1" type="stmt"/>
        <line num="249" count="1" type="cond" truecount="1" falsecount="1"/>
        <line num="250" count="0" type="stmt"/>
        <line num="256" count="1" type="stmt"/>
        <line num="258" count="1" type="stmt"/>
        <line num="259" count="1" type="stmt"/>
        <line num="262" count="134" type="stmt"/>
        <line num="263" count="0" type="stmt"/>
        <line num="264" count="0" type="cond" truecount="0" falsecount="2"/>
        <line num="265" count="0" type="stmt"/>
        <line num="266" count="0" type="stmt"/>
        <line num="267" count="0" type="stmt"/>
        <line num="270" count="134" type="stmt"/>
        <line num="271" count="0" type="stmt"/>
        <line num="272" count="0" type="stmt"/>
        <line num="273" count="0" type="cond" truecount="0" falsecount="2"/>
        <line num="276" count="134" type="stmt"/>
        <line num="277" count="2" type="cond" truecount="2" falsecount="0"/>
        <line num="279" count="134" type="stmt"/>
        <line num="280" count="0" type="stmt"/>
        <line num="281" count="0" type="cond" truecount="0" falsecount="2"/>
        <line num="283" count="0" type="stmt"/>
        <line num="284" count="0" type="cond" truecount="0" falsecount="2"/>
        <line num="288" count="0" type="stmt"/>
        <line num="289" count="0" type="cond" truecount="0" falsecount="2"/>
        <line num="291" count="0" type="stmt"/>
        <line num="292" count="0" type="stmt"/>
        <line num="294" count="0" type="stmt"/>
        <line num="295" count="0" type="stmt"/>
        <line num="296" count="0" type="stmt"/>
        <line num="301" count="0" type="stmt"/>
        <line num="302" count="0" type="stmt"/>
        <line num="304" count="0" type="stmt"/>
        <line num="305" count="0" type="stmt"/>
        <line num="306" count="0" type="stmt"/>
        <line num="307" count="0" type="stmt"/>
        <line num="308" count="0" type="stmt"/>
        <line num="309" count="0" type="stmt"/>
        <line num="310" count="0" type="stmt"/>
        <line num="311" count="0" type="stmt"/>
        <line num="312" count="0" type="stmt"/>
        <line num="313" count="0" type="stmt"/>
        <line num="314" count="0" type="stmt"/>
        <line num="317" count="134" type="stmt"/>
        <line num="319" count="134" type="stmt"/>
        <line num="320" count="55" type="cond" truecount="1" falsecount="1"/>
        <line num="321" count="55" type="cond" truecount="2" falsecount="0"/>
        <line num="322" count="38" type="stmt"/>
        <line num="325" count="134" type="cond" truecount="2" falsecount="0"/>
        <line num="330" count="134" type="cond" truecount="2" falsecount="0"/>
        <line num="333" count="134" type="stmt"/>
        <line num="335" count="134" type="stmt"/>
        <line num="345" count="0" type="cond" truecount="0" falsecount="2"/>
        <line num="360" count="1" type="cond" truecount="2" falsecount="0"/>
        <line num="370" count="0" type="stmt"/>
        <line num="376" count="0" type="stmt"/>
        <line num="393" count="1" type="stmt"/>
        <line num="407" count="0" type="stmt"/>
        <line num="416" count="0" type="cond" truecount="0" falsecount="2"/>
        <line num="423" count="0" type="cond" truecount="0" falsecount="2"/>
        <line num="446" count="1" type="stmt"/>
        <line num="447" count="1" type="stmt"/>
        <line num="456" count="134" type="stmt"/>
        <line num="489" count="0" type="stmt"/>
        <line num="495" count="1" type="stmt"/>
        <line num="507" count="22" type="stmt"/>
        <line num="522" count="0" type="stmt"/>
        <line num="528" count="1" type="stmt"/>
        <line num="530" count="0" type="stmt"/>
        <line num="536" count="0" type="stmt"/>
      </file>
      <file name="CustomFretboardEditor.tsx" path="/Users/hannahgerber/Documents/code/basscore/src/components/CustomFretboardEditor/CustomFretboardEditor.tsx">
        <metrics statements="49" coveredstatements="49" conditionals="36" coveredconditionals="34" methods="17" coveredmethods="17"/>
        <line num="20" count="1" type="stmt"/>
        <line num="22" count="1" type="stmt"/>
        <line num="23" count="5" type="stmt"/>
        <line num="24" count="5" type="cond" truecount="2" falsecount="0"/>
        <line num="25" count="2" type="stmt"/>
        <line num="26" count="2" type="stmt"/>
        <line num="27" count="2" type="stmt"/>
        <line num="28" count="6" type="cond" truecount="2" falsecount="0"/>
        <line num="29" count="2" type="stmt"/>
        <line num="30" count="2" type="cond" truecount="2" falsecount="0"/>
        <line num="33" count="1" type="stmt"/>
        <line num="46" count="155" type="stmt"/>
        <line num="47" count="155" type="stmt"/>
        <line num="49" count="155" type="stmt"/>
        <line num="50" count="54" type="stmt"/>
        <line num="51" count="54" type="stmt"/>
        <line num="52" count="54" type="stmt"/>
        <line num="53" count="54" type="stmt"/>
        <line num="55" count="54" type="stmt"/>
        <line num="56" count="648" type="cond" truecount="2" falsecount="0"/>
        <line num="57" count="648" type="stmt"/>
        <line num="59" count="648" type="cond" truecount="2" falsecount="0"/>
        <line num="60" count="216" type="stmt"/>
        <line num="69" count="432" type="cond" truecount="2" falsecount="0"/>
        <line num="70" count="54" type="stmt"/>
        <line num="88" count="54" type="stmt"/>
        <line num="91" count="155" type="stmt"/>
        <line num="104" count="2015" type="stmt"/>
        <line num="117" count="622" type="stmt"/>
        <line num="143" count="622" type="stmt"/>
        <line num="144" count="7464" type="stmt"/>
        <line num="145" count="7464" type="cond" truecount="2" falsecount="0"/>
        <line num="146" count="7464" type="stmt"/>
        <line num="147" count="7464" type="stmt"/>
        <line num="159" count="21" type="stmt"/>
        <line num="163" count="3" type="stmt"/>
        <line num="164" count="3" type="stmt"/>
        <line num="169" count="2" type="cond" truecount="3" falsecount="1"/>
        <line num="170" count="2" type="stmt"/>
        <line num="171" count="2" type="stmt"/>
        <line num="182" count="41" type="stmt"/>
        <line num="183" count="41" type="stmt"/>
        <line num="184" count="41" type="stmt"/>
        <line num="185" count="41" type="stmt"/>
        <line num="186" count="41" type="stmt"/>
        <line num="204" count="41" type="stmt"/>
        <line num="206" count="5" type="stmt"/>
        <line num="207" count="5" type="stmt"/>
        <line num="208" count="5" type="stmt"/>
      </file>
    </package>
    <package name="components.Footer">
      <metrics statements="2" coveredstatements="2" conditionals="0" coveredconditionals="0" methods="1" coveredmethods="1"/>
      <file name="Footer.tsx" path="/Users/hannahgerber/Documents/code/basscore/src/components/Footer/Footer.tsx">
        <metrics statements="2" coveredstatements="2" conditionals="0" coveredconditionals="0" methods="1" coveredmethods="1"/>
        <line num="1" count="1" type="stmt"/>
        <line num="2" count="4" type="stmt"/>
      </file>
    </package>
    <package name="components.Fretboard">
      <metrics statements="10" coveredstatements="10" conditionals="2" coveredconditionals="2" methods="4" coveredmethods="4"/>
      <file name="Fretboard.tsx" path="/Users/hannahgerber/Documents/code/basscore/src/components/Fretboard/Fretboard.tsx">
        <metrics statements="10" coveredstatements="10" conditionals="2" coveredconditionals="2" methods="4" coveredmethods="4"/>
        <line num="10" count="3" type="stmt"/>
        <line num="11" count="45" type="stmt"/>
        <line num="12" count="45" type="stmt"/>
        <line num="13" count="45" type="stmt"/>
        <line num="15" count="45" type="stmt"/>
        <line num="16" count="45" type="cond" truecount="2" falsecount="0"/>
        <line num="17" count="39" type="stmt"/>
        <line num="20" count="45" type="stmt"/>
        <line num="29" count="292" type="stmt"/>
        <line num="42" count="180" type="stmt"/>
      </file>
    </package>
    <package name="components.Header">
      <metrics statements="24" coveredstatements="15" conditionals="5" coveredconditionals="1" methods="14" coveredmethods="5"/>
      <file name="Header.tsx" path="/Users/hannahgerber/Documents/code/basscore/src/components/Header/Header.tsx">
        <metrics statements="24" coveredstatements="15" conditionals="5" coveredconditionals="1" methods="14" coveredmethods="5"/>
        <line num="16" count="1" type="stmt"/>
        <line num="17" count="8" type="stmt"/>
        <line num="18" count="8" type="stmt"/>
        <line num="19" count="8" type="stmt"/>
        <line num="20" count="8" type="stmt"/>
        <line num="21" count="8" type="stmt"/>
        <line num="23" count="8" type="stmt"/>
        <line num="25" count="8" type="stmt"/>
        <line num="26" count="0" type="stmt"/>
        <line num="27" count="0" type="stmt"/>
        <line num="28" count="0" type="stmt"/>
        <line num="29" count="0" type="stmt"/>
        <line num="33" count="0" type="stmt"/>
        <line num="39" count="19" type="stmt"/>
        <line num="43" count="0" type="cond" truecount="0" falsecount="2"/>
        <line num="44" count="0" type="stmt"/>
        <line num="55" count="8" type="stmt"/>
        <line num="63" count="8" type="stmt"/>
        <line num="68" count="2" type="stmt"/>
        <line num="74" count="0" type="stmt"/>
        <line num="80" count="40" type="stmt"/>
        <line num="84" count="1" type="stmt"/>
        <line num="85" count="1" type="stmt"/>
        <line num="110" count="0" type="stmt"/>
      </file>
    </package>
    <package name="components.Home">
      <metrics statements="19" coveredstatements="19" conditionals="0" coveredconditionals="0" methods="7" coveredmethods="7"/>
      <file name="Home.tsx" path="/Users/hannahgerber/Documents/code/basscore/src/components/Home/Home.tsx">
        <metrics statements="17" coveredstatements="17" conditionals="0" coveredconditionals="0" methods="6" coveredmethods="6"/>
        <line num="7" count="1" type="stmt"/>
        <line num="8" count="9" type="stmt"/>
        <line num="9" count="9" type="stmt"/>
        <line num="10" count="27" type="stmt"/>
        <line num="12" count="9" type="stmt"/>
        <line num="13" count="9" type="stmt"/>
        <line num="15" count="9" type="stmt"/>
        <line num="21" count="9" type="stmt"/>
        <line num="28" count="9" type="stmt"/>
        <line num="29" count="9" type="stmt"/>
        <line num="31" count="9" type="stmt"/>
        <line num="34" count="9" type="stmt"/>
        <line num="41" count="9" type="stmt"/>
        <line num="42" count="9" type="stmt"/>
        <line num="44" count="9" type="stmt"/>
        <line num="47" count="9" type="stmt"/>
        <line num="54" count="9" type="stmt"/>
      </file>
      <file name="HomeContainer.tsx" path="/Users/hannahgerber/Documents/code/basscore/src/components/Home/HomeContainer.tsx">
        <metrics statements="2" coveredstatements="2" conditionals="0" coveredconditionals="0" methods="1" coveredmethods="1"/>
        <line num="7" count="1" type="stmt"/>
        <line num="8" count="4" type="stmt"/>
      </file>
    </package>
    <package name="components.Intervals">
      <metrics statements="24" coveredstatements="21" conditionals="5" coveredconditionals="4" methods="10" coveredmethods="8"/>
      <file name="Intervals.tsx" path="/Users/hannahgerber/Documents/code/basscore/src/components/Intervals/Intervals.tsx">
        <metrics statements="24" coveredstatements="21" conditionals="5" coveredconditionals="4" methods="10" coveredmethods="8"/>
        <line num="15" count="1" type="stmt"/>
        <line num="24" count="19" type="stmt"/>
        <line num="26" count="19" type="stmt"/>
        <line num="28" count="19" type="stmt"/>
        <line num="29" count="19" type="cond" truecount="3" falsecount="1"/>
        <line num="31" count="0" type="stmt"/>
        <line num="33" count="16" type="stmt"/>
        <line num="35" count="1" type="stmt"/>
        <line num="37" count="2" type="stmt"/>
        <line num="41" count="19" type="stmt"/>
        <line num="42" count="19" type="stmt"/>
        <line num="52" count="19" type="stmt"/>
        <line num="57" count="3" type="stmt"/>
        <line num="64" count="19" type="stmt"/>
        <line num="70" count="19" type="stmt"/>
        <line num="71" count="19" type="stmt"/>
        <line num="80" count="19" type="stmt"/>
        <line num="81" count="57" type="stmt"/>
        <line num="88" count="0" type="stmt"/>
        <line num="94" count="19" type="stmt"/>
        <line num="95" count="19" type="stmt"/>
        <line num="101" count="0" type="stmt"/>
        <line num="106" count="19" type="stmt"/>
        <line num="125" count="19" type="stmt"/>
      </file>
    </package>
    <package name="components.Metronome">
      <metrics statements="88" coveredstatements="82" conditionals="33" coveredconditionals="25" methods="26" coveredmethods="21"/>
      <file name="Metronome.tsx" path="/Users/hannahgerber/Documents/code/basscore/src/components/Metronome/Metronome.tsx">
        <metrics statements="70" coveredstatements="68" conditionals="29" coveredconditionals="22" methods="16" coveredmethods="16"/>
        <line num="4" count="1" type="stmt"/>
        <line num="5" count="16" type="stmt"/>
        <line num="6" count="16" type="stmt"/>
        <line num="8" count="16" type="stmt"/>
        <line num="11" count="16" type="stmt"/>
        <line num="12" count="16" type="stmt"/>
        <line num="14" count="16" type="stmt"/>
        <line num="15" count="16" type="stmt"/>
        <line num="16" count="16" type="stmt"/>
        <line num="17" count="16" type="stmt"/>
        <line num="18" count="16" type="stmt"/>
        <line num="20" count="16" type="stmt"/>
        <line num="21" count="10" type="stmt"/>
        <line num="24" count="16" type="stmt"/>
        <line num="25" count="10" type="stmt"/>
        <line num="26" count="10" type="stmt"/>
        <line num="28" count="10" type="stmt"/>
        <line num="29" count="10" type="stmt"/>
        <line num="31" count="10" type="stmt"/>
        <line num="32" count="10" type="stmt"/>
        <line num="34" count="10" type="stmt"/>
        <line num="35" count="20" type="stmt"/>
        <line num="37" count="10" type="stmt"/>
        <line num="38" count="10" type="stmt"/>
        <line num="40" count="10" type="stmt"/>
        <line num="41" count="10" type="stmt"/>
        <line num="45" count="16" type="stmt"/>
        <line num="46" count="2" type="stmt"/>
        <line num="47" count="2" type="stmt"/>
        <line num="48" count="2" type="cond" truecount="3" falsecount="1"/>
        <line num="50" count="2" type="stmt"/>
        <line num="51" count="2" type="stmt"/>
        <line num="52" count="2" type="cond" truecount="1" falsecount="1"/>
        <line num="54" count="2" type="cond" truecount="1" falsecount="1"/>
        <line num="56" count="2" type="stmt"/>
        <line num="57" count="2" type="stmt"/>
        <line num="58" count="2" type="stmt"/>
        <line num="59" count="2" type="stmt"/>
        <line num="61" count="2" type="stmt"/>
        <line num="62" count="2" type="stmt"/>
        <line num="63" count="2" type="stmt"/>
        <line num="66" count="16" type="stmt"/>
        <line num="67" count="10" type="cond" truecount="3" falsecount="1"/>
        <line num="68" count="10" type="stmt"/>
        <line num="77" count="16" type="stmt"/>
        <line num="78" count="10" type="stmt"/>
        <line num="82" count="16" type="stmt"/>
        <line num="83" count="10" type="stmt"/>
        <line num="85" count="10" type="stmt"/>
        <line num="89" count="16" type="stmt"/>
        <line num="90" count="13" type="stmt"/>
        <line num="91" count="13" type="cond" truecount="2" falsecount="0"/>
        <line num="92" count="2" type="stmt"/>
        <line num="93" count="2" type="stmt"/>
        <line num="94" count="2" type="cond" truecount="1" falsecount="1"/>
        <line num="97" count="2" type="cond" truecount="1" falsecount="1"/>
        <line num="98" count="0" type="stmt"/>
        <line num="102" count="2" type="cond" truecount="1" falsecount="1"/>
        <line num="103" count="0" type="stmt"/>
        <line num="108" count="2" type="stmt"/>
        <line num="109" count="2" type="stmt"/>
        <line num="113" count="11" type="cond" truecount="2" falsecount="0"/>
        <line num="114" count="1" type="stmt"/>
        <line num="115" count="1" type="stmt"/>
        <line num="117" count="11" type="stmt"/>
        <line num="119" count="11" type="stmt"/>
        <line num="124" count="16" type="stmt"/>
        <line num="126" count="16" type="stmt"/>
        <line num="130" count="67" type="cond" truecount="3" falsecount="0"/>
        <line num="131" count="67" type="stmt"/>
      </file>
      <file name="MetronomePage.tsx" path="/Users/hannahgerber/Documents/code/basscore/src/components/Metronome/MetronomePage.tsx">
        <metrics statements="18" coveredstatements="14" conditionals="4" coveredconditionals="3" methods="10" coveredmethods="5"/>
        <line num="11" count="1" type="stmt"/>
        <line num="12" count="9" type="stmt"/>
        <line num="13" count="9" type="stmt"/>
        <line num="14" count="9" type="stmt"/>
        <line num="15" count="9" type="stmt"/>
        <line num="16" count="9" type="stmt"/>
        <line num="17" count="9" type="stmt"/>
        <line num="19" count="9" type="stmt"/>
        <line num="20" count="6" type="stmt"/>
        <line num="21" count="6" type="stmt"/>
        <line num="22" count="6" type="stmt"/>
        <line num="23" count="6" type="stmt"/>
        <line num="26" count="9" type="stmt"/>
        <line num="39" count="0" type="stmt"/>
        <line num="50" count="0" type="stmt"/>
        <line num="65" count="0" type="stmt"/>
        <line num="78" count="0" type="stmt"/>
        <line num="96" count="3" type="stmt"/>
      </file>
    </package>
    <package name="components.Scales">
      <metrics statements="13" coveredstatements="12" conditionals="0" coveredconditionals="0" methods="7" coveredmethods="6"/>
      <file name="Scales.tsx" path="/Users/hannahgerber/Documents/code/basscore/src/components/Scales/Scales.tsx">
        <metrics statements="13" coveredstatements="12" conditionals="0" coveredconditionals="0" methods="7" coveredmethods="6"/>
        <line num="13" count="1" type="stmt"/>
        <line num="23" count="1" type="stmt"/>
        <line num="31" count="17" type="stmt"/>
        <line num="33" count="17" type="stmt"/>
        <line num="35" count="17" type="stmt"/>
        <line num="36" count="17" type="stmt"/>
        <line num="42" count="0" type="stmt"/>
        <line num="48" count="17" type="stmt"/>
        <line num="49" count="17" type="stmt"/>
        <line num="54" count="3" type="stmt"/>
        <line num="61" count="17" type="stmt"/>
        <line num="72" count="29" type="stmt"/>
        <line num="74" count="17" type="stmt"/>
      </file>
    </package>
    <package name="components.SidebarControls">
      <metrics statements="17" coveredstatements="11" conditionals="6" coveredconditionals="6" methods="8" coveredmethods="2"/>
      <file name="SidebarControls.tsx" path="/Users/hannahgerber/Documents/code/basscore/src/components/SidebarControls/SidebarControls.tsx">
        <metrics statements="17" coveredstatements="11" conditionals="6" coveredconditionals="6" methods="8" coveredmethods="2"/>
        <line num="8" count="1" type="stmt"/>
        <line num="18" count="1" type="stmt"/>
        <line num="28" count="1" type="stmt"/>
        <line num="29" count="12" type="stmt"/>
        <line num="40" count="12" type="stmt"/>
        <line num="42" count="12" type="cond" truecount="2" falsecount="0"/>
        <line num="43" count="3" type="stmt"/>
        <line num="50" count="0" type="stmt"/>
        <line num="59" count="0" type="stmt"/>
        <line num="66" count="9" type="cond" truecount="2" falsecount="0"/>
        <line num="67" count="8" type="stmt"/>
        <line num="74" count="0" type="stmt"/>
        <line num="83" count="0" type="stmt"/>
        <line num="90" count="0" type="stmt"/>
        <line num="97" count="0" type="stmt"/>
        <line num="103" count="1" type="stmt"/>
        <line num="110" count="1" type="stmt"/>
      </file>
    </package>
    <package name="components.Timer">
      <metrics statements="57" coveredstatements="35" conditionals="30" coveredconditionals="13" methods="22" coveredmethods="12"/>
      <file name="Timer.tsx" path="/Users/hannahgerber/Documents/code/basscore/src/components/Timer/Timer.tsx">
        <metrics statements="3" coveredstatements="3" conditionals="2" coveredconditionals="1" methods="1" coveredmethods="1"/>
        <line num="5" count="1" type="stmt"/>
        <line num="6" count="2" type="cond" truecount="1" falsecount="1"/>
        <line num="10" count="2" type="stmt"/>
      </file>
      <file name="TimerControls.tsx" path="/Users/hannahgerber/Documents/code/basscore/src/components/Timer/TimerControls.tsx">
        <metrics statements="54" coveredstatements="32" conditionals="28" coveredconditionals="12" methods="21" coveredmethods="11"/>
        <line num="5" count="142" type="stmt"/>
        <line num="7" count="1" type="stmt"/>
        <line num="8" count="71" type="stmt"/>
        <line num="10" count="71" type="stmt"/>
        <line num="11" count="71" type="stmt"/>
        <line num="12" count="71" type="stmt"/>
        <line num="13" count="71" type="stmt"/>
        <line num="15" count="71" type="stmt"/>
        <line num="17" count="71" type="stmt"/>
        <line num="18" count="0" type="stmt"/>
        <line num="19" count="0" type="cond" truecount="0" falsecount="2"/>
        <line num="20" count="0" type="stmt"/>
        <line num="21" count="0" type="stmt"/>
        <line num="24" count="71" type="stmt"/>
        <line num="25" count="0" type="stmt"/>
        <line num="26" count="0" type="stmt"/>
        <line num="27" count="0" type="cond" truecount="0" falsecount="2"/>
        <line num="30" count="71" type="stmt"/>
        <line num="31" count="0" type="stmt"/>
        <line num="32" count="0" type="stmt"/>
        <line num="33" count="0" type="cond" truecount="0" falsecount="2"/>
        <line num="34" count="0" type="cond" truecount="0" falsecount="2"/>
        <line num="35" count="0" type="stmt"/>
        <line num="38" count="71" type="stmt"/>
        <line num="39" count="0" type="stmt"/>
        <line num="40" count="0" type="cond" truecount="0" falsecount="2"/>
        <line num="41" count="0" type="cond" truecount="0" falsecount="2"/>
        <line num="42" count="0" type="stmt"/>
        <line num="45" count="71" type="stmt"/>
        <line num="46" count="6" type="cond" truecount="1" falsecount="1"/>
        <line num="47" count="6" type="stmt"/>
        <line num="48" count="6" type="stmt"/>
        <line num="50" count="6" type="stmt"/>
        <line num="53" count="71" type="stmt"/>
        <line num="54" count="3" type="stmt"/>
        <line num="55" count="3" type="cond" truecount="1" falsecount="1"/>
        <line num="58" count="71" type="stmt"/>
        <line num="59" count="2" type="stmt"/>
        <line num="60" count="2" type="stmt"/>
        <line num="61" count="2" type="stmt"/>
        <line num="62" count="2" type="stmt"/>
        <line num="65" count="71" type="stmt"/>
        <line num="66" count="15" type="cond" truecount="2" falsecount="0"/>
        <line num="67" count="15" type="stmt"/>
        <line num="70" count="71" type="stmt"/>
        <line num="81" count="0" type="stmt"/>
        <line num="82" count="0" type="stmt"/>
        <line num="83" count="0" type="stmt"/>
        <line num="94" count="0" type="stmt"/>
        <line num="95" count="0" type="stmt"/>
        <line num="96" count="0" type="stmt"/>
        <line num="100" count="4" type="stmt"/>
        <line num="103" count="10" type="stmt"/>
        <line num="106" count="1" type="stmt"/>
      </file>
    </package>
    <package name="contexts">
      <metrics statements="69" coveredstatements="61" conditionals="14" coveredconditionals="7" methods="16" coveredmethods="14"/>
      <file name="ControlsContext.tsx" path="/Users/hannahgerber/Documents/code/basscore/src/contexts/ControlsContext.tsx">
        <metrics statements="23" coveredstatements="22" conditionals="2" coveredconditionals="1" methods="4" coveredmethods="4"/>
        <line num="17" count="7" type="stmt"/>
        <line num="19" count="7" type="stmt"/>
        <line num="20" count="132" type="stmt"/>
        <line num="21" count="132" type="stmt"/>
        <line num="22" count="132" type="stmt"/>
        <line num="23" count="132" type="stmt"/>
        <line num="24" count="132" type="stmt"/>
        <line num="25" count="132" type="stmt"/>
        <line num="26" count="132" type="stmt"/>
        <line num="27" count="132" type="stmt"/>
        <line num="28" count="132" type="stmt"/>
        <line num="29" count="132" type="stmt"/>
        <line num="30" count="132" type="stmt"/>
        <line num="32" count="132" type="stmt"/>
        <line num="40" count="132" type="stmt"/>
        <line num="55" count="132" type="stmt"/>
        <line num="56" count="132" type="stmt"/>
        <line num="79" count="132" type="stmt"/>
        <line num="87" count="7" type="stmt"/>
        <line num="88" count="239" type="stmt"/>
        <line num="89" count="239" type="cond" truecount="1" falsecount="1"/>
        <line num="90" count="0" type="stmt"/>
        <line num="93" count="239" type="stmt"/>
      </file>
      <file name="TimerContext.tsx" path="/Users/hannahgerber/Documents/code/basscore/src/contexts/TimerContext.tsx">
        <metrics statements="46" coveredstatements="39" conditionals="12" coveredconditionals="6" methods="12" coveredmethods="10"/>
        <line num="13" count="3" type="stmt"/>
        <line num="15" count="3" type="stmt"/>
        <line num="16" count="81" type="stmt"/>
        <line num="17" count="81" type="stmt"/>
        <line num="18" count="81" type="stmt"/>
        <line num="19" count="81" type="stmt"/>
        <line num="20" count="81" type="stmt"/>
        <line num="22" count="162" type="stmt"/>
        <line num="26" count="81" type="stmt"/>
        <line num="28" count="81" type="stmt"/>
        <line num="29" count="58" type="cond" truecount="2" falsecount="0"/>
        <line num="31" count="51" type="cond" truecount="2" falsecount="0"/>
        <line num="32" count="51" type="stmt"/>
        <line num="34" count="7" type="stmt"/>
        <line num="35" count="0" type="cond" truecount="0" falsecount="2"/>
        <line num="36" count="0" type="cond" truecount="0" falsecount="2"/>
        <line num="38" count="7" type="stmt"/>
        <line num="41" count="81" type="stmt"/>
        <line num="42" count="6" type="stmt"/>
        <line num="43" count="6" type="stmt"/>
        <line num="44" count="6" type="stmt"/>
        <line num="45" count="6" type="stmt"/>
        <line num="48" count="81" type="stmt"/>
        <line num="49" count="4" type="cond" truecount="1" falsecount="1"/>
        <line num="50" count="4" type="stmt"/>
        <line num="51" count="4" type="stmt"/>
        <line num="52" count="4" type="stmt"/>
        <line num="53" count="4" type="stmt"/>
        <line num="56" count="81" type="stmt"/>
        <line num="57" count="0" type="stmt"/>
        <line num="58" count="0" type="stmt"/>
        <line num="59" count="0" type="stmt"/>
        <line num="60" count="0" type="stmt"/>
        <line num="61" count="0" type="stmt"/>
        <line num="64" count="81" type="stmt"/>
        <line num="65" count="5" type="stmt"/>
        <line num="66" count="5" type="stmt"/>
        <line num="67" count="5" type="stmt"/>
        <line num="68" count="5" type="stmt"/>
        <line num="71" count="81" type="stmt"/>
        <line num="72" count="81" type="stmt"/>
        <line num="86" count="81" type="stmt"/>
        <line num="90" count="3" type="stmt"/>
        <line num="91" count="79" type="stmt"/>
        <line num="92" count="79" type="cond" truecount="1" falsecount="1"/>
        <line num="93" count="79" type="stmt"/>
      </file>
    </package>
    <package name="helpers">
      <metrics statements="101" coveredstatements="88" conditionals="71" coveredconditionals="41" methods="21" coveredmethods="21"/>
      <file name="dataSets.ts" path="/Users/hannahgerber/Documents/code/basscore/src/helpers/dataSets.ts">
        <metrics statements="2" coveredstatements="2" conditionals="0" coveredconditionals="0" methods="0" coveredmethods="0"/>
        <line num="3" count="1" type="stmt"/>
        <line num="11" count="1" type="stmt"/>
      </file>
      <file name="fretboardHelpers.tsx" path="/Users/hannahgerber/Documents/code/basscore/src/helpers/fretboardHelpers.tsx">
        <metrics statements="48" coveredstatements="48" conditionals="16" coveredconditionals="16" methods="12" coveredmethods="12"/>
        <line num="3" count="5" type="stmt"/>
        <line num="5" count="5" type="stmt"/>
        <line num="6" count="44816" type="stmt"/>
        <line num="8" count="5" type="stmt"/>
        <line num="12" count="14140" type="stmt"/>
        <line num="13" count="14140" type="stmt"/>
        <line num="15" count="14140" type="stmt"/>
        <line num="20" count="5" type="stmt"/>
        <line num="21" count="30676" type="stmt"/>
        <line num="22" count="30676" type="stmt"/>
        <line num="24" count="30676" type="stmt"/>
        <line num="27" count="5" type="stmt"/>
        <line num="29" count="5" type="stmt"/>
        <line num="34" count="5" type="stmt"/>
        <line num="36" count="5" type="stmt"/>
        <line num="37" count="5" type="stmt"/>
        <line num="38" count="5" type="stmt"/>
        <line num="39" count="60" type="stmt"/>
        <line num="40" count="60" type="stmt"/>
        <line num="41" count="60" type="cond" truecount="2" falsecount="0"/>
        <line num="42" count="18" type="stmt"/>
        <line num="43" count="18" type="stmt"/>
        <line num="47" count="5" type="stmt"/>
        <line num="48" count="5" type="stmt"/>
        <line num="49" count="5" type="stmt"/>
        <line num="50" count="20" type="stmt"/>
        <line num="51" count="20" type="cond" truecount="2" falsecount="0"/>
        <line num="52" count="11" type="stmt"/>
        <line num="53" count="11" type="stmt"/>
        <line num="57" count="5" type="stmt"/>
        <line num="63" count="5" type="stmt"/>
        <line num="71" count="6" type="stmt"/>
        <line num="72" count="6" type="stmt"/>
        <line num="73" count="25" type="cond" truecount="2" falsecount="0"/>
        <line num="76" count="6" type="cond" truecount="2" falsecount="0"/>
        <line num="78" count="3" type="cond" truecount="2" falsecount="0"/>
        <line num="79" count="16" type="cond" truecount="2" falsecount="0"/>
        <line num="82" count="2" type="stmt"/>
        <line num="83" count="2" type="cond" truecount="2" falsecount="0"/>
        <line num="84" count="6" type="cond" truecount="2" falsecount="0"/>
        <line num="87" count="1" type="stmt"/>
        <line num="90" count="5" type="stmt"/>
        <line num="94" count="269" type="stmt"/>
        <line num="98" count="42" type="stmt"/>
        <line num="99" count="269" type="stmt"/>
        <line num="101" count="42" type="stmt"/>
        <line num="102" count="269" type="stmt"/>
        <line num="103" count="269" type="stmt"/>
      </file>
      <file name="fretpoints.tsx" path="/Users/hannahgerber/Documents/code/basscore/src/helpers/fretpoints.tsx">
        <metrics statements="51" coveredstatements="38" conditionals="55" coveredconditionals="25" methods="9" coveredmethods="9"/>
        <line num="9" count="2" type="stmt"/>
        <line num="10" count="17" type="stmt"/>
        <line num="11" count="17" type="stmt"/>
        <line num="17" count="17" type="stmt"/>
        <line num="18" count="17" type="cond" truecount="4" falsecount="3"/>
        <line num="20" count="14" type="stmt"/>
        <line num="27" count="1" type="stmt"/>
        <line num="34" count="0" type="stmt"/>
        <line num="41" count="0" type="stmt"/>
        <line num="48" count="0" type="stmt"/>
        <line num="55" count="1" type="stmt"/>
        <line num="62" count="1" type="stmt"/>
        <line num="71" count="17" type="stmt"/>
        <line num="72" count="17" type="stmt"/>
        <line num="73" count="17" type="cond" truecount="1" falsecount="1"/>
        <line num="74" count="17" type="stmt"/>
        <line num="76" count="68" type="stmt"/>
        <line num="77" count="204" type="cond" truecount="2" falsecount="0"/>
        <line num="78" count="84" type="stmt"/>
        <line num="84" count="120" type="stmt"/>
        <line num="89" count="17" type="stmt"/>
        <line num="92" count="17" type="stmt"/>
        <line num="95" count="2" type="stmt"/>
        <line num="101" count="19" type="stmt"/>
        <line num="102" count="19" type="cond" truecount="4" falsecount="4"/>
        <line num="104" count="16" type="cond" truecount="1" falsecount="1"/>
        <line num="106" count="1" type="cond" truecount="1" falsecount="1"/>
        <line num="108" count="1" type="stmt"/>
        <line num="110" count="0" type="cond" truecount="0" falsecount="2"/>
        <line num="112" count="0" type="cond" truecount="0" falsecount="2"/>
        <line num="114" count="0" type="cond" truecount="0" falsecount="2"/>
        <line num="116" count="1" type="stmt"/>
        <line num="118" count="0" type="stmt"/>
        <line num="122" count="19" type="stmt"/>
        <line num="123" count="19" type="cond" truecount="4" falsecount="4"/>
        <line num="127" count="18" type="stmt"/>
        <line num="130" count="0" type="stmt"/>
        <line num="132" count="0" type="cond" truecount="0" falsecount="2"/>
        <line num="134" count="1" type="stmt"/>
        <line num="136" count="0" type="stmt"/>
        <line num="140" count="19" type="stmt"/>
        <line num="141" count="19" type="cond" truecount="4" falsecount="4"/>
        <line num="145" count="18" type="stmt"/>
        <line num="148" count="0" type="stmt"/>
        <line num="150" count="0" type="cond" truecount="0" falsecount="2"/>
        <line num="152" count="1" type="stmt"/>
        <line num="154" count="0" type="stmt"/>
        <line num="158" count="19" type="stmt"/>
        <line num="159" count="19" type="stmt"/>
        <line num="164" count="19" type="cond" truecount="1" falsecount="1"/>
        <line num="168" count="19" type="cond" truecount="1" falsecount="1"/>
      </file>
    </package>
    <package name="hooks">
      <metrics statements="23" coveredstatements="23" conditionals="4" coveredconditionals="2" methods="7" coveredmethods="7"/>
      <file name="useCustomFretboardHistory.ts" path="/Users/hannahgerber/Documents/code/basscore/src/hooks/useCustomFretboardHistory.ts">
        <metrics statements="23" coveredstatements="23" conditionals="4" coveredconditionals="2" methods="7" coveredmethods="7"/>
        <line num="9" count="1" type="stmt"/>
        <line num="10" count="134" type="stmt"/>
        <line num="11" count="134" type="stmt"/>
        <line num="12" count="134" type="stmt"/>
        <line num="14" count="134" type="stmt"/>
        <line num="15" count="23" type="stmt"/>
        <line num="16" count="23" type="stmt"/>
        <line num="17" count="23" type="stmt"/>
        <line num="20" count="134" type="stmt"/>
        <line num="21" count="5" type="cond" truecount="1" falsecount="1"/>
        <line num="22" count="5" type="stmt"/>
        <line num="23" count="5" type="stmt"/>
        <line num="24" count="5" type="stmt"/>
        <line num="25" count="5" type="stmt"/>
        <line num="26" count="5" type="stmt"/>
        <line num="29" count="134" type="stmt"/>
        <line num="30" count="2" type="cond" truecount="1" falsecount="1"/>
        <line num="31" count="2" type="stmt"/>
        <line num="32" count="2" type="stmt"/>
        <line num="33" count="2" type="stmt"/>
        <line num="34" count="2" type="stmt"/>
        <line num="35" count="2" type="stmt"/>
        <line num="38" count="134" type="stmt"/>
      </file>
    </package>
    <package name="services">
      <metrics statements="21" coveredstatements="21" conditionals="4" coveredconditionals="4" methods="12" coveredmethods="12"/>
      <file name="customFretboardService.ts" path="/Users/hannahgerber/Documents/code/basscore/src/services/customFretboardService.ts">
        <metrics statements="21" coveredstatements="21" conditionals="4" coveredconditionals="4" methods="12" coveredmethods="12"/>
        <line num="3" count="1" type="stmt"/>
        <line num="5" count="1" type="stmt"/>
        <line num="6" count="24" type="cond" truecount="2" falsecount="0"/>
        <line num="8" count="1" type="stmt"/>
        <line num="9" count="8" type="stmt"/>
        <line num="11" count="9" type="stmt"/>
        <line num="13" count="1" type="stmt"/>
        <line num="14" count="5" type="stmt"/>
        <line num="16" count="1" type="stmt"/>
        <line num="17" count="2" type="stmt"/>
        <line num="19" count="1" type="stmt"/>
        <line num="22" count="3" type="stmt"/>
        <line num="23" count="3" type="stmt"/>
        <line num="29" count="3" type="stmt"/>
        <line num="30" count="3" type="stmt"/>
        <line num="33" count="1" type="stmt"/>
        <line num="37" count="3" type="stmt"/>
        <line num="38" count="4" type="cond" truecount="2" falsecount="0"/>
        <line num="40" count="3" type="stmt"/>
        <line num="43" count="1" type="stmt"/>
        <line num="44" count="3" type="stmt"/>
      </file>
    </package>
    <package name="types">
      <metrics statements="0" coveredstatements="0" conditionals="0" coveredconditionals="0" methods="0" coveredmethods="0"/>
      <file name="types.ts" path="/Users/hannahgerber/Documents/code/basscore/src/types/types.ts">
        <metrics statements="0" coveredstatements="0" conditionals="0" coveredconditionals="0" methods="0" coveredmethods="0"/>
      </file>
    </package>
  </project>
</coverage>
