{"/Users/hannahgerber/Documents/code/basscore/src/assets/logo.png": {"path":"/Users/hannahgerber/Documents/code/basscore/src/assets/logo.png","statementMap":{},"fnMap":{},"branchMap":{},"s":{},"f":{},"b":{},"meta":{"lastBranch":0,"lastFunction":0,"lastStatement":0,"seen":{}}}
,"/Users/hannahgerber/Documents/code/basscore/src/components/AppSidebar/AppSidebar.tsx": {"path":"/Users/hannahgerber/Documents/code/basscore/src/components/AppSidebar/AppSidebar.tsx","statementMap":{"0":{"start":{"line":4,"column":19},"end":{"line":10,"column":null}},"1":{"start":{"line":5,"column":2},"end":{"line":10,"column":null}}},"fnMap":{"0":{"name":"(anonymous_0)","decl":{"start":{"line":4,"column":19},"end":{"line":4,"column":20}},"loc":{"start":{"line":5,"column":2},"end":{"line":10,"column":null}},"line":5}},"branchMap":{"0":{"loc":{"start":{"line":4,"column":39},"end":{"line":4,"column":59}},"type":"default-arg","locations":[{"start":{"line":4,"column":50},"end":{"line":4,"column":59}}],"line":4}},"s":{"0":2,"1":15},"f":{"0":15},"b":{"0":[15]},"meta":{"lastBranch":1,"lastFunction":1,"lastStatement":2,"seen":{"s:4:19:10:Infinity":0,"f:4:19:4:20":0,"s:5:2:10:Infinity":1,"b:4:50:4:59":0}}}
,"/Users/hannahgerber/Documents/code/basscore/src/components/BCTooltip/BCTooltip.tsx": {"path":"/Users/hannahgerber/Documents/code/basscore/src/components/BCTooltip/BCTooltip.tsx","statementMap":{"0":{"start":{"line":5,"column":18},"end":{"line":17,"column":null}},"1":{"start":{"line":6,"column":22},"end":{"line":6,"column":null}},"2":{"start":{"line":6,"column":50},"end":{"line":6,"column":97}},"3":{"start":{"line":8,"column":2},"end":{"line":13,"column":null}},"4":{"start":{"line":9,"column":15},"end":{"line":9,"column":null}},"5":{"start":{"line":10,"column":20},"end":{"line":10,"column":null}},"6":{"start":{"line":10,"column":48},"end":{"line":10,"column":null}},"7":{"start":{"line":11,"column":4},"end":{"line":11,"column":null}},"8":{"start":{"line":12,"column":4},"end":{"line":12,"column":null}},"9":{"start":{"line":12,"column":17},"end":{"line":12,"column":null}},"10":{"start":{"line":15,"column":2},"end":{"line":15,"column":null}},"11":{"start":{"line":15,"column":12},"end":{"line":15,"column":null}},"12":{"start":{"line":16,"column":2},"end":{"line":16,"column":null}}},"fnMap":{"0":{"name":"(anonymous_0)","decl":{"start":{"line":5,"column":18},"end":{"line":5,"column":19}},"loc":{"start":{"line":5,"column":61},"end":{"line":17,"column":null}},"line":5},"1":{"name":"(anonymous_1)","decl":{"start":{"line":6,"column":44},"end":{"line":6,"column":50}},"loc":{"start":{"line":6,"column":50},"end":{"line":6,"column":97}},"line":6},"2":{"name":"(anonymous_2)","decl":{"start":{"line":8,"column":12},"end":{"line":8,"column":18}},"loc":{"start":{"line":8,"column":18},"end":{"line":13,"column":5}},"line":8},"3":{"name":"(anonymous_3)","decl":{"start":{"line":10,"column":20},"end":{"line":10,"column":21}},"loc":{"start":{"line":10,"column":48},"end":{"line":10,"column":null}},"line":10},"4":{"name":"(anonymous_4)","decl":{"start":{"line":12,"column":11},"end":{"line":12,"column":17}},"loc":{"start":{"line":12,"column":17},"end":{"line":12,"column":null}},"line":12}},"branchMap":{"0":{"loc":{"start":{"line":15,"column":2},"end":{"line":15,"column":null}},"type":"if","locations":[{"start":{"line":15,"column":2},"end":{"line":15,"column":null}},{"start":{},"end":{}}],"line":15}},"s":{"0":1,"1":7,"2":5,"3":7,"4":5,"5":5,"6":2,"7":5,"8":5,"9":5,"10":7,"11":3,"12":4},"f":{"0":7,"1":5,"2":5,"3":2,"4":5},"b":{"0":[3,4]},"meta":{"lastBranch":1,"lastFunction":5,"lastStatement":13,"seen":{"s:5:18:17:Infinity":0,"f:5:18:5:19":0,"s:6:22:6:Infinity":1,"f:6:44:6:50":1,"s:6:50:6:97":2,"s:8:2:13:Infinity":3,"f:8:12:8:18":2,"s:9:15:9:Infinity":4,"s:10:20:10:Infinity":5,"f:10:20:10:21":3,"s:10:48:10:Infinity":6,"s:11:4:11:Infinity":7,"s:12:4:12:Infinity":8,"f:12:11:12:17":4,"s:12:17:12:Infinity":9,"b:15:2:15:Infinity:undefined:undefined:undefined:undefined":0,"s:15:2:15:Infinity":10,"s:15:12:15:Infinity":11,"s:16:2:16:Infinity":12}}}
,"/Users/hannahgerber/Documents/code/basscore/src/components/ControlPanel/ControlPanel.tsx": {"path":"/Users/hannahgerber/Documents/code/basscore/src/components/ControlPanel/ControlPanel.tsx","statementMap":{"0":{"start":{"line":5,"column":21},"end":{"line":33,"column":null}},"1":{"start":{"line":6,"column":25},"end":{"line":31,"column":null}},"2":{"start":{"line":7,"column":25},"end":{"line":7,"column":null}},"3":{"start":{"line":8,"column":4},"end":{"line":30,"column":null}},"4":{"start":{"line":9,"column":6},"end":{"line":29,"column":null}},"5":{"start":{"line":10,"column":8},"end":{"line":15,"column":null}},"6":{"start":{"line":13,"column":14},"end":{"line":13,"column":null}},"7":{"start":{"line":18,"column":24},"end":{"line":18,"column":null}},"8":{"start":{"line":19,"column":8},"end":{"line":27,"column":null}},"9":{"start":{"line":24,"column":16},"end":{"line":24,"column":null}},"10":{"start":{"line":32,"column":2},"end":{"line":32,"column":null}}},"fnMap":{"0":{"name":"(anonymous_0)","decl":{"start":{"line":5,"column":21},"end":{"line":5,"column":22}},"loc":{"start":{"line":5,"column":47},"end":{"line":33,"column":null}},"line":5},"1":{"name":"(anonymous_1)","decl":{"start":{"line":6,"column":25},"end":{"line":6,"column":42}},"loc":{"start":{"line":6,"column":42},"end":{"line":31,"column":null}},"line":6},"2":{"name":"(anonymous_2)","decl":{"start":{"line":8,"column":24},"end":{"line":8,"column":25}},"loc":{"start":{"line":8,"column":35},"end":{"line":30,"column":5}},"line":8},"3":{"name":"(anonymous_3)","decl":{"start":{"line":12,"column":26},"end":{"line":12,"column":27}},"loc":{"start":{"line":12,"column":34},"end":{"line":14,"column":13}},"line":12},"4":{"name":"(anonymous_4)","decl":{"start":{"line":23,"column":36},"end":{"line":23,"column":37}},"loc":{"start":{"line":24,"column":16},"end":{"line":24,"column":null}},"line":24}},"branchMap":{"0":{"loc":{"start":{"line":9,"column":6},"end":{"line":29,"column":null}},"type":"if","locations":[{"start":{"line":9,"column":6},"end":{"line":29,"column":null}},{"start":{"line":17,"column":13},"end":{"line":29,"column":null}}],"line":9},"1":{"loc":{"start":{"line":9,"column":10},"end":{"line":9,"column":56}},"type":"binary-expr","locations":[{"start":{"line":9,"column":10},"end":{"line":9,"column":16}},{"start":{"line":9,"column":16},"end":{"line":9,"column":42}},{"start":{"line":9,"column":42},"end":{"line":9,"column":56}}],"line":9}},"s":{"0":4,"1":286,"2":286,"3":286,"4":1370,"5":1,"6":1,"7":1369,"8":1369,"9":1628,"10":286},"f":{"0":286,"1":286,"2":1370,"3":1,"4":1628},"b":{"0":[1,1369],"1":[1370,1370,1370]},"meta":{"lastBranch":2,"lastFunction":5,"lastStatement":11,"seen":{"s:5:21:33:Infinity":0,"f:5:21:5:22":0,"s:6:25:31:Infinity":1,"f:6:25:6:42":1,"s:7:25:7:Infinity":2,"s:8:4:30:Infinity":3,"f:8:24:8:25":2,"b:9:6:29:Infinity:17:13:29:Infinity":0,"s:9:6:29:Infinity":4,"b:9:10:9:16:9:16:9:42:9:42:9:56":1,"s:10:8:15:Infinity":5,"f:12:26:12:27":3,"s:13:14:13:Infinity":6,"s:18:24:18:Infinity":7,"s:19:8:27:Infinity":8,"f:23:36:23:37":4,"s:24:16:24:Infinity":9,"s:32:2:32:Infinity":10}}}
,"/Users/hannahgerber/Documents/code/basscore/src/components/CustomFretboardEditor/CustomFretboard.tsx": {"path":"/Users/hannahgerber/Documents/code/basscore/src/components/CustomFretboardEditor/CustomFretboard.tsx","statementMap":{"0":{"start":{"line":21,"column":41},"end":{"line":27,"column":null}},"1":{"start":{"line":29,"column":48},"end":{"line":33,"column":null}},"2":{"start":{"line":35,"column":29},"end":{"line":39,"column":null}},"3":{"start":{"line":41,"column":19},"end":{"line":42,"column":null}},"4":{"start":{"line":42,"column":2},"end":{"line":42,"column":null}},"5":{"start":{"line":42,"column":18},"end":{"line":42,"column":80}},"6":{"start":{"line":44,"column":31},"end":{"line":708,"column":null}},"7":{"start":{"line":45,"column":84},"end":{"line":45,"column":null}},"8":{"start":{"line":46,"column":8},"end":{"line":46,"column":null}},"9":{"start":{"line":48,"column":60},"end":{"line":51,"column":null}},"10":{"start":{"line":52,"column":53},"end":{"line":52,"column":null}},"11":{"start":{"line":54,"column":32},"end":{"line":54,"column":null}},"12":{"start":{"line":55,"column":40},"end":{"line":55,"column":null}},"13":{"start":{"line":56,"column":34},"end":{"line":56,"column":null}},"14":{"start":{"line":57,"column":28},"end":{"line":57,"column":null}},"15":{"start":{"line":57,"column":73},"end":{"line":57,"column":104}},"16":{"start":{"line":58,"column":46},"end":{"line":58,"column":null}},"17":{"start":{"line":59,"column":54},"end":{"line":59,"column":null}},"18":{"start":{"line":60,"column":46},"end":{"line":60,"column":null}},"19":{"start":{"line":61,"column":38},"end":{"line":61,"column":null}},"20":{"start":{"line":64,"column":50},"end":{"line":64,"column":null}},"21":{"start":{"line":65,"column":52},"end":{"line":65,"column":null}},"22":{"start":{"line":67,"column":8},"end":{"line":67,"column":null}},"23":{"start":{"line":68,"column":8},"end":{"line":68,"column":null}},"24":{"start":{"line":69,"column":8},"end":{"line":69,"column":null}},"25":{"start":{"line":71,"column":2},"end":{"line":73,"column":null}},"26":{"start":{"line":72,"column":4},"end":{"line":72,"column":null}},"27":{"start":{"line":75,"column":8},"end":{"line":81,"column":null}},"28":{"start":{"line":76,"column":4},"end":{"line":76,"column":null}},"29":{"start":{"line":76,"column":24},"end":{"line":76,"column":null}},"30":{"start":{"line":77,"column":22},"end":{"line":77,"column":null}},"31":{"start":{"line":77,"column":41},"end":{"line":77,"column":63}},"32":{"start":{"line":78,"column":4},"end":{"line":78,"column":null}},"33":{"start":{"line":79,"column":4},"end":{"line":79,"column":null}},"34":{"start":{"line":80,"column":4},"end":{"line":80,"column":null}},"35":{"start":{"line":83,"column":2},"end":{"line":99,"column":null}},"36":{"start":{"line":84,"column":20},"end":{"line":96,"column":null}},"37":{"start":{"line":85,"column":6},"end":{"line":88,"column":null}},"38":{"start":{"line":86,"column":8},"end":{"line":86,"column":null}},"39":{"start":{"line":87,"column":8},"end":{"line":87,"column":null}},"40":{"start":{"line":89,"column":6},"end":{"line":92,"column":null}},"41":{"start":{"line":90,"column":8},"end":{"line":90,"column":null}},"42":{"start":{"line":91,"column":8},"end":{"line":91,"column":null}},"43":{"start":{"line":93,"column":6},"end":{"line":95,"column":null}},"44":{"start":{"line":94,"column":8},"end":{"line":94,"column":null}},"45":{"start":{"line":97,"column":4},"end":{"line":97,"column":null}},"46":{"start":{"line":98,"column":4},"end":{"line":98,"column":null}},"47":{"start":{"line":98,"column":17},"end":{"line":98,"column":null}},"48":{"start":{"line":101,"column":2},"end":{"line":115,"column":null}},"49":{"start":{"line":102,"column":20},"end":{"line":112,"column":null}},"50":{"start":{"line":103,"column":6},"end":{"line":103,"column":null}},"51":{"start":{"line":103,"column":26},"end":{"line":103,"column":null}},"52":{"start":{"line":104,"column":21},"end":{"line":104,"column":null}},"53":{"start":{"line":105,"column":6},"end":{"line":105,"column":null}},"54":{"start":{"line":105,"column":44},"end":{"line":105,"column":null}},"55":{"start":{"line":106,"column":6},"end":{"line":106,"column":null}},"56":{"start":{"line":106,"column":49},"end":{"line":106,"column":null}},"57":{"start":{"line":107,"column":26},"end":{"line":109,"column":null}},"58":{"start":{"line":110,"column":6},"end":{"line":110,"column":null}},"59":{"start":{"line":110,"column":23},"end":{"line":110,"column":null}},"60":{"start":{"line":111,"column":6},"end":{"line":111,"column":null}},"61":{"start":{"line":113,"column":4},"end":{"line":113,"column":null}},"62":{"start":{"line":114,"column":4},"end":{"line":114,"column":null}},"63":{"start":{"line":114,"column":17},"end":{"line":114,"column":null}},"64":{"start":{"line":117,"column":8},"end":{"line":120,"column":null}},"65":{"start":{"line":118,"column":10},"end":{"line":118,"column":null}},"66":{"start":{"line":122,"column":26},"end":{"line":146,"column":null}},"67":{"start":{"line":123,"column":16},"end":{"line":123,"column":null}},"68":{"start":{"line":123,"column":33},"end":{"line":123,"column":71}},"69":{"start":{"line":125,"column":4},"end":{"line":132,"column":null}},"70":{"start":{"line":126,"column":6},"end":{"line":130,"column":null}},"71":{"start":{"line":127,"column":8},"end":{"line":127,"column":null}},"72":{"start":{"line":129,"column":8},"end":{"line":129,"column":null}},"73":{"start":{"line":131,"column":6},"end":{"line":131,"column":null}},"74":{"start":{"line":134,"column":4},"end":{"line":145,"column":null}},"75":{"start":{"line":135,"column":6},"end":{"line":135,"column":null}},"76":{"start":{"line":137,"column":30},"end":{"line":142,"column":null}},"77":{"start":{"line":143,"column":6},"end":{"line":143,"column":null}},"78":{"start":{"line":144,"column":6},"end":{"line":144,"column":null}},"79":{"start":{"line":148,"column":29},"end":{"line":158,"column":null}},"80":{"start":{"line":149,"column":16},"end":{"line":149,"column":null}},"81":{"start":{"line":149,"column":33},"end":{"line":149,"column":44}},"82":{"start":{"line":150,"column":4},"end":{"line":150,"column":null}},"83":{"start":{"line":150,"column":14},"end":{"line":150,"column":null}},"84":{"start":{"line":151,"column":4},"end":{"line":157,"column":null}},"85":{"start":{"line":160,"column":32},"end":{"line":160,"column":null}},"86":{"start":{"line":160,"column":38},"end":{"line":160,"column":null}},"87":{"start":{"line":162,"column":29},"end":{"line":209,"column":null}},"88":{"start":{"line":163,"column":4},"end":{"line":163,"column":null}},"89":{"start":{"line":163,"column":39},"end":{"line":163,"column":null}},"90":{"start":{"line":164,"column":17},"end":{"line":164,"column":null}},"91":{"start":{"line":165,"column":19},"end":{"line":165,"column":null}},"92":{"start":{"line":166,"column":19},"end":{"line":166,"column":null}},"93":{"start":{"line":168,"column":45},"end":{"line":168,"column":null}},"94":{"start":{"line":171,"column":6},"end":{"line":175,"column":null}},"95":{"start":{"line":177,"column":23},"end":{"line":179,"column":null}},"96":{"start":{"line":178,"column":11},"end":{"line":178,"column":null}},"97":{"start":{"line":181,"column":27},"end":{"line":181,"column":null}},"98":{"start":{"line":182,"column":25},"end":{"line":182,"column":null}},"99":{"start":{"line":184,"column":4},"end":{"line":200,"column":null}},"100":{"start":{"line":185,"column":6},"end":{"line":185,"column":null}},"101":{"start":{"line":186,"column":6},"end":{"line":186,"column":null}},"102":{"start":{"line":188,"column":12},"end":{"line":195,"column":null}},"103":{"start":{"line":196,"column":6},"end":{"line":199,"column":null}},"104":{"start":{"line":197,"column":8},"end":{"line":197,"column":null}},"105":{"start":{"line":198,"column":8},"end":{"line":198,"column":null}},"106":{"start":{"line":202,"column":4},"end":{"line":208,"column":null}},"107":{"start":{"line":211,"column":27},"end":{"line":224,"column":null}},"108":{"start":{"line":212,"column":4},"end":{"line":212,"column":null}},"109":{"start":{"line":212,"column":20},"end":{"line":212,"column":null}},"110":{"start":{"line":213,"column":16},"end":{"line":213,"column":null}},"111":{"start":{"line":213,"column":33},"end":{"line":213,"column":57}},"112":{"start":{"line":214,"column":4},"end":{"line":222,"column":null}},"113":{"start":{"line":215,"column":24},"end":{"line":219,"column":null}},"114":{"start":{"line":216,"column":8},"end":{"line":218,"column":null}},"115":{"start":{"line":220,"column":6},"end":{"line":220,"column":null}},"116":{"start":{"line":221,"column":6},"end":{"line":221,"column":null}},"117":{"start":{"line":223,"column":4},"end":{"line":223,"column":null}},"118":{"start":{"line":226,"column":28},"end":{"line":238,"column":null}},"119":{"start":{"line":227,"column":4},"end":{"line":237,"column":null}},"120":{"start":{"line":228,"column":24},"end":{"line":230,"column":null}},"121":{"start":{"line":229,"column":27},"end":{"line":229,"column":43}},"122":{"start":{"line":230,"column":27},"end":{"line":230,"column":72}},"123":{"start":{"line":231,"column":6},"end":{"line":231,"column":null}},"124":{"start":{"line":233,"column":6},"end":{"line":233,"column":null}},"125":{"start":{"line":234,"column":6},"end":{"line":236,"column":null}},"126":{"start":{"line":235,"column":8},"end":{"line":235,"column":null}},"127":{"start":{"line":235,"column":46},"end":{"line":235,"column":62}},"128":{"start":{"line":240,"column":32},"end":{"line":243,"column":null}},"129":{"start":{"line":241,"column":22},"end":{"line":241,"column":null}},"130":{"start":{"line":242,"column":4},"end":{"line":242,"column":null}},"131":{"start":{"line":245,"column":34},"end":{"line":248,"column":null}},"132":{"start":{"line":246,"column":22},"end":{"line":246,"column":null}},"133":{"start":{"line":247,"column":4},"end":{"line":247,"column":null}},"134":{"start":{"line":250,"column":31},"end":{"line":256,"column":null}},"135":{"start":{"line":251,"column":20},"end":{"line":251,"column":null}},"136":{"start":{"line":252,"column":22},"end":{"line":254,"column":null}},"137":{"start":{"line":253,"column":6},"end":{"line":253,"column":null}},"138":{"start":{"line":255,"column":4},"end":{"line":255,"column":null}},"139":{"start":{"line":258,"column":30},"end":{"line":259,"column":null}},"140":{"start":{"line":259,"column":4},"end":{"line":259,"column":null}},"141":{"start":{"line":261,"column":28},"end":{"line":276,"column":null}},"142":{"start":{"line":262,"column":10},"end":{"line":262,"column":null}},"143":{"start":{"line":263,"column":4},"end":{"line":263,"column":null}},"144":{"start":{"line":263,"column":19},"end":{"line":263,"column":null}},"145":{"start":{"line":264,"column":21},"end":{"line":264,"column":null}},"146":{"start":{"line":265,"column":4},"end":{"line":273,"column":null}},"147":{"start":{"line":266,"column":6},"end":{"line":270,"column":null}},"148":{"start":{"line":272,"column":6},"end":{"line":272,"column":null}},"149":{"start":{"line":274,"column":4},"end":{"line":274,"column":null}},"150":{"start":{"line":275,"column":4},"end":{"line":275,"column":null}},"151":{"start":{"line":278,"column":27},"end":{"line":284,"column":null}},"152":{"start":{"line":279,"column":19},"end":{"line":279,"column":null}},"153":{"start":{"line":280,"column":4},"end":{"line":280,"column":null}},"154":{"start":{"line":280,"column":17},"end":{"line":280,"column":null}},"155":{"start":{"line":281,"column":4},"end":{"line":281,"column":null}},"156":{"start":{"line":282,"column":4},"end":{"line":282,"column":null}},"157":{"start":{"line":283,"column":4},"end":{"line":283,"column":null}},"158":{"start":{"line":286,"column":29},"end":{"line":290,"column":null}},"159":{"start":{"line":287,"column":4},"end":{"line":287,"column":null}},"160":{"start":{"line":288,"column":4},"end":{"line":288,"column":null}},"161":{"start":{"line":289,"column":4},"end":{"line":289,"column":null}},"162":{"start":{"line":289,"column":33},"end":{"line":289,"column":null}},"163":{"start":{"line":292,"column":28},"end":{"line":293,"column":null}},"164":{"start":{"line":293,"column":4},"end":{"line":293,"column":null}},"165":{"start":{"line":295,"column":20},"end":{"line":337,"column":null}},"166":{"start":{"line":296,"column":16},"end":{"line":296,"column":null}},"167":{"start":{"line":297,"column":4},"end":{"line":297,"column":null}},"168":{"start":{"line":297,"column":14},"end":{"line":297,"column":null}},"169":{"start":{"line":299,"column":23},"end":{"line":299,"column":null}},"170":{"start":{"line":300,"column":27},"end":{"line":302,"column":null}},"171":{"start":{"line":304,"column":21},"end":{"line":304,"column":null}},"172":{"start":{"line":305,"column":23},"end":{"line":305,"column":null}},"173":{"start":{"line":307,"column":18},"end":{"line":307,"column":null}},"174":{"start":{"line":308,"column":4},"end":{"line":308,"column":null}},"175":{"start":{"line":308,"column":65},"end":{"line":308,"column":76}},"176":{"start":{"line":310,"column":17},"end":{"line":310,"column":null}},"177":{"start":{"line":311,"column":18},"end":{"line":311,"column":null}},"178":{"start":{"line":312,"column":4},"end":{"line":316,"column":null}},"179":{"start":{"line":317,"column":4},"end":{"line":317,"column":null}},"180":{"start":{"line":318,"column":4},"end":{"line":318,"column":null}},"181":{"start":{"line":320,"column":19},"end":{"line":320,"column":null}},"182":{"start":{"line":322,"column":4},"end":{"line":325,"column":null}},"183":{"start":{"line":323,"column":6},"end":{"line":323,"column":null}},"184":{"start":{"line":324,"column":6},"end":{"line":324,"column":null}},"185":{"start":{"line":327,"column":17},"end":{"line":327,"column":null}},"186":{"start":{"line":328,"column":16},"end":{"line":328,"column":null}},"187":{"start":{"line":329,"column":14},"end":{"line":329,"column":null}},"188":{"start":{"line":330,"column":4},"end":{"line":330,"column":null}},"189":{"start":{"line":331,"column":4},"end":{"line":331,"column":null}},"190":{"start":{"line":332,"column":4},"end":{"line":332,"column":null}},"191":{"start":{"line":333,"column":4},"end":{"line":333,"column":null}},"192":{"start":{"line":334,"column":4},"end":{"line":334,"column":null}},"193":{"start":{"line":335,"column":4},"end":{"line":335,"column":null}},"194":{"start":{"line":336,"column":4},"end":{"line":336,"column":null}},"195":{"start":{"line":339,"column":29},"end":{"line":339,"column":null}},"196":{"start":{"line":339,"column":35},"end":{"line":339,"column":null}},"197":{"start":{"line":342,"column":25},"end":{"line":346,"column":null}},"198":{"start":{"line":343,"column":4},"end":{"line":343,"column":null}},"199":{"start":{"line":343,"column":28},"end":{"line":343,"column":null}},"200":{"start":{"line":344,"column":4},"end":{"line":344,"column":null}},"201":{"start":{"line":345,"column":4},"end":{"line":345,"column":null}},"202":{"start":{"line":348,"column":29},"end":{"line":361,"column":null}},"203":{"start":{"line":349,"column":4},"end":{"line":353,"column":null}},"204":{"start":{"line":350,"column":6},"end":{"line":350,"column":null}},"205":{"start":{"line":351,"column":6},"end":{"line":351,"column":null}},"206":{"start":{"line":352,"column":6},"end":{"line":352,"column":null}},"207":{"start":{"line":354,"column":28},"end":{"line":359,"column":null}},"208":{"start":{"line":360,"column":4},"end":{"line":360,"column":null}},"209":{"start":{"line":363,"column":30},"end":{"line":375,"column":null}},"210":{"start":{"line":364,"column":28},"end":{"line":369,"column":null}},"211":{"start":{"line":370,"column":4},"end":{"line":370,"column":null}},"212":{"start":{"line":371,"column":4},"end":{"line":371,"column":null}},"213":{"start":{"line":372,"column":4},"end":{"line":372,"column":null}},"214":{"start":{"line":373,"column":4},"end":{"line":373,"column":null}},"215":{"start":{"line":374,"column":4},"end":{"line":374,"column":null}},"216":{"start":{"line":377,"column":29},"end":{"line":382,"column":null}},"217":{"start":{"line":378,"column":4},"end":{"line":378,"column":null}},"218":{"start":{"line":379,"column":4},"end":{"line":379,"column":null}},"219":{"start":{"line":380,"column":4},"end":{"line":380,"column":null}},"220":{"start":{"line":381,"column":4},"end":{"line":381,"column":null}},"221":{"start":{"line":384,"column":33},"end":{"line":387,"column":null}},"222":{"start":{"line":385,"column":4},"end":{"line":385,"column":null}},"223":{"start":{"line":386,"column":4},"end":{"line":386,"column":null}},"224":{"start":{"line":389,"column":28},"end":{"line":395,"column":null}},"225":{"start":{"line":390,"column":4},"end":{"line":390,"column":null}},"226":{"start":{"line":390,"column":24},"end":{"line":390,"column":null}},"227":{"start":{"line":391,"column":22},"end":{"line":393,"column":null}},"228":{"start":{"line":392,"column":6},"end":{"line":392,"column":null}},"229":{"start":{"line":394,"column":4},"end":{"line":394,"column":null}},"230":{"start":{"line":397,"column":22},"end":{"line":397,"column":null}},"231":{"start":{"line":397,"column":39},"end":{"line":397,"column":61}},"232":{"start":{"line":399,"column":8},"end":{"line":403,"column":null}},"233":{"start":{"line":400,"column":4},"end":{"line":400,"column":null}},"234":{"start":{"line":400,"column":20},"end":{"line":400,"column":null}},"235":{"start":{"line":401,"column":4},"end":{"line":401,"column":null}},"236":{"start":{"line":401,"column":23},"end":{"line":401,"column":null}},"237":{"start":{"line":402,"column":4},"end":{"line":402,"column":null}},"238":{"start":{"line":405,"column":27},"end":{"line":407,"column":null}},"239":{"start":{"line":409,"column":27},"end":{"line":411,"column":null}},"240":{"start":{"line":414,"column":33},"end":{"line":416,"column":null}},"241":{"start":{"line":419,"column":24},"end":{"line":419,"column":null}},"242":{"start":{"line":419,"column":42},"end":{"line":419,"column":73}},"243":{"start":{"line":421,"column":51},"end":{"line":540,"column":null}},"244":{"start":{"line":431,"column":30},"end":{"line":431,"column":null}},"245":{"start":{"line":446,"column":25},"end":{"line":446,"column":null}},"246":{"start":{"line":456,"column":27},"end":{"line":456,"column":null}},"247":{"start":{"line":462,"column":29},"end":{"line":462,"column":null}},"248":{"start":{"line":479,"column":31},"end":{"line":479,"column":null}},"249":{"start":{"line":493,"column":27},"end":{"line":493,"column":null}},"250":{"start":{"line":502,"column":27},"end":{"line":502,"column":null}},"251":{"start":{"line":509,"column":27},"end":{"line":509,"column":null}},"252":{"start":{"line":532,"column":14},"end":{"line":532,"column":null}},"253":{"start":{"line":533,"column":14},"end":{"line":533,"column":null}},"254":{"start":{"line":542,"column":2},"end":{"line":706,"column":null}},"255":{"start":{"line":589,"column":36},"end":{"line":589,"column":null}},"256":{"start":{"line":604,"column":44},"end":{"line":604,"column":null}},"257":{"start":{"line":604,"column":73},"end":{"line":604,"column":91}},"258":{"start":{"line":608,"column":14},"end":{"line":608,"column":null}},"259":{"start":{"line":609,"column":14},"end":{"line":609,"column":null}},"260":{"start":{"line":648,"column":24},"end":{"line":648,"column":null}},"261":{"start":{"line":654,"column":31},"end":{"line":654,"column":null}},"262":{"start":{"line":659,"column":31},"end":{"line":659,"column":null}},"263":{"start":{"line":666,"column":27},"end":{"line":666,"column":null}},"264":{"start":{"line":666,"column":56},"end":{"line":666,"column":90}},"265":{"start":{"line":683,"column":24},"end":{"line":683,"column":null}},"266":{"start":{"line":689,"column":31},"end":{"line":689,"column":null}},"267":{"start":{"line":691,"column":52},"end":{"line":691,"column":86}},"268":{"start":{"line":697,"column":27},"end":{"line":697,"column":null}},"269":{"start":{"line":697,"column":52},"end":{"line":697,"column":90}}},"fnMap":{"0":{"name":"(anonymous_0)","decl":{"start":{"line":41,"column":19},"end":{"line":41,"column":20}},"loc":{"start":{"line":42,"column":2},"end":{"line":42,"column":null}},"line":42},"1":{"name":"(anonymous_1)","decl":{"start":{"line":42,"column":11},"end":{"line":42,"column":18}},"loc":{"start":{"line":42,"column":18},"end":{"line":42,"column":80}},"line":42},"2":{"name":"(anonymous_2)","decl":{"start":{"line":44,"column":31},"end":{"line":44,"column":37}},"loc":{"start":{"line":44,"column":37},"end":{"line":708,"column":null}},"line":44},"3":{"name":"(anonymous_3)","decl":{"start":{"line":57,"column":67},"end":{"line":57,"column":73}},"loc":{"start":{"line":57,"column":73},"end":{"line":57,"column":104}},"line":57},"4":{"name":"(anonymous_4)","decl":{"start":{"line":71,"column":12},"end":{"line":71,"column":18}},"loc":{"start":{"line":71,"column":18},"end":{"line":73,"column":5}},"line":71},"5":{"name":"(anonymous_5)","decl":{"start":{"line":75,"column":46},"end":{"line":75,"column":52}},"loc":{"start":{"line":75,"column":52},"end":{"line":81,"column":5}},"line":75},"6":{"name":"(anonymous_6)","decl":{"start":{"line":77,"column":36},"end":{"line":77,"column":41}},"loc":{"start":{"line":77,"column":41},"end":{"line":77,"column":63}},"line":77},"7":{"name":"(anonymous_7)","decl":{"start":{"line":83,"column":12},"end":{"line":83,"column":18}},"loc":{"start":{"line":83,"column":18},"end":{"line":99,"column":5}},"line":83},"8":{"name":"(anonymous_8)","decl":{"start":{"line":84,"column":20},"end":{"line":84,"column":21}},"loc":{"start":{"line":84,"column":42},"end":{"line":96,"column":null}},"line":84},"9":{"name":"(anonymous_9)","decl":{"start":{"line":98,"column":11},"end":{"line":98,"column":17}},"loc":{"start":{"line":98,"column":17},"end":{"line":98,"column":null}},"line":98},"10":{"name":"(anonymous_10)","decl":{"start":{"line":101,"column":12},"end":{"line":101,"column":18}},"loc":{"start":{"line":101,"column":18},"end":{"line":115,"column":5}},"line":101},"11":{"name":"(anonymous_11)","decl":{"start":{"line":102,"column":20},"end":{"line":102,"column":21}},"loc":{"start":{"line":102,"column":39},"end":{"line":112,"column":null}},"line":102},"12":{"name":"(anonymous_12)","decl":{"start":{"line":114,"column":11},"end":{"line":114,"column":17}},"loc":{"start":{"line":114,"column":17},"end":{"line":114,"column":null}},"line":114},"13":{"name":"(anonymous_13)","decl":{"start":{"line":118,"column":4},"end":{"line":118,"column":10}},"loc":{"start":{"line":118,"column":10},"end":{"line":118,"column":null}},"line":118},"14":{"name":"(anonymous_14)","decl":{"start":{"line":122,"column":26},"end":{"line":122,"column":27}},"loc":{"start":{"line":122,"column":60},"end":{"line":146,"column":null}},"line":122},"15":{"name":"(anonymous_15)","decl":{"start":{"line":123,"column":28},"end":{"line":123,"column":33}},"loc":{"start":{"line":123,"column":33},"end":{"line":123,"column":71}},"line":123},"16":{"name":"(anonymous_16)","decl":{"start":{"line":148,"column":29},"end":{"line":148,"column":30}},"loc":{"start":{"line":148,"column":45},"end":{"line":158,"column":null}},"line":148},"17":{"name":"(anonymous_17)","decl":{"start":{"line":149,"column":28},"end":{"line":149,"column":33}},"loc":{"start":{"line":149,"column":33},"end":{"line":149,"column":44}},"line":149},"18":{"name":"(anonymous_18)","decl":{"start":{"line":160,"column":32},"end":{"line":160,"column":38}},"loc":{"start":{"line":160,"column":38},"end":{"line":160,"column":null}},"line":160},"19":{"name":"(anonymous_19)","decl":{"start":{"line":162,"column":29},"end":{"line":162,"column":30}},"loc":{"start":{"line":162,"column":69},"end":{"line":209,"column":null}},"line":162},"20":{"name":"(anonymous_20)","decl":{"start":{"line":178,"column":6},"end":{"line":178,"column":11}},"loc":{"start":{"line":178,"column":11},"end":{"line":178,"column":null}},"line":178},"21":{"name":"(anonymous_21)","decl":{"start":{"line":211,"column":27},"end":{"line":211,"column":33}},"loc":{"start":{"line":211,"column":33},"end":{"line":224,"column":null}},"line":211},"22":{"name":"(anonymous_22)","decl":{"start":{"line":213,"column":28},"end":{"line":213,"column":33}},"loc":{"start":{"line":213,"column":33},"end":{"line":213,"column":57}},"line":213},"23":{"name":"(anonymous_23)","decl":{"start":{"line":215,"column":35},"end":{"line":215,"column":null}},"loc":{"start":{"line":216,"column":8},"end":{"line":218,"column":null}},"line":216},"24":{"name":"(anonymous_24)","decl":{"start":{"line":226,"column":28},"end":{"line":226,"column":29}},"loc":{"start":{"line":226,"column":47},"end":{"line":238,"column":null}},"line":226},"25":{"name":"(anonymous_25)","decl":{"start":{"line":229,"column":21},"end":{"line":229,"column":27}},"loc":{"start":{"line":229,"column":27},"end":{"line":229,"column":43}},"line":229},"26":{"name":"(anonymous_26)","decl":{"start":{"line":230,"column":21},"end":{"line":230,"column":27}},"loc":{"start":{"line":230,"column":27},"end":{"line":230,"column":72}},"line":230},"27":{"name":"(anonymous_27)","decl":{"start":{"line":235,"column":40},"end":{"line":235,"column":46}},"loc":{"start":{"line":235,"column":46},"end":{"line":235,"column":62}},"line":235},"28":{"name":"(anonymous_28)","decl":{"start":{"line":240,"column":32},"end":{"line":240,"column":33}},"loc":{"start":{"line":240,"column":54},"end":{"line":243,"column":null}},"line":240},"29":{"name":"(anonymous_29)","decl":{"start":{"line":245,"column":34},"end":{"line":245,"column":35}},"loc":{"start":{"line":245,"column":58},"end":{"line":248,"column":null}},"line":245},"30":{"name":"(anonymous_30)","decl":{"start":{"line":250,"column":31},"end":{"line":250,"column":32}},"loc":{"start":{"line":250,"column":62},"end":{"line":256,"column":null}},"line":250},"31":{"name":"(anonymous_31)","decl":{"start":{"line":252,"column":33},"end":{"line":252,"column":null}},"loc":{"start":{"line":253,"column":6},"end":{"line":253,"column":null}},"line":253},"32":{"name":"(anonymous_32)","decl":{"start":{"line":258,"column":30},"end":{"line":258,"column":null}},"loc":{"start":{"line":259,"column":4},"end":{"line":259,"column":null}},"line":259},"33":{"name":"(anonymous_33)","decl":{"start":{"line":261,"column":28},"end":{"line":261,"column":29}},"loc":{"start":{"line":261,"column":47},"end":{"line":276,"column":null}},"line":261},"34":{"name":"(anonymous_34)","decl":{"start":{"line":278,"column":27},"end":{"line":278,"column":28}},"loc":{"start":{"line":278,"column":43},"end":{"line":284,"column":null}},"line":278},"35":{"name":"(anonymous_35)","decl":{"start":{"line":286,"column":29},"end":{"line":286,"column":30}},"loc":{"start":{"line":286,"column":45},"end":{"line":290,"column":null}},"line":286},"36":{"name":"(anonymous_36)","decl":{"start":{"line":292,"column":28},"end":{"line":292,"column":null}},"loc":{"start":{"line":293,"column":4},"end":{"line":293,"column":null}},"line":293},"37":{"name":"(anonymous_37)","decl":{"start":{"line":295,"column":20},"end":{"line":295,"column":27}},"loc":{"start":{"line":295,"column":48},"end":{"line":337,"column":null}},"line":295},"38":{"name":"(anonymous_38)","decl":{"start":{"line":308,"column":59},"end":{"line":308,"column":65}},"loc":{"start":{"line":308,"column":65},"end":{"line":308,"column":76}},"line":308},"39":{"name":"(anonymous_39)","decl":{"start":{"line":339,"column":29},"end":{"line":339,"column":35}},"loc":{"start":{"line":339,"column":35},"end":{"line":339,"column":null}},"line":339},"40":{"name":"(anonymous_40)","decl":{"start":{"line":342,"column":25},"end":{"line":342,"column":26}},"loc":{"start":{"line":342,"column":63},"end":{"line":346,"column":null}},"line":342},"41":{"name":"(anonymous_41)","decl":{"start":{"line":348,"column":29},"end":{"line":348,"column":30}},"loc":{"start":{"line":348,"column":63},"end":{"line":361,"column":null}},"line":348},"42":{"name":"(anonymous_42)","decl":{"start":{"line":363,"column":30},"end":{"line":363,"column":31}},"loc":{"start":{"line":363,"column":98},"end":{"line":375,"column":null}},"line":363},"43":{"name":"(anonymous_43)","decl":{"start":{"line":377,"column":29},"end":{"line":377,"column":30}},"loc":{"start":{"line":377,"column":79},"end":{"line":382,"column":null}},"line":377},"44":{"name":"(anonymous_44)","decl":{"start":{"line":384,"column":33},"end":{"line":384,"column":39}},"loc":{"start":{"line":384,"column":39},"end":{"line":387,"column":null}},"line":384},"45":{"name":"(anonymous_45)","decl":{"start":{"line":389,"column":28},"end":{"line":389,"column":34}},"loc":{"start":{"line":389,"column":34},"end":{"line":395,"column":null}},"line":389},"46":{"name":"(anonymous_46)","decl":{"start":{"line":391,"column":33},"end":{"line":391,"column":null}},"loc":{"start":{"line":392,"column":6},"end":{"line":392,"column":null}},"line":392},"47":{"name":"(anonymous_47)","decl":{"start":{"line":397,"column":34},"end":{"line":397,"column":39}},"loc":{"start":{"line":397,"column":39},"end":{"line":397,"column":61}},"line":397},"48":{"name":"(anonymous_48)","decl":{"start":{"line":399,"column":35},"end":{"line":399,"column":41}},"loc":{"start":{"line":399,"column":41},"end":{"line":403,"column":5}},"line":399},"49":{"name":"(anonymous_49)","decl":{"start":{"line":419,"column":36},"end":{"line":419,"column":42}},"loc":{"start":{"line":419,"column":42},"end":{"line":419,"column":73}},"line":419},"50":{"name":"(anonymous_50)","decl":{"start":{"line":431,"column":25},"end":{"line":431,"column":30}},"loc":{"start":{"line":431,"column":30},"end":{"line":431,"column":null}},"line":431},"51":{"name":"(anonymous_51)","decl":{"start":{"line":446,"column":20},"end":{"line":446,"column":25}},"loc":{"start":{"line":446,"column":25},"end":{"line":446,"column":null}},"line":446},"52":{"name":"(anonymous_52)","decl":{"start":{"line":456,"column":22},"end":{"line":456,"column":27}},"loc":{"start":{"line":456,"column":27},"end":{"line":456,"column":null}},"line":456},"53":{"name":"(anonymous_53)","decl":{"start":{"line":462,"column":24},"end":{"line":462,"column":29}},"loc":{"start":{"line":462,"column":29},"end":{"line":462,"column":null}},"line":462},"54":{"name":"(anonymous_54)","decl":{"start":{"line":479,"column":26},"end":{"line":479,"column":31}},"loc":{"start":{"line":479,"column":31},"end":{"line":479,"column":null}},"line":479},"55":{"name":"(anonymous_55)","decl":{"start":{"line":493,"column":22},"end":{"line":493,"column":27}},"loc":{"start":{"line":493,"column":27},"end":{"line":493,"column":null}},"line":493},"56":{"name":"(anonymous_56)","decl":{"start":{"line":502,"column":21},"end":{"line":502,"column":27}},"loc":{"start":{"line":502,"column":27},"end":{"line":502,"column":null}},"line":502},"57":{"name":"(anonymous_57)","decl":{"start":{"line":509,"column":21},"end":{"line":509,"column":27}},"loc":{"start":{"line":509,"column":27},"end":{"line":509,"column":null}},"line":509},"58":{"name":"(anonymous_58)","decl":{"start":{"line":531,"column":21},"end":{"line":531,"column":27}},"loc":{"start":{"line":531,"column":27},"end":{"line":534,"column":null}},"line":531},"59":{"name":"(anonymous_59)","decl":{"start":{"line":589,"column":27},"end":{"line":589,"column":36}},"loc":{"start":{"line":589,"column":36},"end":{"line":589,"column":null}},"line":589},"60":{"name":"(anonymous_60)","decl":{"start":{"line":604,"column":36},"end":{"line":604,"column":44}},"loc":{"start":{"line":604,"column":44},"end":{"line":604,"column":null}},"line":604},"61":{"name":"(anonymous_61)","decl":{"start":{"line":604,"column":64},"end":{"line":604,"column":73}},"loc":{"start":{"line":604,"column":73},"end":{"line":604,"column":91}},"line":604},"62":{"name":"(anonymous_62)","decl":{"start":{"line":607,"column":24},"end":{"line":607,"column":30}},"loc":{"start":{"line":607,"column":30},"end":{"line":610,"column":null}},"line":607},"63":{"name":"(anonymous_63)","decl":{"start":{"line":648,"column":18},"end":{"line":648,"column":24}},"loc":{"start":{"line":648,"column":24},"end":{"line":648,"column":null}},"line":648},"64":{"name":"(anonymous_64)","decl":{"start":{"line":654,"column":25},"end":{"line":654,"column":31}},"loc":{"start":{"line":654,"column":31},"end":{"line":654,"column":null}},"line":654},"65":{"name":"(anonymous_65)","decl":{"start":{"line":659,"column":25},"end":{"line":659,"column":31}},"loc":{"start":{"line":659,"column":31},"end":{"line":659,"column":null}},"line":659},"66":{"name":"(anonymous_66)","decl":{"start":{"line":666,"column":22},"end":{"line":666,"column":27}},"loc":{"start":{"line":666,"column":27},"end":{"line":666,"column":null}},"line":666},"67":{"name":"(anonymous_67)","decl":{"start":{"line":666,"column":47},"end":{"line":666,"column":56}},"loc":{"start":{"line":666,"column":56},"end":{"line":666,"column":90}},"line":666},"68":{"name":"(anonymous_68)","decl":{"start":{"line":683,"column":18},"end":{"line":683,"column":24}},"loc":{"start":{"line":683,"column":24},"end":{"line":683,"column":null}},"line":683},"69":{"name":"(anonymous_69)","decl":{"start":{"line":689,"column":25},"end":{"line":689,"column":31}},"loc":{"start":{"line":689,"column":31},"end":{"line":689,"column":null}},"line":689},"70":{"name":"(anonymous_70)","decl":{"start":{"line":691,"column":46},"end":{"line":691,"column":52}},"loc":{"start":{"line":691,"column":52},"end":{"line":691,"column":86}},"line":691},"71":{"name":"(anonymous_71)","decl":{"start":{"line":697,"column":22},"end":{"line":697,"column":27}},"loc":{"start":{"line":697,"column":27},"end":{"line":697,"column":null}},"line":697},"72":{"name":"(anonymous_72)","decl":{"start":{"line":697,"column":43},"end":{"line":697,"column":52}},"loc":{"start":{"line":697,"column":52},"end":{"line":697,"column":90}},"line":697}},"branchMap":{"0":{"loc":{"start":{"line":42,"column":18},"end":{"line":42,"column":80}},"type":"binary-expr","locations":[{"start":{"line":42,"column":18},"end":{"line":42,"column":49}},{"start":{"line":42,"column":49},"end":{"line":42,"column":80}}],"line":42},"1":{"loc":{"start":{"line":50,"column":21},"end":{"line":50,"column":null}},"type":"cond-expr","locations":[{"start":{"line":50,"column":32},"end":{"line":50,"column":56}},{"start":{"line":50,"column":56},"end":{"line":50,"column":null}}],"line":50},"2":{"loc":{"start":{"line":76,"column":4},"end":{"line":76,"column":null}},"type":"if","locations":[{"start":{"line":76,"column":4},"end":{"line":76,"column":null}},{"start":{},"end":{}}],"line":76},"3":{"loc":{"start":{"line":85,"column":6},"end":{"line":88,"column":null}},"type":"if","locations":[{"start":{"line":85,"column":6},"end":{"line":88,"column":null}},{"start":{},"end":{}}],"line":85},"4":{"loc":{"start":{"line":85,"column":10},"end":{"line":85,"column":52}},"type":"binary-expr","locations":[{"start":{"line":85,"column":10},"end":{"line":85,"column":23}},{"start":{"line":85,"column":23},"end":{"line":85,"column":37}},{"start":{"line":85,"column":37},"end":{"line":85,"column":52}}],"line":85},"5":{"loc":{"start":{"line":89,"column":6},"end":{"line":92,"column":null}},"type":"if","locations":[{"start":{"line":89,"column":6},"end":{"line":92,"column":null}},{"start":{},"end":{}}],"line":89},"6":{"loc":{"start":{"line":89,"column":10},"end":{"line":89,"column":38}},"type":"binary-expr","locations":[{"start":{"line":89,"column":10},"end":{"line":89,"column":23}},{"start":{"line":89,"column":23},"end":{"line":89,"column":38}}],"line":89},"7":{"loc":{"start":{"line":93,"column":6},"end":{"line":95,"column":null}},"type":"if","locations":[{"start":{"line":93,"column":6},"end":{"line":95,"column":null}},{"start":{},"end":{}}],"line":93},"8":{"loc":{"start":{"line":93,"column":10},"end":{"line":93,"column":56}},"type":"binary-expr","locations":[{"start":{"line":93,"column":10},"end":{"line":93,"column":32}},{"start":{"line":93,"column":32},"end":{"line":93,"column":56}}],"line":93},"9":{"loc":{"start":{"line":103,"column":6},"end":{"line":103,"column":null}},"type":"if","locations":[{"start":{"line":103,"column":6},"end":{"line":103,"column":null}},{"start":{},"end":{}}],"line":103},"10":{"loc":{"start":{"line":105,"column":6},"end":{"line":105,"column":null}},"type":"if","locations":[{"start":{"line":105,"column":6},"end":{"line":105,"column":null}},{"start":{},"end":{}}],"line":105},"11":{"loc":{"start":{"line":106,"column":6},"end":{"line":106,"column":null}},"type":"if","locations":[{"start":{"line":106,"column":6},"end":{"line":106,"column":null}},{"start":{},"end":{}}],"line":106},"12":{"loc":{"start":{"line":110,"column":6},"end":{"line":110,"column":null}},"type":"if","locations":[{"start":{"line":110,"column":6},"end":{"line":110,"column":null}},{"start":{},"end":{}}],"line":110},"13":{"loc":{"start":{"line":123,"column":33},"end":{"line":123,"column":71}},"type":"binary-expr","locations":[{"start":{"line":123,"column":33},"end":{"line":123,"column":56}},{"start":{"line":123,"column":56},"end":{"line":123,"column":71}}],"line":123},"14":{"loc":{"start":{"line":125,"column":4},"end":{"line":132,"column":null}},"type":"if","locations":[{"start":{"line":125,"column":4},"end":{"line":132,"column":null}},{"start":{},"end":{}}],"line":125},"15":{"loc":{"start":{"line":126,"column":6},"end":{"line":130,"column":null}},"type":"if","locations":[{"start":{"line":126,"column":6},"end":{"line":130,"column":null}},{"start":{"line":128,"column":13},"end":{"line":130,"column":null}}],"line":126},"16":{"loc":{"start":{"line":129,"column":25},"end":{"line":129,"column":39}},"type":"binary-expr","locations":[{"start":{"line":129,"column":25},"end":{"line":129,"column":35}},{"start":{"line":129,"column":35},"end":{"line":129,"column":39}}],"line":129},"17":{"loc":{"start":{"line":134,"column":4},"end":{"line":145,"column":null}},"type":"if","locations":[{"start":{"line":134,"column":4},"end":{"line":145,"column":null}},{"start":{"line":136,"column":11},"end":{"line":145,"column":null}}],"line":134},"18":{"loc":{"start":{"line":141,"column":15},"end":{"line":141,"column":null}},"type":"binary-expr","locations":[{"start":{"line":141,"column":15},"end":{"line":141,"column":33}},{"start":{"line":141,"column":33},"end":{"line":141,"column":null}}],"line":141},"19":{"loc":{"start":{"line":150,"column":4},"end":{"line":150,"column":null}},"type":"if","locations":[{"start":{"line":150,"column":4},"end":{"line":150,"column":null}},{"start":{},"end":{}}],"line":150},"20":{"loc":{"start":{"line":163,"column":4},"end":{"line":163,"column":null}},"type":"if","locations":[{"start":{"line":163,"column":4},"end":{"line":163,"column":null}},{"start":{},"end":{}}],"line":163},"21":{"loc":{"start":{"line":163,"column":8},"end":{"line":163,"column":39}},"type":"binary-expr","locations":[{"start":{"line":163,"column":8},"end":{"line":163,"column":22}},{"start":{"line":163,"column":22},"end":{"line":163,"column":39}}],"line":163},"22":{"loc":{"start":{"line":171,"column":6},"end":{"line":175,"column":null}},"type":"cond-expr","locations":[{"start":{"line":172,"column":10},"end":{"line":172,"column":null}},{"start":{"line":173,"column":10},"end":{"line":175,"column":null}}],"line":171},"23":{"loc":{"start":{"line":173,"column":10},"end":{"line":175,"column":null}},"type":"cond-expr","locations":[{"start":{"line":174,"column":12},"end":{"line":174,"column":null}},{"start":{"line":175,"column":12},"end":{"line":175,"column":null}}],"line":173},"24":{"loc":{"start":{"line":178,"column":11},"end":{"line":178,"column":null}},"type":"binary-expr","locations":[{"start":{"line":178,"column":11},"end":{"line":178,"column":37}},{"start":{"line":178,"column":37},"end":{"line":178,"column":59}},{"start":{"line":178,"column":59},"end":{"line":178,"column":null}}],"line":178},"25":{"loc":{"start":{"line":184,"column":4},"end":{"line":200,"column":null}},"type":"if","locations":[{"start":{"line":184,"column":4},"end":{"line":200,"column":null}},{"start":{"line":187,"column":11},"end":{"line":200,"column":null}}],"line":184},"26":{"loc":{"start":{"line":196,"column":6},"end":{"line":199,"column":null}},"type":"if","locations":[{"start":{"line":196,"column":6},"end":{"line":199,"column":null}},{"start":{},"end":{}}],"line":196},"27":{"loc":{"start":{"line":212,"column":4},"end":{"line":212,"column":null}},"type":"if","locations":[{"start":{"line":212,"column":4},"end":{"line":212,"column":null}},{"start":{},"end":{}}],"line":212},"28":{"loc":{"start":{"line":214,"column":4},"end":{"line":222,"column":null}},"type":"if","locations":[{"start":{"line":214,"column":4},"end":{"line":222,"column":null}},{"start":{},"end":{}}],"line":214},"29":{"loc":{"start":{"line":214,"column":8},"end":{"line":214,"column":95}},"type":"binary-expr","locations":[{"start":{"line":214,"column":8},"end":{"line":214,"column":16}},{"start":{"line":214,"column":16},"end":{"line":214,"column":58}},{"start":{"line":214,"column":58},"end":{"line":214,"column":95}}],"line":214},"30":{"loc":{"start":{"line":216,"column":8},"end":{"line":218,"column":null}},"type":"cond-expr","locations":[{"start":{"line":217,"column":12},"end":{"line":217,"column":null}},{"start":{"line":218,"column":12},"end":{"line":218,"column":null}}],"line":216},"31":{"loc":{"start":{"line":227,"column":4},"end":{"line":237,"column":null}},"type":"if","locations":[{"start":{"line":227,"column":4},"end":{"line":237,"column":null}},{"start":{"line":232,"column":11},"end":{"line":237,"column":null}}],"line":227},"32":{"loc":{"start":{"line":228,"column":24},"end":{"line":230,"column":null}},"type":"cond-expr","locations":[{"start":{"line":229,"column":10},"end":{"line":229,"column":null}},{"start":{"line":230,"column":10},"end":{"line":230,"column":null}}],"line":228},"33":{"loc":{"start":{"line":230,"column":27},"end":{"line":230,"column":72}},"type":"cond-expr","locations":[{"start":{"line":230,"column":52},"end":{"line":230,"column":70}},{"start":{"line":230,"column":70},"end":{"line":230,"column":72}}],"line":230},"34":{"loc":{"start":{"line":234,"column":6},"end":{"line":236,"column":null}},"type":"if","locations":[{"start":{"line":234,"column":6},"end":{"line":236,"column":null}},{"start":{},"end":{}}],"line":234},"35":{"loc":{"start":{"line":234,"column":10},"end":{"line":234,"column":43}},"type":"binary-expr","locations":[{"start":{"line":234,"column":10},"end":{"line":234,"column":24}},{"start":{"line":234,"column":24},"end":{"line":234,"column":43}}],"line":234},"36":{"loc":{"start":{"line":253,"column":6},"end":{"line":253,"column":null}},"type":"cond-expr","locations":[{"start":{"line":253,"column":20},"end":{"line":253,"column":60}},{"start":{"line":253,"column":60},"end":{"line":253,"column":null}}],"line":253},"37":{"loc":{"start":{"line":253,"column":35},"end":{"line":253,"column":56}},"type":"binary-expr","locations":[{"start":{"line":253,"column":35},"end":{"line":253,"column":46}},{"start":{"line":253,"column":46},"end":{"line":253,"column":56}}],"line":253},"38":{"loc":{"start":{"line":259,"column":47},"end":{"line":259,"column":74}},"type":"binary-expr","locations":[{"start":{"line":259,"column":47},"end":{"line":259,"column":71}},{"start":{"line":259,"column":71},"end":{"line":259,"column":74}}],"line":259},"39":{"loc":{"start":{"line":262,"column":22},"end":{"line":262,"column":53}},"type":"binary-expr","locations":[{"start":{"line":262,"column":22},"end":{"line":262,"column":30}},{"start":{"line":262,"column":30},"end":{"line":262,"column":53}}],"line":262},"40":{"loc":{"start":{"line":263,"column":4},"end":{"line":263,"column":null}},"type":"if","locations":[{"start":{"line":263,"column":4},"end":{"line":263,"column":null}},{"start":{},"end":{}}],"line":263},"41":{"loc":{"start":{"line":265,"column":4},"end":{"line":273,"column":null}},"type":"if","locations":[{"start":{"line":265,"column":4},"end":{"line":273,"column":null}},{"start":{"line":271,"column":11},"end":{"line":273,"column":null}}],"line":265},"42":{"loc":{"start":{"line":280,"column":4},"end":{"line":280,"column":null}},"type":"if","locations":[{"start":{"line":280,"column":4},"end":{"line":280,"column":null}},{"start":{},"end":{}}],"line":280},"43":{"loc":{"start":{"line":289,"column":4},"end":{"line":289,"column":null}},"type":"if","locations":[{"start":{"line":289,"column":4},"end":{"line":289,"column":null}},{"start":{},"end":{}}],"line":289},"44":{"loc":{"start":{"line":293,"column":47},"end":{"line":293,"column":83}},"type":"binary-expr","locations":[{"start":{"line":293,"column":47},"end":{"line":293,"column":71}},{"start":{"line":293,"column":71},"end":{"line":293,"column":83}}],"line":293},"45":{"loc":{"start":{"line":297,"column":4},"end":{"line":297,"column":null}},"type":"if","locations":[{"start":{"line":297,"column":4},"end":{"line":297,"column":null}},{"start":{},"end":{}}],"line":297},"46":{"loc":{"start":{"line":300,"column":27},"end":{"line":302,"column":null}},"type":"cond-expr","locations":[{"start":{"line":301,"column":8},"end":{"line":301,"column":null}},{"start":{"line":302,"column":8},"end":{"line":302,"column":null}}],"line":300},"47":{"loc":{"start":{"line":305,"column":23},"end":{"line":305,"column":null}},"type":"cond-expr","locations":[{"start":{"line":305,"column":34},"end":{"line":305,"column":68}},{"start":{"line":305,"column":68},"end":{"line":305,"column":null}}],"line":305},"48":{"loc":{"start":{"line":322,"column":4},"end":{"line":325,"column":null}},"type":"if","locations":[{"start":{"line":322,"column":4},"end":{"line":325,"column":null}},{"start":{},"end":{}}],"line":322},"49":{"loc":{"start":{"line":322,"column":8},"end":{"line":322,"column":121}},"type":"binary-expr","locations":[{"start":{"line":322,"column":8},"end":{"line":322,"column":20}},{"start":{"line":322,"column":20},"end":{"line":322,"column":121}}],"line":322},"50":{"loc":{"start":{"line":339,"column":45},"end":{"line":339,"column":80}},"type":"binary-expr","locations":[{"start":{"line":339,"column":45},"end":{"line":339,"column":69}},{"start":{"line":339,"column":69},"end":{"line":339,"column":80}}],"line":339},"51":{"loc":{"start":{"line":343,"column":4},"end":{"line":343,"column":null}},"type":"if","locations":[{"start":{"line":343,"column":4},"end":{"line":343,"column":null}},{"start":{},"end":{}}],"line":343},"52":{"loc":{"start":{"line":349,"column":4},"end":{"line":353,"column":null}},"type":"if","locations":[{"start":{"line":349,"column":4},"end":{"line":353,"column":null}},{"start":{},"end":{}}],"line":349},"53":{"loc":{"start":{"line":390,"column":4},"end":{"line":390,"column":null}},"type":"if","locations":[{"start":{"line":390,"column":4},"end":{"line":390,"column":null}},{"start":{},"end":{}}],"line":390},"54":{"loc":{"start":{"line":392,"column":6},"end":{"line":392,"column":null}},"type":"cond-expr","locations":[{"start":{"line":392,"column":31},"end":{"line":392,"column":89}},{"start":{"line":392,"column":89},"end":{"line":392,"column":null}}],"line":392},"55":{"loc":{"start":{"line":397,"column":22},"end":{"line":397,"column":null}},"type":"binary-expr","locations":[{"start":{"line":397,"column":22},"end":{"line":397,"column":66}},{"start":{"line":397,"column":66},"end":{"line":397,"column":null}}],"line":397},"56":{"loc":{"start":{"line":400,"column":4},"end":{"line":400,"column":null}},"type":"if","locations":[{"start":{"line":400,"column":4},"end":{"line":400,"column":null}},{"start":{},"end":{}}],"line":400},"57":{"loc":{"start":{"line":401,"column":4},"end":{"line":401,"column":null}},"type":"if","locations":[{"start":{"line":401,"column":4},"end":{"line":401,"column":null}},{"start":{},"end":{}}],"line":401},"58":{"loc":{"start":{"line":405,"column":27},"end":{"line":407,"column":null}},"type":"cond-expr","locations":[{"start":{"line":406,"column":7},"end":{"line":406,"column":null}},{"start":{"line":407,"column":7},"end":{"line":407,"column":null}}],"line":405},"59":{"loc":{"start":{"line":410,"column":4},"end":{"line":411,"column":null}},"type":"binary-expr","locations":[{"start":{"line":410,"column":4},"end":{"line":410,"column":null}},{"start":{"line":411,"column":4},"end":{"line":411,"column":null}}],"line":410},"60":{"loc":{"start":{"line":415,"column":4},"end":{"line":416,"column":null}},"type":"binary-expr","locations":[{"start":{"line":415,"column":4},"end":{"line":415,"column":null}},{"start":{"line":416,"column":4},"end":{"line":416,"column":null}}],"line":415},"61":{"loc":{"start":{"line":431,"column":30},"end":{"line":431,"column":null}},"type":"binary-expr","locations":[{"start":{"line":431,"column":30},"end":{"line":431,"column":50}},{"start":{"line":431,"column":50},"end":{"line":431,"column":null}}],"line":431},"62":{"loc":{"start":{"line":446,"column":25},"end":{"line":446,"column":null}},"type":"binary-expr","locations":[{"start":{"line":446,"column":25},"end":{"line":446,"column":45}},{"start":{"line":446,"column":45},"end":{"line":446,"column":null}}],"line":446},"63":{"loc":{"start":{"line":469,"column":8},"end":{"line":484,"column":null}},"type":"cond-expr","locations":[{"start":{"line":470,"column":8},"end":{"line":483,"column":null}},{"start":{"line":484,"column":8},"end":{"line":484,"column":null}}],"line":469},"64":{"loc":{"start":{"line":478,"column":23},"end":{"line":478,"column":null}},"type":"binary-expr","locations":[{"start":{"line":478,"column":23},"end":{"line":478,"column":45}},{"start":{"line":478,"column":45},"end":{"line":478,"column":null}}],"line":478},"65":{"loc":{"start":{"line":502,"column":27},"end":{"line":502,"column":null}},"type":"binary-expr","locations":[{"start":{"line":502,"column":27},"end":{"line":502,"column":47}},{"start":{"line":502,"column":47},"end":{"line":502,"column":null}}],"line":502},"66":{"loc":{"start":{"line":509,"column":27},"end":{"line":509,"column":null}},"type":"binary-expr","locations":[{"start":{"line":509,"column":27},"end":{"line":509,"column":47}},{"start":{"line":509,"column":47},"end":{"line":509,"column":null}}],"line":509},"67":{"loc":{"start":{"line":547,"column":7},"end":{"line":612,"column":null}},"type":"binary-expr","locations":[{"start":{"line":547,"column":7},"end":{"line":547,"column":null}},{"start":{"line":548,"column":8},"end":{"line":612,"column":null}}],"line":547},"68":{"loc":{"start":{"line":589,"column":36},"end":{"line":589,"column":null}},"type":"binary-expr","locations":[{"start":{"line":589,"column":36},"end":{"line":589,"column":53}},{"start":{"line":589,"column":53},"end":{"line":589,"column":null}}],"line":589},"69":{"loc":{"start":{"line":616,"column":7},"end":{"line":640,"column":null}},"type":"binary-expr","locations":[{"start":{"line":616,"column":7},"end":{"line":616,"column":null}},{"start":{"line":617,"column":8},"end":{"line":640,"column":null}}],"line":616},"70":{"loc":{"start":{"line":644,"column":7},"end":{"line":675,"column":null}},"type":"binary-expr","locations":[{"start":{"line":644,"column":7},"end":{"line":644,"column":null}},{"start":{"line":645,"column":8},"end":{"line":675,"column":null}}],"line":644},"71":{"loc":{"start":{"line":670,"column":11},"end":{"line":673,"column":null}},"type":"binary-expr","locations":[{"start":{"line":670,"column":11},"end":{"line":670,"column":null}},{"start":{"line":671,"column":12},"end":{"line":673,"column":null}}],"line":670},"72":{"loc":{"start":{"line":679,"column":7},"end":{"line":704,"column":null}},"type":"binary-expr","locations":[{"start":{"line":679,"column":7},"end":{"line":679,"column":null}},{"start":{"line":680,"column":8},"end":{"line":704,"column":null}}],"line":679},"73":{"loc":{"start":{"line":702,"column":38},"end":{"line":702,"column":75}},"type":"binary-expr","locations":[{"start":{"line":702,"column":38},"end":{"line":702,"column":63}},{"start":{"line":702,"column":63},"end":{"line":702,"column":75}}],"line":702}},"s":{"0":1,"1":1,"2":1,"3":1,"4":3,"5":1,"6":1,"7":243,"8":243,"9":243,"10":243,"11":243,"12":243,"13":243,"14":243,"15":52,"16":243,"17":243,"18":243,"19":243,"20":243,"21":243,"22":243,"23":243,"24":243,"25":243,"26":55,"27":243,"28":2,"29":0,"30":2,"31":2,"32":2,"33":2,"34":2,"35":243,"36":243,"37":49,"38":2,"39":2,"40":47,"41":3,"42":3,"43":44,"44":1,"45":243,"46":243,"47":243,"48":243,"49":93,"50":72,"51":51,"52":21,"53":21,"54":11,"55":10,"56":9,"57":1,"58":72,"59":0,"60":1,"61":93,"62":93,"63":93,"64":243,"65":52,"66":243,"67":36,"68":15,"69":36,"70":8,"71":7,"72":1,"73":8,"74":28,"75":2,"76":26,"77":26,"78":26,"79":243,"80":10,"81":12,"82":10,"83":0,"84":10,"85":243,"86":1,"87":243,"88":33,"89":31,"90":2,"91":2,"92":2,"93":2,"94":2,"95":33,"96":3,"97":33,"98":33,"99":33,"100":1,"101":1,"102":1,"103":1,"104":1,"105":1,"106":2,"107":243,"108":38,"109":28,"110":10,"111":12,"112":10,"113":2,"114":3,"115":2,"116":2,"117":10,"118":243,"119":3,"120":2,"121":2,"122":1,"123":2,"124":1,"125":1,"126":0,"127":0,"128":243,"129":2,"130":2,"131":243,"132":1,"133":1,"134":243,"135":1,"136":1,"137":1,"138":1,"139":243,"140":5,"141":243,"142":2,"143":2,"144":0,"145":2,"146":2,"147":1,"148":1,"149":2,"150":2,"151":243,"152":0,"153":0,"154":0,"155":0,"156":0,"157":0,"158":243,"159":0,"160":0,"161":0,"162":0,"163":243,"164":5,"165":243,"166":1,"167":1,"168":0,"169":1,"170":1,"171":1,"172":1,"173":1,"174":1,"175":49,"176":1,"177":1,"178":1,"179":1,"180":1,"181":1,"182":1,"183":0,"184":0,"185":1,"186":1,"187":1,"188":1,"189":1,"190":1,"191":1,"192":1,"193":1,"194":1,"195":243,"196":0,"197":243,"198":0,"199":0,"200":0,"201":0,"202":243,"203":0,"204":0,"205":0,"206":0,"207":0,"208":0,"209":243,"210":0,"211":0,"212":0,"213":0,"214":0,"215":0,"216":243,"217":0,"218":0,"219":0,"220":0,"221":243,"222":0,"223":0,"224":243,"225":0,"226":0,"227":0,"228":0,"229":0,"230":243,"231":81,"232":243,"233":95,"234":3,"235":92,"236":92,"237":64,"238":243,"239":243,"240":243,"241":243,"242":0,"243":243,"244":2,"245":1,"246":3,"247":2,"248":1,"249":0,"250":0,"251":0,"252":1,"253":1,"254":243,"255":0,"256":0,"257":0,"258":0,"259":0,"260":0,"261":1,"262":2,"263":31,"264":31,"265":0,"266":1,"267":1,"268":11,"269":11},"f":{"0":3,"1":1,"2":243,"3":52,"4":55,"5":2,"6":2,"7":243,"8":49,"9":243,"10":93,"11":72,"12":93,"13":52,"14":36,"15":15,"16":10,"17":12,"18":1,"19":33,"20":3,"21":38,"22":12,"23":3,"24":3,"25":2,"26":1,"27":0,"28":2,"29":1,"30":1,"31":1,"32":5,"33":2,"34":0,"35":0,"36":5,"37":1,"38":49,"39":0,"40":0,"41":0,"42":0,"43":0,"44":0,"45":0,"46":0,"47":81,"48":95,"49":0,"50":2,"51":1,"52":3,"53":2,"54":1,"55":0,"56":0,"57":0,"58":1,"59":0,"60":0,"61":0,"62":0,"63":0,"64":1,"65":2,"66":31,"67":31,"68":0,"69":1,"70":1,"71":11,"72":11},"b":{"0":[1,0],"1":[10,233],"2":[0,2],"3":[2,47],"4":[49,5,2],"5":[3,44],"6":[47,3],"7":[1,43],"8":[44,1],"9":[51,21],"10":[11,10],"11":[9,1],"12":[0,72],"13":[15,10],"14":[8,28],"15":[7,1],"16":[1,0],"17":[2,26],"18":[26,0],"19":[0,10],"20":[31,2],"21":[33,2],"22":[2,0],"23":[0,0],"24":[3,2,1],"25":[1,1],"26":[1,0],"27":[28,10],"28":[2,8],"29":[10,10,9],"30":[2,1],"31":[2,1],"32":[1,1],"33":[1,0],"34":[0,1],"35":[1,0],"36":[1,0],"37":[1,0],"38":[5,5],"39":[2,2],"40":[0,2],"41":[1,1],"42":[0,0],"43":[0,0],"44":[5,5],"45":[0,1],"46":[1,0],"47":[1,0],"48":[0,1],"49":[1,0],"50":[0,0],"51":[0,0],"52":[0,0],"53":[0,0],"54":[0,0],"55":[243,190],"56":[3,92],"57":[28,64],"58":[53,190],"59":[243,31],"60":[243,31],"61":[2,2],"62":[1,1],"63":[60,183],"64":[60,59],"65":[0,0],"66":[0,0],"67":[243,10],"68":[0,0],"69":[243,233],"70":[243,233],"71":[233,18],"72":[243,233],"73":[233,1]},"meta":{"lastBranch":74,"lastFunction":73,"lastStatement":270,"seen":{"s:21:41:27:Infinity":0,"s:29:48:33:Infinity":1,"s:35:29:39:Infinity":2,"s:41:19:42:Infinity":3,"f:41:19:41:20":0,"s:42:2:42:Infinity":4,"f:42:11:42:18":1,"s:42:18:42:80":5,"b:42:18:42:49:42:49:42:80":0,"s:44:31:708:Infinity":6,"f:44:31:44:37":2,"s:45:84:45:Infinity":7,"s:46:8:46:Infinity":8,"s:48:60:51:Infinity":9,"b:50:32:50:56:50:56:50:Infinity":1,"s:52:53:52:Infinity":10,"s:54:32:54:Infinity":11,"s:55:40:55:Infinity":12,"s:56:34:56:Infinity":13,"s:57:28:57:Infinity":14,"f:57:67:57:73":3,"s:57:73:57:104":15,"s:58:46:58:Infinity":16,"s:59:54:59:Infinity":17,"s:60:46:60:Infinity":18,"s:61:38:61:Infinity":19,"s:64:50:64:Infinity":20,"s:65:52:65:Infinity":21,"s:67:8:67:Infinity":22,"s:68:8:68:Infinity":23,"s:69:8:69:Infinity":24,"s:71:2:73:Infinity":25,"f:71:12:71:18":4,"s:72:4:72:Infinity":26,"s:75:8:81:Infinity":27,"f:75:46:75:52":5,"b:76:4:76:Infinity:undefined:undefined:undefined:undefined":2,"s:76:4:76:Infinity":28,"s:76:24:76:Infinity":29,"s:77:22:77:Infinity":30,"f:77:36:77:41":6,"s:77:41:77:63":31,"s:78:4:78:Infinity":32,"s:79:4:79:Infinity":33,"s:80:4:80:Infinity":34,"s:83:2:99:Infinity":35,"f:83:12:83:18":7,"s:84:20:96:Infinity":36,"f:84:20:84:21":8,"b:85:6:88:Infinity:undefined:undefined:undefined:undefined":3,"s:85:6:88:Infinity":37,"b:85:10:85:23:85:23:85:37:85:37:85:52":4,"s:86:8:86:Infinity":38,"s:87:8:87:Infinity":39,"b:89:6:92:Infinity:undefined:undefined:undefined:undefined":5,"s:89:6:92:Infinity":40,"b:89:10:89:23:89:23:89:38":6,"s:90:8:90:Infinity":41,"s:91:8:91:Infinity":42,"b:93:6:95:Infinity:undefined:undefined:undefined:undefined":7,"s:93:6:95:Infinity":43,"b:93:10:93:32:93:32:93:56":8,"s:94:8:94:Infinity":44,"s:97:4:97:Infinity":45,"s:98:4:98:Infinity":46,"f:98:11:98:17":9,"s:98:17:98:Infinity":47,"s:101:2:115:Infinity":48,"f:101:12:101:18":10,"s:102:20:112:Infinity":49,"f:102:20:102:21":11,"b:103:6:103:Infinity:undefined:undefined:undefined:undefined":9,"s:103:6:103:Infinity":50,"s:103:26:103:Infinity":51,"s:104:21:104:Infinity":52,"b:105:6:105:Infinity:undefined:undefined:undefined:undefined":10,"s:105:6:105:Infinity":53,"s:105:44:105:Infinity":54,"b:106:6:106:Infinity:undefined:undefined:undefined:undefined":11,"s:106:6:106:Infinity":55,"s:106:49:106:Infinity":56,"s:107:26:109:Infinity":57,"b:110:6:110:Infinity:undefined:undefined:undefined:undefined":12,"s:110:6:110:Infinity":58,"s:110:23:110:Infinity":59,"s:111:6:111:Infinity":60,"s:113:4:113:Infinity":61,"s:114:4:114:Infinity":62,"f:114:11:114:17":12,"s:114:17:114:Infinity":63,"s:117:8:120:Infinity":64,"f:118:4:118:10":13,"s:118:10:118:Infinity":65,"s:122:26:146:Infinity":66,"f:122:26:122:27":14,"s:123:16:123:Infinity":67,"f:123:28:123:33":15,"s:123:33:123:71":68,"b:123:33:123:56:123:56:123:71":13,"b:125:4:132:Infinity:undefined:undefined:undefined:undefined":14,"s:125:4:132:Infinity":69,"b:126:6:130:Infinity:128:13:130:Infinity":15,"s:126:6:130:Infinity":70,"s:127:8:127:Infinity":71,"s:129:8:129:Infinity":72,"b:129:25:129:35:129:35:129:39":16,"s:131:6:131:Infinity":73,"b:134:4:145:Infinity:136:11:145:Infinity":17,"s:134:4:145:Infinity":74,"s:135:6:135:Infinity":75,"s:137:30:142:Infinity":76,"b:141:15:141:33:141:33:141:Infinity":18,"s:143:6:143:Infinity":77,"s:144:6:144:Infinity":78,"s:148:29:158:Infinity":79,"f:148:29:148:30":16,"s:149:16:149:Infinity":80,"f:149:28:149:33":17,"s:149:33:149:44":81,"b:150:4:150:Infinity:undefined:undefined:undefined:undefined":19,"s:150:4:150:Infinity":82,"s:150:14:150:Infinity":83,"s:151:4:157:Infinity":84,"s:160:32:160:Infinity":85,"f:160:32:160:38":18,"s:160:38:160:Infinity":86,"s:162:29:209:Infinity":87,"f:162:29:162:30":19,"b:163:4:163:Infinity:undefined:undefined:undefined:undefined":20,"s:163:4:163:Infinity":88,"b:163:8:163:22:163:22:163:39":21,"s:163:39:163:Infinity":89,"s:164:17:164:Infinity":90,"s:165:19:165:Infinity":91,"s:166:19:166:Infinity":92,"s:168:45:168:Infinity":93,"s:171:6:175:Infinity":94,"b:172:10:172:Infinity:173:10:175:Infinity":22,"b:174:12:174:Infinity:175:12:175:Infinity":23,"s:177:23:179:Infinity":95,"f:178:6:178:11":20,"s:178:11:178:Infinity":96,"b:178:11:178:37:178:37:178:59:178:59:178:Infinity":24,"s:181:27:181:Infinity":97,"s:182:25:182:Infinity":98,"b:184:4:200:Infinity:187:11:200:Infinity":25,"s:184:4:200:Infinity":99,"s:185:6:185:Infinity":100,"s:186:6:186:Infinity":101,"s:188:12:195:Infinity":102,"b:196:6:199:Infinity:undefined:undefined:undefined:undefined":26,"s:196:6:199:Infinity":103,"s:197:8:197:Infinity":104,"s:198:8:198:Infinity":105,"s:202:4:208:Infinity":106,"s:211:27:224:Infinity":107,"f:211:27:211:33":21,"b:212:4:212:Infinity:undefined:undefined:undefined:undefined":27,"s:212:4:212:Infinity":108,"s:212:20:212:Infinity":109,"s:213:16:213:Infinity":110,"f:213:28:213:33":22,"s:213:33:213:57":111,"b:214:4:222:Infinity:undefined:undefined:undefined:undefined":28,"s:214:4:222:Infinity":112,"b:214:8:214:16:214:16:214:58:214:58:214:95":29,"s:215:24:219:Infinity":113,"f:215:35:215:Infinity":23,"s:216:8:218:Infinity":114,"b:217:12:217:Infinity:218:12:218:Infinity":30,"s:220:6:220:Infinity":115,"s:221:6:221:Infinity":116,"s:223:4:223:Infinity":117,"s:226:28:238:Infinity":118,"f:226:28:226:29":24,"b:227:4:237:Infinity:232:11:237:Infinity":31,"s:227:4:237:Infinity":119,"s:228:24:230:Infinity":120,"b:229:10:229:Infinity:230:10:230:Infinity":32,"f:229:21:229:27":25,"s:229:27:229:43":121,"f:230:21:230:27":26,"s:230:27:230:72":122,"b:230:52:230:70:230:70:230:72":33,"s:231:6:231:Infinity":123,"s:233:6:233:Infinity":124,"b:234:6:236:Infinity:undefined:undefined:undefined:undefined":34,"s:234:6:236:Infinity":125,"b:234:10:234:24:234:24:234:43":35,"s:235:8:235:Infinity":126,"f:235:40:235:46":27,"s:235:46:235:62":127,"s:240:32:243:Infinity":128,"f:240:32:240:33":28,"s:241:22:241:Infinity":129,"s:242:4:242:Infinity":130,"s:245:34:248:Infinity":131,"f:245:34:245:35":29,"s:246:22:246:Infinity":132,"s:247:4:247:Infinity":133,"s:250:31:256:Infinity":134,"f:250:31:250:32":30,"s:251:20:251:Infinity":135,"s:252:22:254:Infinity":136,"f:252:33:252:Infinity":31,"s:253:6:253:Infinity":137,"b:253:20:253:60:253:60:253:Infinity":36,"b:253:35:253:46:253:46:253:56":37,"s:255:4:255:Infinity":138,"s:258:30:259:Infinity":139,"f:258:30:258:Infinity":32,"s:259:4:259:Infinity":140,"b:259:47:259:71:259:71:259:74":38,"s:261:28:276:Infinity":141,"f:261:28:261:29":33,"s:262:10:262:Infinity":142,"b:262:22:262:30:262:30:262:53":39,"b:263:4:263:Infinity:undefined:undefined:undefined:undefined":40,"s:263:4:263:Infinity":143,"s:263:19:263:Infinity":144,"s:264:21:264:Infinity":145,"b:265:4:273:Infinity:271:11:273:Infinity":41,"s:265:4:273:Infinity":146,"s:266:6:270:Infinity":147,"s:272:6:272:Infinity":148,"s:274:4:274:Infinity":149,"s:275:4:275:Infinity":150,"s:278:27:284:Infinity":151,"f:278:27:278:28":34,"s:279:19:279:Infinity":152,"b:280:4:280:Infinity:undefined:undefined:undefined:undefined":42,"s:280:4:280:Infinity":153,"s:280:17:280:Infinity":154,"s:281:4:281:Infinity":155,"s:282:4:282:Infinity":156,"s:283:4:283:Infinity":157,"s:286:29:290:Infinity":158,"f:286:29:286:30":35,"s:287:4:287:Infinity":159,"s:288:4:288:Infinity":160,"b:289:4:289:Infinity:undefined:undefined:undefined:undefined":43,"s:289:4:289:Infinity":161,"s:289:33:289:Infinity":162,"s:292:28:293:Infinity":163,"f:292:28:292:Infinity":36,"s:293:4:293:Infinity":164,"b:293:47:293:71:293:71:293:83":44,"s:295:20:337:Infinity":165,"f:295:20:295:27":37,"s:296:16:296:Infinity":166,"b:297:4:297:Infinity:undefined:undefined:undefined:undefined":45,"s:297:4:297:Infinity":167,"s:297:14:297:Infinity":168,"s:299:23:299:Infinity":169,"s:300:27:302:Infinity":170,"b:301:8:301:Infinity:302:8:302:Infinity":46,"s:304:21:304:Infinity":171,"s:305:23:305:Infinity":172,"b:305:34:305:68:305:68:305:Infinity":47,"s:307:18:307:Infinity":173,"s:308:4:308:Infinity":174,"f:308:59:308:65":38,"s:308:65:308:76":175,"s:310:17:310:Infinity":176,"s:311:18:311:Infinity":177,"s:312:4:316:Infinity":178,"s:317:4:317:Infinity":179,"s:318:4:318:Infinity":180,"s:320:19:320:Infinity":181,"b:322:4:325:Infinity:undefined:undefined:undefined:undefined":48,"s:322:4:325:Infinity":182,"b:322:8:322:20:322:20:322:121":49,"s:323:6:323:Infinity":183,"s:324:6:324:Infinity":184,"s:327:17:327:Infinity":185,"s:328:16:328:Infinity":186,"s:329:14:329:Infinity":187,"s:330:4:330:Infinity":188,"s:331:4:331:Infinity":189,"s:332:4:332:Infinity":190,"s:333:4:333:Infinity":191,"s:334:4:334:Infinity":192,"s:335:4:335:Infinity":193,"s:336:4:336:Infinity":194,"s:339:29:339:Infinity":195,"f:339:29:339:35":39,"s:339:35:339:Infinity":196,"b:339:45:339:69:339:69:339:80":50,"s:342:25:346:Infinity":197,"f:342:25:342:26":40,"b:343:4:343:Infinity:undefined:undefined:undefined:undefined":51,"s:343:4:343:Infinity":198,"s:343:28:343:Infinity":199,"s:344:4:344:Infinity":200,"s:345:4:345:Infinity":201,"s:348:29:361:Infinity":202,"f:348:29:348:30":41,"b:349:4:353:Infinity:undefined:undefined:undefined:undefined":52,"s:349:4:353:Infinity":203,"s:350:6:350:Infinity":204,"s:351:6:351:Infinity":205,"s:352:6:352:Infinity":206,"s:354:28:359:Infinity":207,"s:360:4:360:Infinity":208,"s:363:30:375:Infinity":209,"f:363:30:363:31":42,"s:364:28:369:Infinity":210,"s:370:4:370:Infinity":211,"s:371:4:371:Infinity":212,"s:372:4:372:Infinity":213,"s:373:4:373:Infinity":214,"s:374:4:374:Infinity":215,"s:377:29:382:Infinity":216,"f:377:29:377:30":43,"s:378:4:378:Infinity":217,"s:379:4:379:Infinity":218,"s:380:4:380:Infinity":219,"s:381:4:381:Infinity":220,"s:384:33:387:Infinity":221,"f:384:33:384:39":44,"s:385:4:385:Infinity":222,"s:386:4:386:Infinity":223,"s:389:28:395:Infinity":224,"f:389:28:389:34":45,"b:390:4:390:Infinity:undefined:undefined:undefined:undefined":53,"s:390:4:390:Infinity":225,"s:390:24:390:Infinity":226,"s:391:22:393:Infinity":227,"f:391:33:391:Infinity":46,"s:392:6:392:Infinity":228,"b:392:31:392:89:392:89:392:Infinity":54,"s:394:4:394:Infinity":229,"s:397:22:397:Infinity":230,"b:397:22:397:66:397:66:397:Infinity":55,"f:397:34:397:39":47,"s:397:39:397:61":231,"s:399:8:403:Infinity":232,"f:399:35:399:41":48,"b:400:4:400:Infinity:undefined:undefined:undefined:undefined":56,"s:400:4:400:Infinity":233,"s:400:20:400:Infinity":234,"b:401:4:401:Infinity:undefined:undefined:undefined:undefined":57,"s:401:4:401:Infinity":235,"s:401:23:401:Infinity":236,"s:402:4:402:Infinity":237,"s:405:27:407:Infinity":238,"b:406:7:406:Infinity:407:7:407:Infinity":58,"s:409:27:411:Infinity":239,"b:410:4:410:Infinity:411:4:411:Infinity":59,"s:414:33:416:Infinity":240,"b:415:4:415:Infinity:416:4:416:Infinity":60,"s:419:24:419:Infinity":241,"f:419:36:419:42":49,"s:419:42:419:73":242,"s:421:51:540:Infinity":243,"f:431:25:431:30":50,"s:431:30:431:Infinity":244,"b:431:30:431:50:431:50:431:Infinity":61,"f:446:20:446:25":51,"s:446:25:446:Infinity":245,"b:446:25:446:45:446:45:446:Infinity":62,"f:456:22:456:27":52,"s:456:27:456:Infinity":246,"f:462:24:462:29":53,"s:462:29:462:Infinity":247,"b:470:8:483:Infinity:484:8:484:Infinity":63,"b:478:23:478:45:478:45:478:Infinity":64,"f:479:26:479:31":54,"s:479:31:479:Infinity":248,"f:493:22:493:27":55,"s:493:27:493:Infinity":249,"f:502:21:502:27":56,"s:502:27:502:Infinity":250,"b:502:27:502:47:502:47:502:Infinity":65,"f:509:21:509:27":57,"s:509:27:509:Infinity":251,"b:509:27:509:47:509:47:509:Infinity":66,"f:531:21:531:27":58,"s:532:14:532:Infinity":252,"s:533:14:533:Infinity":253,"s:542:2:706:Infinity":254,"b:547:7:547:Infinity:548:8:612:Infinity":67,"f:589:27:589:36":59,"s:589:36:589:Infinity":255,"b:589:36:589:53:589:53:589:Infinity":68,"f:604:36:604:44":60,"s:604:44:604:Infinity":256,"f:604:64:604:73":61,"s:604:73:604:91":257,"f:607:24:607:30":62,"s:608:14:608:Infinity":258,"s:609:14:609:Infinity":259,"b:616:7:616:Infinity:617:8:640:Infinity":69,"b:644:7:644:Infinity:645:8:675:Infinity":70,"f:648:18:648:24":63,"s:648:24:648:Infinity":260,"f:654:25:654:31":64,"s:654:31:654:Infinity":261,"f:659:25:659:31":65,"s:659:31:659:Infinity":262,"f:666:22:666:27":66,"s:666:27:666:Infinity":263,"f:666:47:666:56":67,"s:666:56:666:90":264,"b:670:11:670:Infinity:671:12:673:Infinity":71,"b:679:7:679:Infinity:680:8:704:Infinity":72,"f:683:18:683:24":68,"s:683:24:683:Infinity":265,"f:689:25:689:31":69,"s:689:31:689:Infinity":266,"f:691:46:691:52":70,"s:691:52:691:86":267,"f:697:22:697:27":71,"s:697:27:697:Infinity":268,"f:697:43:697:52":72,"s:697:52:697:90":269,"b:702:38:702:63:702:63:702:75":73}}}
,"/Users/hannahgerber/Documents/code/basscore/src/components/CustomFretboardEditor/CustomFretboardEditor.tsx": {"path":"/Users/hannahgerber/Documents/code/basscore/src/components/CustomFretboardEditor/CustomFretboardEditor.tsx","statementMap":{"0":{"start":{"line":28,"column":32},"end":{"line":28,"column":null}},"1":{"start":{"line":30,"column":25},"end":{"line":39,"column":null}},"2":{"start":{"line":31,"column":14},"end":{"line":31,"column":null}},"3":{"start":{"line":32,"column":2},"end":{"line":32,"column":null}},"4":{"start":{"line":32,"column":22},"end":{"line":32,"column":null}},"5":{"start":{"line":33,"column":12},"end":{"line":33,"column":null}},"6":{"start":{"line":34,"column":12},"end":{"line":34,"column":null}},"7":{"start":{"line":35,"column":12},"end":{"line":35,"column":null}},"8":{"start":{"line":36,"column":19},"end":{"line":36,"column":null}},"9":{"start":{"line":36,"column":35},"end":{"line":36,"column":null}},"10":{"start":{"line":37,"column":12},"end":{"line":37,"column":null}},"11":{"start":{"line":38,"column":2},"end":{"line":38,"column":null}},"12":{"start":{"line":41,"column":30},"end":{"line":414,"column":null}},"13":{"start":{"line":62,"column":67},"end":{"line":62,"column":null}},"14":{"start":{"line":63,"column":20},"end":{"line":63,"column":null}},"15":{"start":{"line":65,"column":8},"end":{"line":65,"column":null}},"16":{"start":{"line":66,"column":8},"end":{"line":66,"column":null}},"17":{"start":{"line":67,"column":8},"end":{"line":67,"column":null}},"18":{"start":{"line":68,"column":8},"end":{"line":68,"column":null}},"19":{"start":{"line":69,"column":8},"end":{"line":69,"column":null}},"20":{"start":{"line":71,"column":8},"end":{"line":148,"column":null}},"21":{"start":{"line":72,"column":54},"end":{"line":72,"column":null}},"22":{"start":{"line":73,"column":42},"end":{"line":73,"column":null}},"23":{"start":{"line":74,"column":14},"end":{"line":74,"column":null}},"24":{"start":{"line":76,"column":4},"end":{"line":146,"column":null}},"25":{"start":{"line":76,"column":20},"end":{"line":76,"column":23}},"26":{"start":{"line":77,"column":24},"end":{"line":77,"column":null}},"27":{"start":{"line":79,"column":6},"end":{"line":145,"column":null}},"28":{"start":{"line":82,"column":14},"end":{"line":82,"column":null}},"29":{"start":{"line":83,"column":14},"end":{"line":83,"column":null}},"30":{"start":{"line":85,"column":8},"end":{"line":112,"column":null}},"31":{"start":{"line":86,"column":10},"end":{"line":94,"column":null}},"32":{"start":{"line":95,"column":8},"end":{"line":112,"column":null}},"33":{"start":{"line":96,"column":10},"end":{"line":111,"column":null}},"34":{"start":{"line":114,"column":14},"end":{"line":114,"column":null}},"35":{"start":{"line":115,"column":14},"end":{"line":115,"column":null}},"36":{"start":{"line":117,"column":8},"end":{"line":144,"column":null}},"37":{"start":{"line":118,"column":10},"end":{"line":126,"column":null}},"38":{"start":{"line":127,"column":8},"end":{"line":144,"column":null}},"39":{"start":{"line":128,"column":10},"end":{"line":143,"column":null}},"40":{"start":{"line":147,"column":4},"end":{"line":147,"column":null}},"41":{"start":{"line":150,"column":27},"end":{"line":178,"column":null}},"42":{"start":{"line":151,"column":4},"end":{"line":151,"column":null}},"43":{"start":{"line":152,"column":4},"end":{"line":152,"column":null}},"44":{"start":{"line":153,"column":4},"end":{"line":153,"column":null}},"45":{"start":{"line":155,"column":4},"end":{"line":159,"column":null}},"46":{"start":{"line":156,"column":6},"end":{"line":156,"column":null}},"47":{"start":{"line":157,"column":6},"end":{"line":157,"column":null}},"48":{"start":{"line":158,"column":6},"end":{"line":158,"column":null}},"49":{"start":{"line":160,"column":18},"end":{"line":160,"column":null}},"50":{"start":{"line":161,"column":4},"end":{"line":161,"column":null}},"51":{"start":{"line":162,"column":4},"end":{"line":162,"column":null}},"52":{"start":{"line":164,"column":16},"end":{"line":164,"column":null}},"53":{"start":{"line":164,"column":33},"end":{"line":164,"column":63}},"54":{"start":{"line":165,"column":4},"end":{"line":177,"column":null}},"55":{"start":{"line":166,"column":6},"end":{"line":170,"column":null}},"56":{"start":{"line":167,"column":8},"end":{"line":167,"column":null}},"57":{"start":{"line":168,"column":8},"end":{"line":168,"column":null}},"58":{"start":{"line":169,"column":8},"end":{"line":169,"column":null}},"59":{"start":{"line":172,"column":6},"end":{"line":176,"column":null}},"60":{"start":{"line":173,"column":8},"end":{"line":173,"column":null}},"61":{"start":{"line":174,"column":8},"end":{"line":174,"column":null}},"62":{"start":{"line":175,"column":8},"end":{"line":175,"column":null}},"63":{"start":{"line":180,"column":26},"end":{"line":193,"column":null}},"64":{"start":{"line":181,"column":4},"end":{"line":181,"column":null}},"65":{"start":{"line":181,"column":39},"end":{"line":181,"column":null}},"66":{"start":{"line":182,"column":4},"end":{"line":182,"column":null}},"67":{"start":{"line":182,"column":65},"end":{"line":182,"column":null}},"68":{"start":{"line":183,"column":18},"end":{"line":183,"column":null}},"69":{"start":{"line":184,"column":15},"end":{"line":184,"column":null}},"70":{"start":{"line":185,"column":15},"end":{"line":185,"column":null}},"71":{"start":{"line":186
[...]
:110,"column":26}},{"start":{"line":110,"column":26},"end":{"line":110,"column":null}}],"line":110},"9":{"loc":{"start":{"line":112,"column":15},"end":{"line":112,"column":null}},"type":"cond-expr","locations":[{"start":{"line":112,"column":22},"end":{"line":112,"column":26}},{"start":{"line":112,"column":26},"end":{"line":112,"column":null}}],"line":112},"10":{"loc":{"start":{"line":114,"column":15},"end":{"line":114,"column":null}},"type":"cond-expr","locations":[{"start":{"line":114,"column":22},"end":{"line":114,"column":26}},{"start":{"line":114,"column":26},"end":{"line":114,"column":null}}],"line":114},"11":{"loc":{"start":{"line":123,"column":4},"end":{"line":137,"column":null}},"type":"switch","locations":[{"start":{"line":124,"column":6},"end":{"line":124,"column":null}},{"start":{"line":125,"column":6},"end":{"line":125,"column":null}},{"start":{"line":126,"column":6},"end":{"line":127,"column":null}},{"start":{"line":128,"column":6},"end":{"line":128,"column":null}},{"start":{"line":129,"column":6},"end":{"line":130,"column":null}},{"start":{"line":131,"column":6},"end":{"line":132,"column":null}},{"start":{"line":133,"column":6},"end":{"line":134,"column":null}},{"start":{"line":135,"column":6},"end":{"line":136,"column":null}}],"line":123},"12":{"loc":{"start":{"line":132,"column":15},"end":{"line":132,"column":null}},"type":"cond-expr","locations":[{"start":{"line":132,"column":22},"end":{"line":132,"column":26}},{"start":{"line":132,"column":26},"end":{"line":132,"column":null}}],"line":132},"13":{"loc":{"start":{"line":141,"column":4},"end":{"line":155,"column":null}},"type":"switch","locations":[{"start":{"line":142,"column":6},"end":{"line":142,"column":null}},{"start":{"line":143,"column":6},"end":{"line":143,"column":null}},{"start":{"line":144,"column":6},"end":{"line":145,"column":null}},{"start":{"line":146,"column":6},"end":{"line":146,"column":null}},{"start":{"line":147,"column":6},"end":{"line":148,"column":null}},{"start":{"line":149,"column":6},"end":{"line":150,"column":null}},{"start":{"line":151,"column":6},"end":{"line":152,"column":null}},{"start":{"line":153,"column":6},"end":{"line":154,"column":null}}],"line":141},"14":{"loc":{"start":{"line":150,"column":15},"end":{"line":150,"column":null}},"type":"cond-expr","locations":[{"start":{"line":150,"column":22},"end":{"line":150,"column":26}},{"start":{"line":150,"column":26},"end":{"line":150,"column":null}}],"line":150},"15":{"loc":{"start":{"line":164,"column":42},"end":{"line":166,"column":null}},"type":"cond-expr","locations":[{"start":{"line":165,"column":6},"end":{"line":165,"column":null}},{"start":{"line":166,"column":6},"end":{"line":166,"column":null}}],"line":164},"16":{"loc":{"start":{"line":168,"column":34},"end":{"line":168,"column":65}},"type":"cond-expr","locations":[{"start":{"line":168,"column":47},"end":{"line":168,"column":62}},{"start":{"line":168,"column":62},"end":{"line":168,"column":65}}],"line":168}},"s":{"0":3,"1":24,"2":24,"3":24,"4":24,"5":15,"6":2,"7":1,"8":1,"9":1,"10":2,"11":2,"12":24,"13":24,"14":24,"15":24,"16":96,"17":288,"18":102,"19":186,"20":24,"21":24,"22":3,"23":30,"24":30,"25":23,"26":1,"27":1,"28":1,"29":1,"30":2,"31":1,"32":0,"33":30,"34":30,"35":25,"36":2,"37":2,"38":1,"39":0,"40":30,"41":28,"42":23,"43":2,"44":2,"45":1,"46":0,"47":30,"48":30,"49":30,"50":30},"f":{"0":24,"1":24,"2":24,"3":96,"4":288,"5":30,"6":30,"7":30,"8":28},"b":{"0":[15,2,1,1,1,2,2],"1":[24,0],"2":[102,186],"3":[30],"4":[30],"5":[23,1,1,1,1,2,1,0],"6":[0,23],"7":[0,1],"8":[0,1],"9":[0,1],"10":[1,1],"11":[23,24,25,1,2,2,1,0],"12":[1,1],"13":[21,22,23,1,2,2,1,0],"14":[1,1],"15":[28,2],"16":[28,2]},"meta":{"lastBranch":17,"lastFunction":9,"lastStatement":51,"seen":{"s:9:27:93:Infinity":0,"f:9:27:9:28":0,"s:10:35:10:Infinity":1,"s:11:30:15:Infinity":2,"s:17:25:69:Infinity":3,"f:17:25:17:47":1,"b:19:6:25:Infinity:26:6:32:Infinity:33:6:39:Infinity:40:6:46:Infinity:47:6:53:Infinity:54:6:60:Infinity:61:6:67:Infinity":0,"s:18:4:68:Infinity":4,"s:20:8:25:Infinity":5,"s:27:8:32:Infinity":6,"s:34:8:39:Infinity":7,"s:41:8:46:Infinity":8,"s:48:8:53:Infinity":9,"s:55:8:60:Infinity":10,"s:62:8:67:Infinity":11,"s:71:33:90:Infinity":12,"f:71:33:71:34":2,"s:72:35:72:Infinity":13,"b:73:4:88:Infinity:undefined:undefined:undefined:undefined":1,"s:73:4:88:Infinity":14,"s:74:6:87:Infinity":15,"f:74:20:74:21":3,"s:76:8:86:Infinity":16,"f:76:36:76:37":4,"b:77:10:85:Infinity:83:17:85:Infinity":2,"s:77:10:85:Infinity":17,"s:78:12:82:Infinity":18,"s:84:12:84:Infinity":19,"s:89:4:89:Infinity":20,"s:92:2:92:Infinity":21,"s:95:30:169:Infinity":22,"f:95:30:95:31":5,"b:97:9:97:Infinity":3,"b:98:11:98:Infinity":4,"s:101:8:120:Infinity":23,"f:101:24:101:30":6,"b:103:6:104:Infinity:105:6:106:Infinity:107:6:108:Infinity:109:6:110:Infinity:111:6:112:Infinity:113:6:114:Infinity:115:6:116:Infinity:117:6:118:Infinity":5,"s:102:4:119:Infinity":24,"s:104:8:104:Infinity":25,"b:104:22:104:26:104:26:104:Infinity":6,"s:106:8:106:Infinity":26,"b:106:22:106:26:106:26:106:Infinity":7,"s:108:8:108:Infinity":27,"s:110:8:110:Infinity":28,"b:110:22:110:26:110:26:110:Infinity":8,"s:112:8:112:Infinity":29,"b:112:22:112:26:112:26:112:Infinity":9,"s:114:8:114:Infinity":30,"b:114:22:114:26:114:26:114:Infinity":10,"s:116:8:116:Infinity":31,"s:118:8:118:Infinity":32,"s:122:25:138:Infinity":33,"f:122:25:122:26":7,"b:124:6:124:Infinity:125:6:125:Infinity:126:6:127:Infinity:128:6:128:Infinity:129:6:130:Infinity:131:6:132:Infinity:133:6:134:Infinity:135:6:136:Infinity":11,"s:123:4:137:Infinity":34,"s:127:8:127:Infinity":35,"s:130:8:130:Infinity":36,"s:132:8:132:Infinity":37,"b:132:22:132:26:132:26:132:Infinity":12,"s:134:8:134:Infinity":38,"s:136:8:136:Infinity":39,"s:140:23:156:Infinity":40,"f:140:23:140:24":8,"b:142:6:142:Infinity:143:6:143:Infinity:144:6:145:Infinity:146:6:146:Infinity:147:6:148:Infinity:149:6:150:Infinity:151:6:152:Infinity:153:6:154:Infinity":13,"s:141:4:155:Infinity":41,"s:145:8:145:Infinity":42,"s:148:8:148:Infinity":43,"s:150:8:150:Infinity":44,"b:150:22:150:26:150:26:150:Infinity":14,"s:152:8:152:Infinity":45,"s:154:8:154:Infinity":46,"s:158:24:158:Infinity":47,"s:159:32:163:Infinity":48,"s:164:42:166:Infinity":49,"b:165:6:165:Infinity:166:6:166:Infinity":15,"s:168:2:168:Infinity":50,"b:168:47:168:62:168:62:168:65":16}}}
,"/Users/hannahgerber/Documents/code/basscore/src/hooks/useCustomFretboardHistory.ts": {"path":"/Users/hannahgerber/Documents/code/basscore/src/hooks/useCustomFretboardHistory.ts","statementMap":{"0":{"start":{"line":9,"column":41},"end":{"line":46,"column":null}},"1":{"start":{"line":10,"column":22},"end":{"line":10,"column":null}},"2":{"start":{"line":11,"column":28},"end":{"line":11,"column":null}},"3":{"start":{"line":12,"column":26},"end":{"line":12,"column":null}},"4":{"start":{"line":14,"column":21},"end":{"line":18,"column":null}},"5":{"start":{"line":15,"column":4},"end":{"line":15,"column":null}},"6":{"start":{"line":15,"column":20},"end":{"line":15,"column":38}},"7":{"start":{"line":16,"column":4},"end":{"line":16,"column":null}},"8":{"start":{"line":17,"column":4},"end":{"line":17,"column":null}},"9":{"start":{"line":20,"column":15},"end":{"line":27,"column":null}},"10":{"start":{"line":21,"column":4},"end":{"line":21,"column":null}},"11":{"start":{"line":21,"column":27},"end":{"line":21,"column":null}},"12":{"start":{"line":22,"column":17},"end":{"line":22,"column":null}},"13":{"start":{"line":23,"column":19},"end":{"line":23,"column":null}},"14":{"start":{"line":24,"column":4},"end":{"line":24,"column":null}},"15":{"start":{"line":25,"column":4},"end":{"line":25,"column":null}},"16":{"start":{"line":25,"column":19},"end":{"line":25,"column":34}},"17":{"start":{"line":26,"column":4},"end":{"line":26,"column":null}},"18":{"start":{"line":29,"column":15},"end":{"line":36,"column":null}},"19":{"start":{"line":30,"column":4},"end":{"line":30,"column":null}},"20":{"start":{"line":30,"column":29},"end":{"line":30,"column":null}},"21":{"start":{"line":31,"column":17},"end":{"line":31,"column":null}},"22":{"start":{"line":32,"column":19},"end":{"line":32,"column":null}},"23":{"start":{"line":33,"column":4},"end":{"line":33,"column":null}},"24":{"start":{"line":34,"column":4},"end":{"line":34,"column":null}},"25":{"start":{"line":34,"column":17},"end":{"line":34,"column":32}},"26":{"start":{"line":35,"column":4},"end":{"line":35,"column":null}},"27":{"start":{"line":38,"column":2},"end":{"line":45,"column":null}}},"fnMap":{"0":{"name":"(anonymous_0)","decl":{"start":{"line":9,"column":41},"end":{"line":9,"column":42}},"loc":{"start":{"line":9,"column":72},"end":{"line":46,"column":null}},"line":9},"1":{"name":"(anonymous_1)","decl":{"start":{"line":14,"column":21},"end":{"line":14,"column":22}},"loc":{"start":{"line":14,"column":53},"end":{"line":18,"column":null}},"line":14},"2":{"name":"(anonymous_2)","decl":{"start":{"line":15,"column":12},"end":{"line":15,"column":20}},"loc":{"start":{"line":15,"column":20},"end":{"line":15,"column":38}},"line":15},"3":{"name":"(anonymous_3)","decl":{"start":{"line":20,"column":15},"end":{"line":20,"column":21}},"loc":{"start":{"line":20,"column":21},"end":{"line":27,"column":null}},"line":20},"4":{"name":"(anonymous_4)","decl":{"start":{"line":25,"column":14},"end":{"line":25,"column":19}},"loc":{"start":{"line":25,"column":19},"end":{"line":25,"column":34}},"line":25},"5":{"name":"(anonymous_5)","decl":{"start":{"line":29,"column":15},"end":{"line":29,"column":21}},"loc":{"start":{"line":29,"column":21},"end":{"line":36,"column":null}},"line":29},"6":{"name":"(anonymous_6)","decl":{"start":{"line":34,"column":12},"end":{"line":34,"column":17}},"loc":{"start":{"line":34,"column":17},"end":{"line":34,"column":32}},"line":34}},"branchMap":{"0":{"loc":{"start":{"line":21,"column":4},"end":{"line":21,"column":null}},"type":"if","locations":[{"start":{"line":21,"column":4},"end":{"line":21,"column":null}},{"start":{},"end":{}}],"line":21},"1":{"loc":{"start":{"line":30,"column":4},"end":{"line":30,"column":null}},"type":"if","locations":[{"start":{"line":30,"column":4},"end":{"line":30,"column":null}},{"start":{},"end":{}}],"line":30}},"s":{"0":1,"1":243,"2":243,"3":243,"4":243,"5":37,"6":37,"7":37,"8":37,"9":243,"10":6,"11":1,"12":5,"13":5,"14":5,"15":5,"16":5,"17":5,"18":243,"19":3,"20":1,"21":2,"22":2,"23":2,"24":2,"25":2,"26":2,"27":243},"f":{"0":243,"1":37,"2":37,"3":6,"4":5,"5":3,"6":2},"b":{"0":[1,5],"1":[1,2]},"meta":{"lastBranch":2,"lastFunction":7,"lastStatement":28,"seen":{"s:9:41:46:Infinity":0,"f:9:41:9:42":0,"s:10:22:10:Infinity":1,"s:11:28:11:Infinity":2,"s:12:26:12:Infinity":3,"s:14:21:18:Infinity":4,"f:14:21:14:22":1,"s:15:4:15:Infinity":5,"f:15:12:15:20":2,"s:15:20:15:38":6,"s:16:4:16:Infinity":7,"s:17:4:17:Infinity":8,"s:20:15:27:Infinity":9,"f:20:15:20:21":3,"b:21:4:21:Infinity:undefined:undefined:undefined:undefined":0,"s:21:4:21:Infinity":10,"s:21:27:21:Infinity":11,"s:22:17:22:Infinity":12,"s:23:19:23:Infinity":13,"s:24:4:24:Infinity":14,"s:25:4:25:Infinity":15,"f:25:14:25:19":4,"s:25:19:25:34":16,"s:26:4:26:Infinity":17,"s:29:15:36:Infinity":18,"f:29:15:29:21":5,"b:30:4:30:Infinity:undefined:undefined:undefined:undefined":1,"s:30:4:30:Infinity":19,"s:30:29:30:Infinity":20,"s:31:17:31:Infinity":21,"s:32:19:32:Infinity":22,"s:33:4:33:Infinity":23,"s:34:4:34:Infinity":24,"f:34:12:34:17":6,"s:34:17:34:32":25,"s:35:4:35:Infinity":26,"s:38:2:45:Infinity":27}}}
,"/Users/hannahgerber/Documents/code/basscore/src/hooks/useIsMobile.ts": {"path":"/Users/hannahgerber/Documents/code/basscore/src/hooks/useIsMobile.ts","statementMap":{"0":{"start":{"line":3,"column":21},"end":{"line":3,"column":null}},"1":{"start":{"line":5,"column":27},"end":{"line":16,"column":null}},"2":{"start":{"line":6,"column":30},"end":{"line":6,"column":null}},"3":{"start":{"line":6,"column":49},"end":{"line":6,"column":88}},"4":{"start":{"line":8,"column":2},"end":{"line":13,"column":null}},"5":{"start":{"line":9,"column":15},"end":{"line":9,"column":null}},"6":{"start":{"line":10,"column":20},"end":{"line":10,"column":null}},"7":{"start":{"line":10,"column":48},"end":{"line":10,"column":null}},"8":{"start":{"line":11,"column":4},"end":{"line":11,"column":null}},"9":{"start":{"line":12,"column":4},"end":{"line":12,"column":null}},"10":{"start":{"line":12,"column":17},"end":{"line":12,"column":null}},"11":{"start":{"line":15,"column":2},"end":{"line":15,"column":null}}},"fnMap":{"0":{"name":"(anonymous_0)","decl":{"start":{"line":5,"column":27},"end":{"line":5,"column":42}},"loc":{"start":{"line":5,"column":42},"end":{"line":16,"column":null}},"line":5},"1":{"name":"(anonymous_1)","decl":{"start":{"line":6,"column":43},"end":{"line":6,"column":49}},"loc":{"start":{"line":6,"column":49},"end":{"line":6,"column":88}},"line":6},"2":{"name":"(anonymous_2)","decl":{"start":{"line":8,"column":12},"end":{"line":8,"column":18}},"loc":{"start":{"line":8,"column":18},"end":{"line":13,"column":5}},"line":8},"3":{"name":"(anonymous_3)","decl":{"start":{"line":10,"column":20},"end":{"line":10,"column":21}},"loc":{"start":{"line":10,"column":48},"end":{"line":10,"column":null}},"line":10},"4":{"name":"(anonymous_4)","decl":{"start":{"line":12,"column":11},"end":{"line":12,"column":17}},"loc":{"start":{"line":12,"column":17},"end":{"line":12,"column":null}},"line":12}},"branchMap":{},"s":{"0":1,"1":1,"2":5,"3":4,"4":5,"5":4,"6":4,"7":1,"8":4,"9":4,"10":4,"11":5},"f":{"0":5,"1":4,"2":4,"3":1,"4":4},"b":{},"meta":{"lastBranch":0,"lastFunction":5,"lastStatement":12,"seen":{"s:3:21:3:Infinity":0,"s:5:27:16:Infinity":1,"f:5:27:5:42":0,"s:6:30:6:Infinity":2,"f:6:43:6:49":1,"s:6:49:6:88":3,"s:8:2:13:Infinity":4,"f:8:12:8:18":2,"s:9:15:9:Infinity":5,"s:10:20:10:Infinity":6,"f:10:20:10:21":3,"s:10:48:10:Infinity":7,"s:11:4:11:Infinity":8,"s:12:4:12:Infinity":9,"f:12:11:12:17":4,"s:12:17:12:Infinity":10,"s:15:2:15:Infinity":11}}}
,"/Users/hannahgerber/Documents/code/basscore/src/services/customFretboardService.ts": {"path":"/Users/hannahgerber/Documents/code/basscore/src/services/customFretboardService.ts","statementMap":{"0":{"start":{"line":3,"column":20},"end":{"line":3,"column":null}},"1":{"start":{"line":5,"column":13},"end":{"line":6,"column":null}},"2":{"start":{"line":6,"column":2},"end":{"line":6,"column":null}},"3":{"start":{"line":8,"column":14},"end":{"line":9,"column":null}},"4":{"start":{"line":9,"column":2},"end":{"line":9,"column":null}},"5":{"start":{"line":11,"column":22},"end":{"line":11,"column":null}},"6":{"start":{"line":11,"column":54},"end":{"line":11,"column":null}},"7":{"start":{"line":13,"column":23},"end":{"line":14,"column":null}},"8":{"start":{"line":14,"column":2},"end":{"line":14,"column":null}},"9":{"start":{"line":14,"column":19},"end":{"line":14,"column":30}},"10":{"start":{"line":16,"column":25},"end":{"line":17,"column":null}},"11":{"start":{"line":17,"column":2},"end":{"line":17,"column":null}},"12":{"start":{"line":17,"column":19},"end":{"line":17,"column":34}},"13":{"start":{"line":19,"column":20},"end":{"line":31,"column":null}},"14":{"start":{"line":22,"column":8},"end":{"line":22,"column":null}},"15":{"start":{"line":23,"column":39},"end":{"line":28,"column":null}},"16":{"start":{"line":29,"column":2},"end":{"line":29,"column":null}},"17":{"start":{"line":30,"column":2},"end":{"line":30,"column":null}},"18":{"start":{"line":33,"column":26},"end":{"line":41,"column":null}},"19":{"start":{"line":37,"column":18},"end":{"line":39,"column":null}},"20":{"start":{"line":38,"column":4},"end":{"line":38,"column":null}},"21":{"start":{"line":40,"column":2},"end":{"line":40,"column":null}},"22":{"start":{"line":43,"column":26},"end":{"line":44,"column":null}},"23":{"start":{"line":44,"column":2},"end":{"line":44,"column":null}},"24":{"start":{"line":44,"column":27},"end":{"line":44,"column":38}}},"fnMap":{"0":{"name":"(anonymous_0)","decl":{"start":{"line":5,"column":13},"end":{"line":5,"column":null}},"loc":{"start":{"line":6,"column":2},"end":{"line":6,"column":null}},"line":6},"1":{"name":"(anonymous_1)","decl":{"start":{"line":8,"column":14},"end":{"line":8,"column":15}},"loc":{"start":{"line":9,"column":2},"end":{"line":9,"column":null}},"line":9},"2":{"name":"(anonymous_2)","decl":{"start":{"line":11,"column":22},"end":{"line":11,"column":54}},"loc":{"start":{"line":11,"column":54},"end":{"line":11,"column":null}},"line":11},"3":{"name":"(anonymous_3)","decl":{"start":{"line":13,"column":23},"end":{"line":13,"column":24}},"loc":{"start":{"line":14,"column":2},"end":{"line":14,"column":null}},"line":14},"4":{"name":"(anonymous_4)","decl":{"start":{"line":14,"column":14},"end":{"line":14,"column":19}},"loc":{"start":{"line":14,"column":19},"end":{"line":14,"column":30}},"line":14},"5":{"name":"(anonymous_5)","decl":{"start":{"line":16,"column":25},"end":{"line":16,"column":26}},"loc":{"start":{"line":17,"column":2},"end":{"line":17,"column":null}},"line":17},"6":{"name":"(anonymous_6)","decl":{"start":{"line":17,"column":14},"end":{"line":17,"column":19}},"loc":{"start":{"line":17,"column":19},"end":{"line":17,"column":34}},"line":17},"7":{"name":"(anonymous_7)","decl":{"start":{"line":19,"column":20},"end":{"line":19,"column":null}},"loc":{"start":{"line":21,"column":29},"end":{"line":31,"column":null}},"line":21},"8":{"name":"(anonymous_8)","decl":{"start":{"line":33,"column":26},"end":{"line":33,"column":null}},"loc":{"start":{"line":36,"column":11},"end":{"line":41,"column":null}},"line":36},"9":{"name":"(anonymous_9)","decl":{"start":{"line":37,"column":29},"end":{"line":37,"column":null}},"loc":{"start":{"line":38,"column":4},"end":{"line":38,"column":null}},"line":38},"10":{"name":"(anonymous_10)","decl":{"start":{"line":43,"column":26},"end":{"line":43,"column":27}},"loc":{"start":{"line":44,"column":2},"end":{"line":44,"column":null}},"line":44},"11":{"name":"(anonymous_11)","decl":{"start":{"line":44,"column":22},"end":{"line":44,"column":27}},"loc":{"start":{"line":44,"column":27},"end":{"line":44,"column":38}},"line":44}},"branchMap":{"0":{"loc":{"start":{"line":6,"column":13},"end":{"line":6,"column":54}},"type":"binary-expr","locations":[{"start":{"line":6,"column":13},"end":{"line":6,"column":50}},{"start":{"line":6,"column":50},"end":{"line":6,"column":54}}],"line":6},"1":{"loc":{"start":{"line":38,"column":4},"end":{"line":38,"column":null}},"type":"cond-expr","locations":[{"start":{"line":38,"column":18},"end":{"line":38,"column":78}},{"start":{"line":38,"column":78},"end":{"line":38,"column":null}}],"line":38}},"s":{"0":1,"1":1,"2":24,"3":1,"4":8,"5":1,"6":9,"7":1,"8":5,"9":5,"10":1,"11":2,"12":1,"13":1,"14":3,"15":3,"16":3,"17":3,"18":1,"19":3,"20":4,"21":3,"22":1,"23":2,"24":3},"f":{"0":24,"1":8,"2":9,"3":5,"4":5,"5":2,"6":1,"7":3,"8":3,"9":4,"10":2,"11":3},"b":{"0":[24,5],"1":[3,1]},"meta":{"lastBranch":2,"lastFunction":12,"lastStatement":25,"seen":{"s:3:20:3:Infinity":0,"s:5:13:6:Infinity":1,"f:5:13:5:Infinity":0,"s:6:2:6:Infinity":2,"b:6:13:6:50:6:50:6:54":0,"s:8:14:9:Infinity":3,"f:8:14:8:15":1,"s:9:2:9:Infinity":4,"s:11:22:11:Infinity":5,"f:11:22:11:54":2,"s:11:54:11:Infinity":6,"s:13:23:14:Infinity":7,"f:13:23:13:24":3,"s:14:2:14:Infinity":8,"f:14:14:14:19":4,"s:14:19:14:30":9,"s:16:25:17:Infinity":10,"f:16:25:16:26":5,"s:17:2:17:Infinity":11,"f:17:14:17:19":6,"s:17:19:17:34":12,"s:19:20:31:Infinity":13,"f:19:20:19:Infinity":7,"s:22:8:22:Infinity":14,"s:23:39:28:Infinity":15,"s:29:2:29:Infinity":16,"s:30:2:30:Infinity":17,"s:33:26:41:Infinity":18,"f:33:26:33:Infinity":8,"s:37:18:39:Infinity":19,"f:37:29:37:Infinity":9,"s:38:4:38:Infinity":20,"b:38:18:38:78:38:78:38:Infinity":1,"s:40:2:40:Infinity":21,"s:43:26:44:Infinity":22,"f:43:26:43:27":10,"s:44:2:44:Infinity":23,"f:44:22:44:27":11,"s:44:27:44:38":24}}}
,"/Users/hannahgerber/Documents/code/basscore/src/types/types.ts": {"path":"/Users/hannahgerber/Documents/code/basscore/src/types/types.ts","statementMap":{},"fnMap":{},"branchMap":{},"s":{},"f":{},"b":{},"meta":{"lastBranch":0,"lastFunction":0,"lastStatement":0,"seen":{}}}
}
