{"/Users/hannahgerber/Documents/code/basscore/src/assets/logo.png": {"path":"/Users/hannahgerber/Documents/code/basscore/src/assets/logo.png","statementMap":{},"fnMap":{},"branchMap":{},"s":{},"f":{},"b":{},"meta":{"lastBranch":0,"lastFunction":0,"lastStatement":0,"seen":{}}}
,"/Users/hannahgerber/Documents/code/basscore/src/components/BCTooltip/BCTooltip.tsx": {"path":"/Users/hannahgerber/Documents/code/basscore/src/components/BCTooltip/BCTooltip.tsx","statementMap":{"0":{"start":{"line":5,"column":18},"end":{"line":17,"column":null}},"1":{"start":{"line":6,"column":22},"end":{"line":6,"column":null}},"2":{"start":{"line":6,"column":50},"end":{"line":6,"column":97}},"3":{"start":{"line":8,"column":2},"end":{"line":13,"column":null}},"4":{"start":{"line":9,"column":15},"end":{"line":9,"column":null}},"5":{"start":{"line":10,"column":20},"end":{"line":10,"column":null}},"6":{"start":{"line":10,"column":48},"end":{"line":10,"column":null}},"7":{"start":{"line":11,"column":4},"end":{"line":11,"column":null}},"8":{"start":{"line":12,"column":4},"end":{"line":12,"column":null}},"9":{"start":{"line":12,"column":17},"end":{"line":12,"column":null}},"10":{"start":{"line":15,"column":2},"end":{"line":15,"column":null}},"11":{"start":{"line":15,"column":12},"end":{"line":15,"column":null}},"12":{"start":{"line":16,"column":2},"end":{"line":16,"column":null}}},"fnMap":{"0":{"name":"(anonymous_0)","decl":{"start":{"line":5,"column":18},"end":{"line":5,"column":19}},"loc":{"start":{"line":5,"column":61},"end":{"line":17,"column":null}},"line":5},"1":{"name":"(anonymous_1)","decl":{"start":{"line":6,"column":44},"end":{"line":6,"column":50}},"loc":{"start":{"line":6,"column":50},"end":{"line":6,"column":97}},"line":6},"2":{"name":"(anonymous_2)","decl":{"start":{"line":8,"column":12},"end":{"line":8,"column":18}},"loc":{"start":{"line":8,"column":18},"end":{"line":13,"column":5}},"line":8},"3":{"name":"(anonymous_3)","decl":{"start":{"line":10,"column":20},"end":{"line":10,"column":21}},"loc":{"start":{"line":10,"column":48},"end":{"line":10,"column":null}},"line":10},"4":{"name":"(anonymous_4)","decl":{"start":{"line":12,"column":11},"end":{"line":12,"column":17}},"loc":{"start":{"line":12,"column":17},"end":{"line":12,"column":null}},"line":12}},"branchMap":{"0":{"loc":{"start":{"line":15,"column":2},"end":{"line":15,"column":null}},"type":"if","locations":[{"start":{"line":15,"column":2},"end":{"line":15,"column":null}},{"start":{},"end":{}}],"line":15}},"s":{"0":1,"1":7,"2":5,"3":7,"4":5,"5":5,"6":2,"7":5,"8":5,"9":5,"10":7,"11":3,"12":4},"f":{"0":7,"1":5,"2":5,"3":2,"4":5},"b":{"0":[3,4]},"meta":{"lastBranch":1,"lastFunction":5,"lastStatement":13,"seen":{"s:5:18:17:Infinity":0,"f:5:18:5:19":0,"s:6:22:6:Infinity":1,"f:6:44:6:50":1,"s:6:50:6:97":2,"s:8:2:13:Infinity":3,"f:8:12:8:18":2,"s:9:15:9:Infinity":4,"s:10:20:10:Infinity":5,"f:10:20:10:21":3,"s:10:48:10:Infinity":6,"s:11:4:11:Infinity":7,"s:12:4:12:Infinity":8,"f:12:11:12:17":4,"s:12:17:12:Infinity":9,"b:15:2:15:Infinity:undefined:undefined:undefined:undefined":0,"s:15:2:15:Infinity":10,"s:15:12:15:Infinity":11,"s:16:2:16:Infinity":12}}}
,"/Users/hannahgerber/Documents/code/basscore/src/components/ControlPanel/ControlPanel.tsx": {"path":"/Users/hannahgerber/Documents/code/basscore/src/components/ControlPanel/ControlPanel.tsx","statementMap":{"0":{"start":{"line":5,"column":21},"end":{"line":33,"column":null}},"1":{"start":{"line":6,"column":25},"end":{"line":31,"column":null}},"2":{"start":{"line":7,"column":25},"end":{"line":7,"column":null}},"3":{"start":{"line":8,"column":4},"end":{"line":30,"column":null}},"4":{"start":{"line":9,"column":6},"end":{"line":29,"column":null}},"5":{"start":{"line":10,"column":8},"end":{"line":15,"column":null}},"6":{"start":{"line":13,"column":14},"end":{"line":13,"column":null}},"7":{"start":{"line":18,"column":24},"end":{"line":18,"column":null}},"8":{"start":{"line":19,"column":8},"end":{"line":27,"column":null}},"9":{"start":{"line":24,"column":16},"end":{"line":24,"column":null}},"10":{"start":{"line":32,"column":2},"end":{"line":32,"column":null}}},"fnMap":{"0":{"name":"(anonymous_0)","decl":{"start":{"line":5,"column":21},"end":{"line":5,"column":22}},"loc":{"start":{"line":5,"column":47},"end":{"line":33,"column":null}},"line":5},"1":{"name":"(anonymous_1)","decl":{"start":{"line":6,"column":25},"end":{"line":6,"column":42}},"loc":{"start":{"line":6,"column":42},"end":{"line":31,"column":null}},"line":6},"2":{"name":"(anonymous_2)","decl":{"start":{"line":8,"column":24},"end":{"line":8,"column":25}},"loc":{"start":{"line":8,"column":35},"end":{"line":30,"column":5}},"line":8},"3":{"name":"(anonymous_3)","decl":{"start":{"line":12,"column":26},"end":{"line":12,"column":27}},"loc":{"start":{"line":12,"column":34},"end":{"line":14,"column":13}},"line":12},"4":{"name":"(anonymous_4)","decl":{"start":{"line":23,"column":36},"end":{"line":23,"column":37}},"loc":{"start":{"line":24,"column":16},"end":{"line":24,"column":null}},"line":24}},"branchMap":{"0":{"loc":{"start":{"line":9,"column":6},"end":{"line":29,"column":null}},"type":"if","locations":[{"start":{"line":9,"column":6},"end":{"line":29,"column":null}},{"start":{"line":17,"column":13},"end":{"line":29,"column":null}}],"line":9},"1":{"loc":{"start":{"line":9,"column":10},"end":{"line":9,"column":56}},"type":"binary-expr","locations":[{"start":{"line":9,"column":10},"end":{"line":9,"column":16}},{"start":{"line":9,"column":16},"end":{"line":9,"column":42}},{"start":{"line":9,"column":42},"end":{"line":9,"column":56}}],"line":9}},"s":{"0":4,"1":181,"2":181,"3":181,"4":821,"5":1,"6":1,"7":820,"8":820,"9":974,"10":181},"f":{"0":181,"1":181,"2":821,"3":1,"4":974},"b":{"0":[1,820],"1":[821,821,821]},"meta":{"lastBranch":2,"lastFunction":5,"lastStatement":11,"seen":{"s:5:21:33:Infinity":0,"f:5:21:5:22":0,"s:6:25:31:Infinity":1,"f:6:25:6:42":1,"s:7:25:7:Infinity":2,"s:8:4:30:Infinity":3,"f:8:24:8:25":2,"b:9:6:29:Infinity:17:13:29:Infinity":0,"s:9:6:29:Infinity":4,"b:9:10:9:16:9:16:9:42:9:42:9:56":1,"s:10:8:15:Infinity":5,"f:12:26:12:27":3,"s:13:14:13:Infinity":6,"s:18:24:18:Infinity":7,"s:19:8:27:Infinity":8,"f:23:36:23:37":4,"s:24:16:24:Infinity":9,"s:32:2:32:Infinity":10}}}
,"/Users/hannahgerber/Documents/code/basscore/src/components/CustomFretboardEditor/CustomFretboard.tsx": {"path":"/Users/hannahgerber/Documents/code/basscore/src/components/CustomFretboardEditor/CustomFretboard.tsx","statementMap":{"0":{"start":{"line":18,"column":41},"end":{"line":24,"column":null}},"1":{"start":{"line":26,"column":29},"end":{"line":30,"column":null}},"2":{"start":{"line":32,"column":19},"end":{"line":33,"column":null}},"3":{"start":{"line":33,"column":2},"end":{"line":33,"column":null}},"4":{"start":{"line":33,"column":18},"end":{"line":33,"column":80}},"5":{"start":{"line":35,"column":31},"end":{"line":546,"column":null}},"6":{"start":{"line":36,"column":64},"end":{"line":36,"column":null}},"7":{"start":{"line":38,"column":60},"end":{"line":41,"column":null}},"8":{"start":{"line":42,"column":53},"end":{"line":42,"column":null}},"9":{"start":{"line":44,"column":32},"end":{"line":44,"column":null}},"10":{"start":{"line":45,"column":40},"end":{"line":45,"column":null}},"11":{"start":{"line":46,"column":34},"end":{"line":46,"column":null}},"12":{"start":{"line":47,"column":28},"end":{"line":47,"column":null}},"13":{"start":{"line":47,"column":73},"end":{"line":47,"column":104}},"14":{"start":{"line":48,"column":46},"end":{"line":48,"column":null}},"15":{"start":{"line":49,"column":54},"end":{"line":49,"column":null}},"16":{"start":{"line":50,"column":46},"end":{"line":50,"column":null}},"17":{"start":{"line":51,"column":38},"end":{"line":51,"column":null}},"18":{"start":{"line":53,"column":8},"end":{"line":53,"column":null}},"19":{"start":{"line":54,"column":8},"end":{"line":54,"column":null}},"20":{"start":{"line":56,"column":2},"end":{"line":58,"column":null}},"21":{"start":{"line":57,"column":4},"end":{"line":57,"column":null}},"22":{"start":{"line":60,"column":8},"end":{"line":65,"column":null}},"23":{"start":{"line":61,"column":4},"end":{"line":61,"column":null}},"24":{"start":{"line":61,"column":24},"end":{"line":61,"column":null}},"25":{"start":{"line":62,"column":22},"end":{"line":62,"column":null}},"26":{"start":{"line":62,"column":41},"end":{"line":62,"column":63}},"27":{"start":{"line":63,"column":4},"end":{"line":63,"column":null}},"28":{"start":{"line":64,"column":4},"end":{"line":64,"column":null}},"29":{"start":{"line":67,"column":2},"end":{"line":83,"column":null}},"30":{"start":{"line":68,"column":20},"end":{"line":80,"column":null}},"31":{"start":{"line":69,"column":6},"end":{"line":72,"column":null}},"32":{"start":{"line":70,"column":8},"end":{"line":70,"column":null}},"33":{"start":{"line":71,"column":8},"end":{"line":71,"column":null}},"34":{"start":{"line":73,"column":6},"end":{"line":76,"column":null}},"35":{"start":{"line":74,"column":8},"end":{"line":74,"column":null}},"36":{"start":{"line":75,"column":8},"end":{"line":75,"column":null}},"37":{"start":{"line":77,"column":6},"end":{"line":79,"column":null}},"38":{"start":{"line":78,"column":8},"end":{"line":78,"column":null}},"39":{"start":{"line":81,"column":4},"end":{"line":81,"column":null}},"40":{"start":{"line":82,"column":4},"end":{"line":82,"column":null}},"41":{"start":{"line":82,"column":17},"end":{"line":82,"column":null}},"42":{"start":{"line":85,"column":2},"end":{"line":99,"column":null}},"43":{"start":{"line":86,"column":20},"end":{"line":96,"column":null}},"44":{"start":{"line":87,"column":6},"end":{"line":87,"column":null}},"45":{"start":{"line":87,"column":26},"end":{"line":87,"column":null}},"46":{"start":{"line":88,"column":21},"end":{"line":88,"column":null}},"47":{"start":{"line":89,"column":6},"end":{"line":89,"column":null}},"48":{"start":{"line":89,"column":44},"end":{"line":89,"column":null}},"49":{"start":{"line":90,"column":6},"end":{"line":90,"column":null}},"50":{"start":{"line":90,"column":49},"end":{"line":90,"column":null}},"51":{"start":{"line":91,"column":26},"end":{"line":93,"column":null}},"52":{"start":{"line":94,"column":6},"end":{"line":94,"column":null}},"53":{"start":{"line":94,"column":23},"end":{"line":94,"column":null}},"54":{"start":{"line":95,"column":6},"end":{"line":95,"column":null}},"55":{"start":{"line":97,"column":4},"end":{"line":97,"column":null}},"56":{"start":{"line":98,"column":4},"end":{"line":98,"column":null}},"57":{"start":{"line":98,"column":17},"end":{"line":98,"column":null}},"58":{"start":{"line":101,"column":8},"end":{"line":104,"column":null}},"59":{"start":{"line":102,"column":10},"end":{"line":102,"column":null}},"60":{"start":{"line":106,"column":26},"end":{"line":130,"column":null}},"61":{"start":{"line":107,"column":16},"end":{"line":107,"column":null}},"62":{"start":{"line":107,"column":33},"end":{"line":107,"column":71}},"63":{"start":{"line":109,"column":4},"end":{"line":116,"column":null}},"64":{"start":{"line":110,"column":6},"end":{"line":114,"column":null}},"65":{"start":{"line":111,"column":8},"end":{"line":111,"column":null}},"66":{"start":{"line":113,"column":8},"end":{"line":113,"column":null}},"67":{"start":{"line":115,"column":6},"end":{"line":115,"column":null}},"68":{"start":{"line":118,"column":4},"end":{"line":129,"column":null}},"69":{"start":{"line":119,"column":6},"end":{"line":119,"column":null}},"70":{"start":{"line":121,"column":30},"end":{"line":126,"column":null}},"71":{"start":{"line":127,"column":6},"end":{"line":127,"column":null}},"72":{"start":{"line":128,"column":6},"end":{"line":128,"column":null}},"73":{"start":{"line":132,"column":29},"end":{"line":142,"column":null}},"74":{"start":{"line":133,"column":16},"end":{"line":133,"column":null}},"75":{"start":{"line":133,"column":33},"end":{"line":133,"column":44}},"76":{"start":{"line":134,"column":4},"end":{"line":134,"column":null}},"77":{"start":{"line":134,"column":14},"end":{"line":134,"column":null}},"78":{"start":{"line":135,"column":4},"end":{"line":141,"column":null}},"79":{"start":{"line":144,"column":32},"end":{"line":144,"column":null}},"80":{"start":{"line":144,"column":38},"end":{"line":144,"column":null}},"81":{"start":{"line":146,"column":29},"end":{"line":193,"column":null}},"82":{"start":{"line":147,"column":4},"end":{"line":147,"column":null}},"83":{"start":{"line":147,"column":39},"end":{"line":147,"column":null}},"84":{"start":{"line":148,"column":17},"end":{"line":148,"column":null}},"85":{"start":{"line":149,"column":19},"end":{"line":149,"column":null}},"86":{"start":{"line":150,"column":19},"end":{"line":150,"column":null}},"87":{"start":{"line":152,"column":45},"end":{"line":152,"column":null}},"88":{"start":{"line":155,"column":6},"end":{"line":159,"column":null}},"89":{"start":{"line":161,"column":23},"end":{"line":163,"column":null}},"90":{"start":{"line":162,"column":11},"end":{"line":162,"column":null}},"91":{"start":{"line":165,"column":27},"end":{"line":165,"column":null}},"92":{"start":{"line":166,"column":25},"end":{"line":166,"column":null}},"93":{"start":{"line":168,"column":4},"end":{"line":184,"column":null}},"94":{"start":{"line":169,"column":6},"end":{"line":169,"column":null}},"95":{"start":{"line":170,"column":6},"end":{"line":170,"column":null}},"96":{"start":{"line":172,"column":12},"end":{"line":179,"column":null}},"97":{"start":{"line":180,"column":6},"end":{"line":183,"column":null}},"98":{"start":{"line":181,"column":8},"end":{"line":181,"column":null}},"99":{"start":{"line":182,"column":8},"end":{"line":182,"column":null}},"100":{"start":{"line":186,"column":4},"end":{"line":192,"column":null}},"101":{"start":{"line":195,"column":27},"end":{"line":208,"column":null}},"102":{"start":{"line":196,"column":4},"end":{"line":196,"column":null}},"103":{"start":{"line":196,"column":20},"end":{"line":196,"column":null}},"104":{"start":{"line":197,"column":16},"end":{"line":197,"column":null}},"105":{"start":{"line":197,"column":33},"end":{"line":197,"column":57}},"106":{"start":{"line":198,"column":4},"end":{"line":206,"column":null}},"107":{"start":{"line":199,"column":24},"end":{"line":203,"column":null}},"108":{"start":{"line":200,"column":8},"end":{"line":202,"column":null}},"109":{"start":{"line":204,"column":6},"end":{"line":204,"column":null}},"110":{"start":{"line":205,"column":6},"end":{"line":205,"column":null}},"111":{"start":{"line":207,"column":4},"end":{"line":207,"column":null}},"112":{"start":{"line":210,"column":28},"end":{"line":222,"column":null}},"113":{"start":{"line":211,"column":4},"end":{"line":221,"column":null}},"114":{"start":{"line":212,"column":24},"end":{"line":214,"column":null}},"115":{"start":{"line":213,"column":27},"end":{"line":213,"column":43}},"116":{"start":{"line":214,"column":27},"end":{"line":214,"column":72}},"117":{"start":{"line":215,"column":6},"end":{"line":215,"column":null}},"118":{"start":{"line":217,"column":6},"end":{"line":217,"column":null}},"119":{"start":{"line":218,"column":6},"end":{"line":220,"column":null}},"120":{"start":{"line":219,"column":8},"end":{"line":219,"column":null}},"121":{"start":{"line":219,"column":46},"end":{"line":219,"column":62}},"122":{"start":{"line":224,"column":32},"end":{"line":227,"column":null}},"123":{"start":{"line":225,"column":22},"end":{"line":225,"column":null}},"124":{"start":{"line":226,"column":4},"end":{"line":226,"column":null}},"125":{"start":{"line":229,"column":34},"end":{"line":232,"column":null}},"126":{"start":{"line":230,"column":22},"end":{"line":230,"column":null}},"127":{"start":{"line":231,"column":4},"end":{"line":231,"column":null}},"128":{"start":{"line":234,"column":31},"end":{"line":240,"column":null}},"129":{"start":{"line":235,"column":20},"end":{"line":235,"column":null}},"130":{"start":{"line":236,"column":22},"end":{"line":238,"column":null}},"131":{"start":{"line":237,"column":6},"end":{"line":237,"column":null}},"132":{"start":{"line":239,"column":4},"end":{"line":239,"column":null}},"133":{"start":{"line":242,"column":30},"end":{"line":243,"column":null}},"134":{"start":{"line":243,"column":4},"end":{"line":243,"column":null}},"135":{"start":{"line":245,"column":28},"end":{"line":260,"column":null}},"136":{"start":{"line":246,"column":17},"end":{"line":246,"column":null}},"137":{"start":{"line":247,"column":4},"end":{"line":247,"column":null}},"138":{"start":{"line":247,"column":15},"end":{"line":247,"column":null}},"139":{"start":{"line":248,"column":21},"end":{"line":248,"column":null}},"140":{"start":{"line":249,"column":4},"end":{"line":257,"column":null}},"141":{"start":{"line":250,"column":6},"end":{"line":254,"column":null}},"142":{"start":{"line":256,"column":6},"end":{"line":256,"column":null}},"143":{"start":{"line":258,"column":4},"end":{"line":258,"column":null}},"144":{"start":{"line":259,"column":4},"end":{"line":259,"column":null}},"145":{"start":{"line":262,"column":27},"end":{"line":268,"column":null}},"146":{"start":{"line":263,"column":19},"end":{"line":263,"column":null}},"147":{"start":{"line":264,"column":4},"end":{"line":264,"column":null}},"148":{"start":{"line":264,"column":17},"end":{"line":264,"column":null}},"149":{"start":{"line":265,"column":4},"end":{"line":265,"column":null}},"150":{"start":{"line":266,"column":4},"end":{"line":266,"column":null}},"151":{"start":{"line":267,"column":4},"end":{"line":267,"column":null}},"152":{"start":{"line":270,"column":29},"end":{"line":274,"column":null}},"153":{"start":{"line":271,"column":4},"end":{"line":271,"column":null}},"154":{"start":{"line":272,"column":4},"end":{"line":272,"column":null}},"155":{"start":{"line":273,"column":4},"end":{"line":273,"column":null}},"156":{"start":{"line":273,"column":33},"end":{"line":273,"column":null}},"157":{"start":{"line":276,"column":28},"end":{"line":277,"column":null}},"158":{"start":{"line":277,"column":4},"end":{"line":277,"column":null}},"159":{"start":{"line":279,"column":20},"end":{"line":315,"column":null}},"160":{"start":{"line":280,"column":16},"end":{"line":280,"column":null}},"161":{"start":{"line":281,"column":4},"end":{"line":281,"column":null}},"162":{"start":{"line":281,"column":14},"end":{"line":281,"column":null}},"163":{"start":{"line":283,"column":23},"end":{"line":283,"column":null}},"164":{"start":{"line":284,"column":27},"end":{"line":286,"column":null}},"165":{"start":{"line":288,"column":21},"end":{"line":288,"column":null}},"166":{"start":{"line":289,"column":23},"end":{"line":289,"column":null}},"167":{"start":{"line":291,"column":18},"end":{"line":291,"column":null}},"168":{"start":{"line":292,"column":4},"end":{"line":292,"column":null}},"169":{"start":{"line":292,"column":65},"end":{"line":292,"column":76}},"170":{"start":{"line":294,"column":17},"end":{"line":294,"column":null}},"171":{"start":{"line":295,"column":18},"end":{"line":295,"column":null}},"172":{"start":{"line":296,"column":4},"end":{"line":300,"column":null}},"173":{"start":{"line":301,"column":4},"end":{"line":301,"column":null}},"174":{"start":{"line":302,"column":4},"end":{"line":302,"column":null}},"175":{"start":{"line":304,"column":19},"end":{"line":304,"column":null}},"176":{"start":{"line":305,"column":17},"end":{"line":305,"column":null}},"177":{"start":{"line":306,"column":16},"end":{"line":306,"column":null}},"178":{"start":{"line":307,"column":14},"end":{"line":307,"column":null}},"179":{"start":{"line":308,"column":4},"end":{"line":308,"column":null}},"180":{"start":{"line":309,"column":4},"end":{"line":309,"column":null}},"181":{"start":{"line":310,"column":4},"end":{"line":310,"column":null}},"182":{"start":{"line":311,"column":4},"end":{"line":311,"column":null}},"183":{"start":{"line":312,"column":4},"end":{"line":312,"column":null}},"184":{"start":{"line":313,"column":4},"end":{"line":313,"column":null}},"185":{"start":{"line":314,"column":4},"end":{"line":314,"column":null}},"186":{"start":{"line":317,"column":22},"end":{"line":317,"column":null}},"187":{"start":{"line":317,"column":39},"end":{"line":317,"column":61}},"188":{"start":{"line":319,"column":8},"end":{"line":323,"column":null}},"189":{"start":{"line":320,"column":4},"end":{"line":320,"column":null}},"190":{"start":{"line":320,"column":20},"end":{"line":320,"column":null}},"191":{"start":{"line":321,"column":4},"end":{"line":321,"column":null}},"192":{"start":{"line":321,"column":23},"end":{"line":321,"column":null}},"193":{"start":{"line":322,"column":4},"end":{"line":322,"column":null}},"194":{"start":{"line":325,"column":27},"end":{"line":327,"column":null}},"195":{"start":{"line":330,"column":4},"end":{"line":331,"column":null}},"196":{"start":{"line":333,"column":24},"end":{"line":333,"column":null}},"197":{"start":{"line":333,"column":42},"end":{"line":333,"column":73}},"198":{"start":{"line":335,"column":51},"end":{"line":454,"column":null}},"199":{"start":{"line":345,"column":30},"end":{"line":345,"column":null}},"200":{"start":{"line":360,"column":25},"end":{"line":360,"column":null}},"201":{"start":{"line":370,"column":27},"end":{"line":370,"column":null}},"202":{"start":{"line":376,"column":29},"end":{"line":376,"column":null}},"203":{"start":{"line":393,"column":31},"end":{"line":393,"column":null}},"204":{"start":{"line":407,"column":27},"end":{"line":407,"column":null}},"205":{"start":{"line":416,"column":27},"end":{"line":416,"column":null}},"206":{"start":{"line":423,"column":27},"end":{"line":423,"column":null}},"207":{"start":{"line":446,"column":14},"end":{"line":446,"column":null}},"208":{"start":{"line":447,"column":14},"end":{"line":447,"column":null}},"209":{"start":{"line":456,"column":2},"end":{"line":544,"column":null}},"210":{"start":{"line":489,"column":22},"end":{"line":489,"column":null}},"211":{"start":{"line":495,"column":29},"end":{"line":495,"column":null}},"212":{"start":{"line":507,"column":25},"end":{"line":507,"column":null}},"213":{"start":{"line":507,"column":54},"end":{"line":507,"column":88}},"214":{"start":{"line":522,"column":22},"end":{"line":522,"column":null}},"215":{"start":{"line":528,"column":29},"end":{"line":528,"column":null}},"216":{"start":{"line":530,"column":50},"end":{"line":530,"column":84}},"217":{"start":{"line":536,"column":25},"end":{"line":536,"column":null}},"218":{"start":{"line":536,"column":50},"end":{"line":536,"column":88}}},"fnMap":{"0":{"name":"(anonymous_0)","decl":{"start":{"line":32,"column":19},"end":{"line":32,"column":20}},"loc":{"start":{"line":33,"column":2},"end":{"line":33,"column":null}},"line":33},"1":{"name":"(anonymous_1)","decl":{"start":{"line":33,"column":11},"end":{"line":33,"column":18}},"loc":{"start":{"line":33,"column":18},"end":{"line":33,"column":80}},"line":33},"2":{"name":"(anonymous_2)","decl":{"start":{"line":35,"column":31},"end":{"line":35,"column":37}},"loc":{"start":{"line":35,"column":37},"end":{"line":546,"column":null}},"line":35},"3":{"name":"(anonymous_3)","decl":{"start":{"line":47,"column":67},"end":{"line":47,"column":73}},"loc":{"start":{"line":47,"column":73},"end":{"line":47,"column":104}},"line":47},"4":{"name":"(anonymous_4)","decl":{"start":{"line":56,"column":12},"end":{"line":56,"column":18}},"loc":{"start":{"line":56,"column":18},"end":{"line":58,"column":5}},"line":56},"5":{"name":"(anonymous_5)","decl":{"start":{"line":60,"column":46},"end":{"line":60,"column":52}},"loc":{"start":{"line":60,"column":52},"end":{"line":65,"column":5}},"line":60},"6":{"name":"(anonymous_6)","decl":{"start":{"line":62,"column":36},"end":{"line":62,"column":41}},"loc":{"start":{"line":62,"column":41},"end":{"line":62,"column":63}},"line":62},"7":{"name":"(anonymous_7)","decl":{"start":{"line":67,"column":12},"end":{"line":67,"column":18}},"loc":{"start":{"line":67,"column":18},"end":{"line":83,"column":5}},"line":67},"8":{"name":"(anonymous_8)","decl":{"start":{"line":68,"column":20},"end":{"line":68,"column":21}},"loc":{"start":{"line":68,"column":42},"end":{"line":80,"column":null}},"line":68},"9":{"name":"(anonymous_9)","decl":{"start":{"line":82,"column":11},"end":{"line":82,"column":17}},"loc":{"start":{"line":82,"column":17},"end":{"line":82,"column":null}},"line":82},"10":{"name":"(anonymous_10)","decl":{"start":{"line":85,"column":12},"end":{"line":85,"column":18}},"loc":{"start":{"line":85,"column":18},"end":{"line":99,"column":5}},"line":85},"11":{"name":"(anonymous_11)","decl":{"start":{"line":86,"column":20},"end":{"line":86,"column":21}},"loc":{"start":{"line":86,"column":39},"end":{"line":96,"column":null}},"line":86},"12":{"name":"(anonymous_12)","decl":{"start":{"line":98,"column":11},"end":{"line":98,"column":17}},"loc":{"start":{"line":98,"column":17},"end":{"line":98,"column":null}},"line":98},"13":{"name":"(anonymous_13)","decl":{"start":{"line":102,"column":4},"end":{"line":102,"column":10}},"loc":{"start":{"line":102,"column":10},"end":{"line":102,"column":null}},"line":102},"14":{"name":"(anonymous_14)","decl":{"start":{"line":106,"column":26},"end":{"line":106,"column":27}},"loc":{"start":{"line":106,"column":60},"end":{"line":130,"column":null}},"line":106},"15":{"name":"(anonymous_15)","decl":{"start":{"line":107,"column":28},"end":{"line":107,"column":33}},"loc":{"start":{"line":107,"column":33},"end":{"line":107,"column":71}},"line":107},"16":{"name":"(anonymous_16)","decl":{"start":{"line":132,"column":29},"end":{"line":132,"column":30}},"loc":{"start":{"line":132,"column":45},"end":{"line":142,"column":null}},"line":132},"17":{"name":"(anonymous_17)","decl":{"start":{"line":133,"column":28},"end":{"line":133,"column":33}},"loc":{"start":{"line":133,"column":33},"end":{"line":133,"column":44}},"line":133},"18":{"name":"(anonymous_18)","decl":{"start":{"line":144,"column":32},"end":{"line":144,"column":38}},"loc":{"start":{"line":144,"column":38},"end":{"line":144,"column":null}},"line":144},"19":{"name":"(anonymous_19)","decl":{"start":{"line":146,"column":29},"end":{"line":146,"column":30}},"loc":{"start":{"line":146,"column":69},"end":{"line":193,"column":null}},"line":146},"20":{"name":"(anonymous_20)","decl":{"start":{"line":162,"column":6},"end":{"line":162,"column":11}},"loc":{"start":{"line":162,"column":11},"end":{"line":162,"column":null}},"line":162},"21":{"name":"(anonymous_21)","decl":{"start":{"line":195,"column":27},"end":{"line":195,"column":33}},"loc":{"start":{"line":195,"column":33},"end":{"line":208,"column":null}},"line":195},"22":{"name":"(anonymous_22)","decl":{"start":{"line":197,"column":28},"end":{"line":197,"column":33}},"loc":{"start":{"line":197,"column":33},"end":{"line":197,"column":57}},"line":197},"23":{"name":"(anonymous_23)","decl":{"start":{"line":199,"column":35},"end":{"line":199,"column":null}},"loc":{"start":{"line":200,"column":8},"end":{"line":202,"column":null}},"line":200},"24":{"name":"(anonymous_24)","decl":{"start":{"line":210,"column":28},"end":{"line":210,"column":29}},"loc":{"start":{"line":210,"column":47},"end":{"line":222,"column":null}},"line":210},"25":{"name":"(anonymous_25)","decl":{"start":{"line":213,"column":21},"end":{"line":213,"column":27}},"loc":{"start":{"line":213,"column":27},"end":{"line":213,"column":43}},"line":213},"26":{"name":"(anonymous_26)","decl":{"start":{"line":214,"column":21},"end":{"line":214,"column":27}},"loc":{"start":{"line":214,"column":27},"end":{"line":214,"column":72}},"line":214},"27":{"name":"(anonymous_27)","decl":{"start":{"line":219,"column":40},"end":{"line":219,"column":46}},"loc":{"start":{"line":219,"column":46},"end":{"line":219,"column":62}},"line":219},"28":{"name":"(anonymous_28)","decl":{"start":{"line":224,"column":32},"end":{"line":224,"column":33}},"loc":{"start":{"line":224,"column":54},"end":{"line":227,"column":null}},"line":224},"29":{"name":"(anonymous_29)","decl":{"start":{"line":229,"column":34},"end":{"line":229,"column":35}},"loc":{"start":{"line":229,"column":58},"end":{"line":232,"column":null}},"line":229},"30":{"name":"(anonymous_30)","decl":{"start":{"line":234,"column":31},"end":{"line":234,"column":32}},"loc":{"start":{"line":234,"column":62},"end":{"line":240,"column":null}},"line":234},"31":{"name":"(anonymous_31)","decl":{"start":{"line":236,"column":33},"end":{"line":236,"column":null}},"loc":{"start":{"line":237,"column":6},"end":{"line":237,"column":null}},"line":237},"32":{"name":"(anonymous_32)","decl":{"start":{"line":242,"column":30},"end":{"line":242,"column":null}},"loc":{"start":{"line":243,"column":4},"end":{"line":243,"column":null}},"line":243},"33":{"name":"(anonymous_33)","decl":{"start":{"line":245,"column":28},"end":{"line":245,"column":34}},"loc":{"start":{"line":245,"column":34},"end":{"line":260,"column":null}},"line":245},"34":{"name":"(anonymous_34)","decl":{"start":{"line":262,"column":27},"end":{"line":262,"column":28}},"loc":{"start":{"line":262,"column":43},"end":{"line":268,"column":null}},"line":262},"35":{"name":"(anonymous_35)","decl":{"start":{"line":270,"column":29},"end":{"line":270,"column":30}},"loc":{"start":{"line":270,"column":45},"end":{"line":274,"column":null}},"line":270},"36":{"name":"(anonymous_36)","decl":{"start":{"line":276,"column":28},"end":{"line":276,"column":null}},"loc":{"start":{"line":277,"column":4},"end":{"line":277,"column":null}},"line":277},"37":{"name":"(anonymous_37)","decl":{"start":{"line":279,"column":20},"end":{"line":279,"column":21}},"loc":{"start":{"line":279,"column":42},"end":{"line":315,"column":null}},"line":279},"38":{"name":"(anonymous_38)","decl":{"start":{"line":292,"column":59},"end":{"line":292,"column":65}},"loc":{"start":{"line":292,"column":65},"end":{"line":292,"column":76}},"line":292},"39":{"name":"(anonymous_39)","decl":{"start":{"line":317,"column":34},"end":{"line":317,"column":39}},"loc":{"start":{"line":317,"column":39},"end":{"line":317,"column":61}},"line":317},"40":{"name":"(anonymous_40)","decl":{"start":{"line":319,"column":35},"end":{"line":319,"column":41}},"loc":{"start":{"line":319,"column":41},"end":{"line":323,"column":5}},"line":319},"41":{"name":"(anonymous_41)","decl":{"start":{"line":333,"column":36},"end":{"line":333,"column":42}},"loc":{"start":{"line":333,"column":42},"end":{"line":333,"column":73}},"line":333},"42":{"name":"(anonymous_42)","decl":{"start":{"line":345,"column":25},"end":{"line":345,"column":30}},"loc":{"start":{"line":345,"column":30},"end":{"line":345,"column":null}},"line":345},"43":{"name":"(anonymous_43)","decl":{"start":{"line":360,"column":20},"end":{"line":360,"column":25}},"loc":{"start":{"line":360,"column":25},"end":{"line":360,"column":null}},"line":360},"44":{"name":"(anonymous_44)","decl":{"start":{"line":370,"column":22},"end":{"line":370,"column":27}},"loc":{"start":{"line":370,"column":27},"end":{"line":370,"column":null}},"line":370},"45":{"name":"(anonymous_45)","decl":{"start":{"line":376,"column":24},"end":{"line":376,"column":29}},"loc":{"start":{"line":376,"column":29},"end":{"line":376,"column":null}},"line":376},"46":{"name":"(anonymous_46)","decl":{"start":{"line":393,"column":26},"end":{"line":393,"column":31}},"loc":{"start":{"line":393,"column":31},"end":{"line":393,"column":null}},"line":393},"47":{"name":"(anonymous_47)","decl":{"start":{"line":407,"column":22},"end":{"line":407,"column":27}},"loc":{"start":{"line":407,"column":27},"end":{"line":407,"column":null}},"line":407},"48":{"name":"(anonymous_48)","decl":{"start":{"line":416,"column":21},"end":{"line":416,"column":27}},"loc":{"start":{"line":416,"column":27},"end":{"line":416,"column":null}},"line":416},"49":{"name":"(anonymous_49)","decl":{"start":{"line":423,"column":21},"end":{"line":423,"column":27}},"loc":{"start":{"line":423,"column":27},"end":{"line":423,"column":null}},"line":423},"50":{"name":"(anonymous_50)","decl":{"start":{"line":445,"column":21},"end":{"line":445,"column":27}},"loc":{"start":{"line":445,"column":27},"end":{"line":448,"column":null}},"line":445},"51":{"name":"(anonymous_51)","decl":{"start":{"line":489,"column":16},"end":{"line":489,"column":22}},"loc":{"start":{"line":489,"column":22},"end":{"line":489,"column":null}},"line":489},"52":{"name":"(anonymous_52)","decl":{"start":{"line":495,"column":23},"end":{"line":495,"column":29}},"loc":{"start":{"line":495,"column":29},"end":{"line":495,"column":null}},"line":495},"53":{"name":"(anonymous_53)","decl":{"start":{"line":507,"column":20},"end":{"line":507,"column":25}},"loc":{"start":{"line":507,"column":25},"end":{"line":507,"column":null}},"line":507},"54":{"name":"(anonymous_54)","decl":{"start":{"line":507,"column":45},"end":{"line":507,"column":54}},"loc":{"start":{"line":507,"column":54},"end":{"line":507,"column":88}},"line":507},"55":{"name":"(anonymous_55)","decl":{"start":{"line":522,"column":16},"end":{"line":522,"column":22}},"loc":{"start":{"line":522,"column":22},"end":{"line":522,"column":null}},"line":522},"56":{"name":"(anonymous_56)","decl":{"start":{"line":528,"column":23},"end":{"line":528,"column":29}},"loc":{"start":{"line":528,"column":29},"end":{"line":528,"column":null}},"line":528},"57":{"name":"(anonymous_57)","decl":{"start":{"line":530,"column":44},"end":{"line":530,"column":50}},"loc":{"start":{"line":530,"column":50},"end":{"line":530,"column":84}},"line":530},"58":{"name":"(anonymous_58)","decl":{"start":{"line":536,"column":20},"end":{"line":536,"column":25}},"loc":{"start":{"line":536,"column":25},"end":{"line":536,"column":null}},"line":536},"59":{"name":"(anonymous_59)","decl":{"start":{"line":536,"column":41},"end":{"line":536,"column":50}},"loc":{"start":{"line":536,"column":50},"end":{"line":536,"column":88}},"line":536}},"branchMap":{"0":{"loc":{"start":{"line":33,"column":18},"end":{"line":33,"column":80}},"type":"binary-expr","locations":[{"start":{"line":33,"column":18},"end":{"line":33,"column":49}},{"start":{"line":33,"column":49},"end":{"line":33,"column":80}}],"line":33},"1":{"loc":{"start":{"line":61,"column":4},"end":{"line":61,"column":null}},"type":"if","locations":[{"start":{"line":61,"column":4},"end":{"line":61,"column":null}},{"start":{},"end":{}}],"line":61},"2":{"loc":{"start":{"line":69,"column":6},"end":{"line":72,"column":null}},"type":"if","locations":[{"start":{"line":69,"column":6},"end":{"line":72,"column":null}},{"start":{},"end":{}}],"line":69},"3":{"loc":{"start":{"line":69,"column":10},"end":{"line":69,"column":52}},"type":"binary-expr","locations":[{"start":{"line":69,"column":10},"end":{"line":69,"column":23}},{"start":{"line":69,"column":23},"end":{"line":69,"column":37}},{"start":{"line":69,"column":37},"end":{"line":69,"column":52}}],"line":69},"4":{"loc":{"start":{"line":73,"column":6},"end":{"line":76,"column":null}},"type":"if","locations":[{"start":{"line":73,"column":6},"end":{"line":76,"column":null}},{"start":{},"end":{}}],"line":73},"5":{"loc":{"start":{"line":73,"column":10},"end":{"line":73,"column":38}},"type":"binary-expr","locations":[{"start":{"line":73,"column":10},"end":{"line":73,"column":23}},{"start":{"line":73,"column":23},"end":{"line":73,"column":38}}],"line":73},"6":{"loc":{"start":{"line":77,"column":6},"end":{"line":79,"column":null}},"type":"if","locations":[{"start":{"line":77,"column":6},"end":{"line":79,"column":null}},{"start":{},"end":{}}],"line":77},"7":{"loc":{"start":{"line":77,"column":10},"end":{"line":77,"column":56}},"type":"binary-expr","locations":[{"start":{"line":77,"column":10},"end":{"line":77,"column":32}},{"start":{"line":77,"column":32},"end":{"line":77,"column":56}}],"line":77},"8":{"loc":{"start":{"line":87,"column":6},"end":{"line":87,"column":null}},"type":"if","locations":[{"start":{"line":87,"column":6},"end":{"line":87,"column":null}},{"start":{},"end":{}}],"line":87},"9":{"loc":{"start":{"line":89,"column":6},"end":{"line":89,"column":null}},"type":"if","locations":[{"start":{"line":89,"column":6},"end":{"line":89,"column":null}},{"start":{},"end":{}}],"line":89},"10":{"loc":{"start":{"line":90,"column":6},"end":{"line":90,"column":null}},"type":"if","locations":[{"start":{"line":90,"column":6},"end":{"line":90,"column":null}},{"start":{},"end":{}}],"line":90},"11":{"loc":{"start":{"line":94,"column":6},"end":{"line":94,"column":null}},"type":"if","locations":[{"start":{"line":94,"column":6},"end":{"line":94,"column":null}},{"start":{},"end":{}}],"line":94},"12":{"loc":{"start":{"line":107,"column":33},"end":{"line":107,"column":71}},"type":"binary-expr","locations":[{"start":{"line":107,"column":33},"end":{"line":107,"column":56}},{"start":{"line":107,"column":56},"end":{"line":107,"column":71}}],"line":107},"13":{"loc":{"start":{"line":109,"column":4},"end":{"line":116,"column":null}},"type":"if","locations":[{"start":{"line":109,"column":4},"end":{"line":116,"column":null}},{"start":{},"end":{}}],"line":109},"14":{"loc":{"start":{"line":110,"column":6},"end":{"line":114,"column":null}},"type":"if","locations":[{"start":{"line":110,"column":6},"end":{"line":114,"column":null}},{"start":{"line":112,"column":13},"end":{"line":114,"column":null}}],"line":110},"15":{"loc":{"start":{"line":113,"column":25},"end":{"line":113,"column":39}},"type":"binary-expr","locations":[{"start":{"line":113,"column":25},"end":{"line":113,"column":35}},{"start":{"line":113,"column":35},"end":{"line":113,"column":39}}],"line":113},"16":{"loc":{"start":{"line":118,"column":4},"end":{"line":129,"column":null}},"type":"if","locations":[{"start":{"line":118,"column":4},"end":{"line":129,"column":null}},{"start":{"line":120,"column":11},"end":{"line":129,"column":null}}],"line":118},"17":{"loc":{"start":{"line":125,"column":15},"end":{"line":125,"column":null}},"type":"binary-expr","locations":[{"start":{"line":125,"column":15},"end":{"line":125,"column":33}},{"start":{"line":125,"column":33},"end":{"line":125,"column":null}}],"line":125},"18":{"loc":{"start":{"line":134,"column":4},"end":{"line":134,"column":null}},"type":"if","locations":[{"start":{"line":134,"column":4},"end":{"line":134,"column":null}},{"start":{},"end":{}}],"line":134},"19":{"loc":{"start":{"line":147,"column":4},"end":{"line":147,"column":null}},"type":"if","locations":[{"start":{"line":147,"column":4},"end":{"line":147,"column":null}},{"start":{},"end":{}}],"line":147},"20":{"loc":{"start":{"line":147,"column":8},"end":{"line":147,"column":39}},"type":"binary-expr","locations":[{"start":{"line":147,"column":8},"end":{"line":147,"column":22}},{"start":{"line":147,"column":22},"end":{"line":147,"column":39}}],"line":147},"21":{"loc":{"start":{"line":155,"column":6},"end":{"line":159,"column":null}},"type":"cond-expr","locations":[{"start":{"line":156,"column":10},"end":{"line":156,"column":null}},{"start":{"line":157,"column":10},"end":{"line":159,"column":null}}],"line":155},"22":{"loc":{"start":{"line":157,"column":10},"end":{"line":159,"column":null}},"type":"cond-expr","locations":[{"start":{"line":158,"column":12},"end":{"line":158,"column":null}},{"start":{"line":159,"column":12},"end":{"line":159,"column":null}}],"line":157},"23":{"loc":{"start":{"line":162,"column":11},"end":{"line":162,"column":null}},"type":"binary-expr","locations":[{"start":{"line":162,"column":11},"end":{"line":162,"column":37}},{"start":{"line":162,"column":37},"end":{"line":162,"column":59}},{"start":{"line":162,"column":59},"end":{"line":162,"column":null}}],"line":162},"24":{"loc":{"start":{"line":168,"column":4},"end":{"line":184,"column":null}},"type":"if","locations":[{"start":{"line":168,"column":4},"end":{"line":184,"column":null}},{"start":{"line":171,"column":11},"end":{"line":184,"column":null}}],"line":168},"25":{"loc":{"start":{"line":180,"column":6},"end":{"line":183,"column":null}},"type":"if","locations":[{"start":{"line":180,"column":6},"end":{"line":183,"column":null}},{"start":{},"end":{}}],"line":180},"26":{"loc":{"start":{"line":196,"column":4},"end":{"line":196,"column":null}},"type":"if","locations":[{"start":{"line":196,"column":4},"end":{"line":196,"column":null}},{"start":{},"end":{}}],"line":196},"27":{"loc":{"start":{"line":198,"column":4},"end":{"line":206,"column":null}},"type":"if","locations":[{"start":{"line":198,"column":4},"end":{"line":206,"column":null}},{"start":{},"end":{}}],"line":198},"28":{"loc":{"start":{"line":198,"column":8},"end":{"line":198,"column":95}},"type":"binary-expr","locations":[{"start":{"line":198,"column":8},"end":{"line":198,"column":16}},{"start":{"line":198,"column":16},"end":{"line":198,"column":58}},{"start":{"line":198,"column":58},"end":{"line":198,"column":95}}],"line":198},"29":{"loc":{"start":{"line":200,"column":8},"end":{"line":202,"column":null}},"type":"cond-expr","locations":[{"start":{"line":201,"column":12},"end":{"line":201,"column":null}},{"start":{"line":202,"column":12},"end":{"line":202,"column":null}}],"line":200},"30":{"loc":{"start":{"line":211,"column":4},"end":{"line":221,"column":null}},"type":"if","locations":[{"start":{"line":211,"column":4},"end":{"line":221,"column":null}},{"start":{"line":216,"column":11},"end":{"line":221,"column":null}}],"line":211},"31":{"loc":{"start":{"line":212,"column":24},"end":{"line":214,"column":null}},"type":"cond-expr","locations":[{"start":{"line":213,"column":10},"end":{"line":213,"column":null}},{"start":{"line":214,"column":10},"end":{"line":214,"column":null}}],"line":212},"32":{"loc":{"start":{"line":214,"column":27},"end":{"line":214,"column":72}},"type":"cond-expr","locations":[{"start":{"line":214,"column":52},"end":{"line":214,"column":70}},{"start":{"line":214,"column":70},"end":{"line":214,"column":72}}],"line":214},"33":{"loc":{"start":{"line":218,"column":6},"end":{"line":220,"column":null}},"type":"if","locations":[{"start":{"line":218,"column":6},"end":{"line":220,"column":null}},{"start":{},"end":{}}],"line":218},"34":{"loc":{"start":{"line":218,"column":10},"end":{"line":218,"column":43}},"type":"binary-expr","locations":[{"start":{"line":218,"column":10},"end":{"line":218,"column":24}},{"start":{"line":218,"column":24},"end":{"line":218,"column":43}}],"line":218},"35":{"loc":{"start":{"line":237,"column":6},"end":{"line":237,"column":null}},"type":"cond-expr","locations":[{"start":{"line":237,"column":20},"end":{"line":237,"column":60}},{"start":{"line":237,"column":60},"end":{"line":237,"column":null}}],"line":237},"36":{"loc":{"start":{"line":237,"column":35},"end":{"line":237,"column":56}},"type":"binary-expr","locations":[{"start":{"line":237,"column":35},"end":{"line":237,"column":46}},{"start":{"line":237,"column":46},"end":{"line":237,"column":56}}],"line":237},"37":{"loc":{"start":{"line":243,"column":47},"end":{"line":243,"column":74}},"type":"binary-expr","locations":[{"start":{"line":243,"column":47},"end":{"line":243,"column":71}},{"start":{"line":243,"column":71},"end":{"line":243,"column":74}}],"line":243},"38":{"loc":{"start":{"line":247,"column":4},"end":{"line":247,"column":null}},"type":"if","locations":[{"start":{"line":247,"column":4},"end":{"line":247,"column":null}},{"start":{},"end":{}}],"line":247},"39":{"loc":{"start":{"line":249,"column":4},"end":{"line":257,"column":null}},"type":"if","locations":[{"start":{"line":249,"column":4},"end":{"line":257,"column":null}},{"start":{"line":255,"column":11},"end":{"line":257,"column":null}}],"line":249},"40":{"loc":{"start":{"line":264,"column":4},"end":{"line":264,"column":null}},"type":"if","locations":[{"start":{"line":264,"column":4},"end":{"line":264,"column":null}},{"start":{},"end":{}}],"line":264},"41":{"loc":{"start":{"line":273,"column":4},"end":{"line":273,"column":null}},"type":"if","locations":[{"start":{"line":273,"column":4},"end":{"line":273,"column":null}},{"start":{},"end":{}}],"line":273},"42":{"loc":{"start":{"line":277,"column":47},"end":{"line":277,"column":83}},"type":"binary-expr","locations":[{"start":{"line":277,"column":47},"end":{"line":277,"column":71}},{"start":{"line":277,"column":71},"end":{"line":277,"column":83}}],"line":277},"43":{"loc":{"start":{"line":281,"column":4},"end":{"line":281,"column":null}},"type":"if","locations":[{"start":{"line":281,"column":4},"end":{"line":281,"column":null}},{"start":{},"end":{}}],"line":281},"44":{"loc":{"start":{"line":284,"column":27},"end":{"line":286,"column":null}},"type":"cond-expr","locations":[{"start":{"line":285,"column":8},"end":{"line":285,"column":null}},{"start":{"line":286,"column":8},"end":{"line":286,"column":null}}],"line":284},"45":{"loc":{"start":{"line":289,"column":23},"end":{"line":289,"column":null}},"type":"cond-expr","locations":[{"start":{"line":289,"column":34},"end":{"line":289,"column":68}},{"start":{"line":289,"column":68},"end":{"line":289,"column":null}}],"line":289},"46":{"loc":{"start":{"line":320,"column":4},"end":{"line":320,"column":null}},"type":"if","locations":[{"start":{"line":320,"column":4},"end":{"line":320,"column":null}},{"start":{},"end":{}}],"line":320},"47":{"loc":{"start":{"line":321,"column":4},"end":{"line":321,"column":null}},"type":"if","locations":[{"start":{"line":321,"column":4},"end":{"line":321,"column":null}},{"start":{},"end":{}}],"line":321},"48":{"loc":{"start":{"line":325,"column":27},"end":{"line":327,"column":null}},"type":"cond-expr","locations":[{"start":{"line":326,"column":7},"end":{"line":326,"column":null}},{"start":{"line":327,"column":7},"end":{"line":327,"column":null}}],"line":325},"49":{"loc":{"start":{"line":330,"column":4},"end":{"line":331,"column":null}},"type":"binary-expr","locations":[{"start":{"line":330,"column":4},"end":{"line":330,"column":null}},{"start":{"line":331,"column":4},"end":{"line":331,"column":null}}],"line":330},"50":{"loc":{"start":{"line":345,"column":30},"end":{"line":345,"column":null}},"type":"binary-expr","locations":[{"start":{"line":345,"column":30},"end":{"line":345,"column":50}},{"start":{"line":345,"column":50},"end":{"line":345,"column":null}}],"line":345},"51":{"loc":{"start":{"line":360,"column":25},"end":{"line":360,"column":null}},"type":"binary-expr","locations":[{"start":{"line":360,"column":25},"end":{"line":360,"column":45}},{"start":{"line":360,"column":45},"end":{"line":360,"column":null}}],"line":360},"52":{"loc":{"start":{"line":383,"column":8},"end":{"line":398,"column":null}},"type":"cond-expr","locations":[{"start":{"line":384,"column":8},"end":{"line":397,"column":null}},{"start":{"line":398,"column":8},"end":{"line":398,"column":null}}],"line":383},"53":{"loc":{"start":{"line":392,"column":23},"end":{"line":392,"column":null}},"type":"binary-expr","locations":[{"start":{"line":392,"column":23},"end":{"line":392,"column":45}},{"start":{"line":392,"column":45},"end":{"line":392,"column":null}}],"line":392},"54":{"loc":{"start":{"line":416,"column":27},"end":{"line":416,"column":null}},"type":"binary-expr","locations":[{"start":{"line":416,"column":27},"end":{"line":416,"column":47}},{"start":{"line":416,"column":47},"end":{"line":416,"column":null}}],"line":416},"55":{"loc":{"start":{"line":423,"column":27},"end":{"line":423,"column":null}},"type":"binary-expr","locations":[{"start":{"line":423,"column":27},"end":{"line":423,"column":47}},{"start":{"line":423,"column":47},"end":{"line":423,"column":null}}],"line":423},"56":{"loc":{"start":{"line":511,"column":9},"end":{"line":514,"column":null}},"type":"binary-expr","locations":[{"start":{"line":511,"column":9},"end":{"line":511,"column":null}},{"start":{"line":512,"column":10},"end":{"line":514,"column":null}}],"line":511},"57":{"loc":{"start":{"line":541,"column":36},"end":{"line":541,"column":73}},"type":"binary-expr","locations":[{"start":{"line":541,"column":36},"end":{"line":541,"column":61}},{"start":{"line":541,"column":61},"end":{"line":541,"column":73}}],"line":541}},"s":{"0":1,"1":1,"2":1,"3":1,"4":0,"5":1,"6":134,"7":134,"8":134,"9":134,"10":134,"11":134,"12":134,"13":32,"14":134,"15":134,"16":134,"17":134,"18":134,"19":134,"20":134,"21":33,"22":134,"23":2,"24":0,"25":2,"26":2,"27":2,"28":2,"29":134,"30":134,"31":27,"32":1,"33":1,"34":26,"35":2,"36":2,"37":24,"38":1,"39":134,"40":134,"41":134,"42":134,"43":55,"44":42,"45":31,"46":11,"47":11,"48":4,"49":7,"50":6,"51":1,"52":42,"53":0,"54":1,"55":55,"56":55,"57":55,"58":134,"59":32,"60":134,"61":20,"62":3,"63":20,"64":1,"65":1,"66":0,"67":1,"68":19,"69":2,"70":17,"71":17,"72":17,"73":134,"74":2,"75":2,"76":2,"77":0,"78":2,"79":134,"80":0,"81":134,"82":20,"83":19,"84":1,"85":1,"86":1,"87":1,"88":1,"89":20,"90":1,"91":20,"92":20,"93":20,"94":1,"95":1,"96":0,"97":0,"98":0,"99":0,"100":1,"101":134,"102":21,"103":19,"104":2,"105":2,"106":2,"107":1,"108":1,"109":1,"110":1,"111":2,"112":134,"113":0,"114":0,"115":0,"116":0,"117":0,"118":0,"119":0,"120":0,"121":0,"122":134,"123":0,"124":0,"125":134,"126":1,"127":1,"128":134,"129":1,"130":1,"131":1,"132":1,"133":134,"134":4,"135":134,"136":1,"137":1,"138":0,"139":1,"140":1,"141":0,"142":1,"143":1,"144":1,"145":134,"146":0,"147":0,"148":0,"149":0,"150":0,"151":0,"152":134,"153":0,"154":0,"155":0,"156":0,"157":134,"158":2,"159":134,"160":0,"161":0,"162":0,"163":0,"164":0,"165":0,"166":0,"167":0,"168":0,"169":0,"170":0,"171":0,"172":0,"173":0,"174":0,"175":0,"176":0,"177":0,"178":0,"179":0,"180":0,"181":0,"182":0,"183":0,"184":0,"185":0,"186":134,"187":29,"188":134,"189":55,"190":0,"191":55,"192":17,"193":38,"194":134,"195":134,"196":134,"197":0,"198":134,"199":0,"200":1,"201":0,"202":0,"203":1,"204":0,"205":0,"206":0,"207":1,"208":1,"209":134,"210":0,"211":1,"212":22,"213":22,"214":0,"215":1,"216":0,"217":0,"218":0},"f":{"0":1,"1":0,"2":134,"3":32,"4":33,"5":2,"6":2,"7":134,"8":27,"9":134,"10":55,"11":42,"12":55,"13":32,"14":20,"15":3,"16":2,"17":2,"18":0,"19":20,"20":1,"21":21,"22":2,"23":1,"24":0,"25":0,"26":0,"27":0,"28":0,"29":1,"30":1,"31":1,"32":4,"33":1,"34":0,"35":0,"36":2,"37":0,"38":0,"39":29,"40":55,"41":0,"42":0,"43":1,"44":0,"45":0,"46":1,"47":0,"48":0,"49":0,"50":1,"51":0,"52":1,"53":22,"54":22,"55":0,"56":1,"57":0,"58":0,"59":0},"b":{"0":[0,0],"1":[0,2],"2":[1,26],"3":[27,3,1],"4":[2,24],"5":[26,2],"6":[1,23],"7":[24,1],"8":[31,11],"9":[4,7],"10":[6,1],"11":[0,42],"12":[3,1],"13":[1,19],"14":[1,0],"15":[0,0],"16":[2,17],"17":[17,0],"18":[0,2],"19":[19,1],"20":[20,1],"21":[1,0],"22":[0,0],"23":[1,0,0],"24":[1,0],"25":[0,0],"26":[19,2],"27":[1,1],"28":[2,2,1],"29":[1,0],"30":[0,0],"31":[0,0],"32":[0,0],"33":[0,0],"34":[0,0],"35":[1,0],"36":[1,0],"37":[4,4],"38":[0,1],"39":[0,1],"40":[0,0],"41":[0,0],"42":[2,2],"43":[0,0],"44":[0,0],"45":[0,0],"46":[0,55],"47":[17,38],"48":[25,109],"49":[134,22],"50":[0,0],"51":[1,1],"52":[30,104],"53":[30,29],"54":[0,0],"55":[0,0],"56":[134,9],"57":[134,0]},"meta":{"lastBranch":58,"lastFunction":60,"lastStatement":219,"seen":{"s:18:41:24:Infinity":0,"s:26:29:30:Infinity":1,"s:32:19:33:Infinity":2,"f:32:19:32:20":0,"s:33:2:33:Infinity":3,"f:33:11:33:18":1,"s:33:18:33:80":4,"b:33:18:33:49:33:49:33:80":0,"s:35:31:546:Infinity":5,"f:35:31:35:37":2,"s:36:64:36:Infinity":6,"s:38:60:41:Infinity":7,"s:42:53:42:Infinity":8,"s:44:32:44:Infinity":9,"s:45:40:45:Infinity":10,"s:46:34:46:Infinity":11,"s:47:28:47:Infinity":12,"f:47:67:47:73":3,"s:47:73:47:104":13,"s:48:46:48:Infinity":14,"s:49:54:49:Infinity":15,"s:50:46:50:Infinity":16,"s:51:38:51:Infinity":17,"s:53:8:53:Infinity":18,"s:54:8:54:Infinity":19,"s:56:2:58:Infinity":20,"f:56:12:56:18":4,"s:57:4:57:Infinity":21,"s:60:8:65:Infinity":22,"f:60:46:60:52":5,"b:61:4:61:Infinity:undefined:undefined:undefined:undefined":1,"s:61:4:61:Infinity":23,"s:61:24:61:Infinity":24,"s:62:22:62:Infinity":25,"f:62:36:62:41":6,"s:62:41:62:63":26,"s:63:4:63:Infinity":27,"s:64:4:64:Infinity":28,"s:67:2:83:Infinity":29,"f:67:12:67:18":7,"s:68:20:80:Infinity":30,"f:68:20:68:21":8,"b:69:6:72:Infinity:undefined:undefined:undefined:undefined":2,"s:69:6:72:Infinity":31,"b:69:10:69:23:69:23:69:37:69:37:69:52":3,"s:70:8:70:Infinity":32,"s:71:8:71:Infinity":33,"b:73:6:76:Infinity:undefined:undefined:undefined:undefined":4,"s:73:6:76:Infinity":34,"b:73:10:73:23:73:23:73:38":5,"s:74:8:74:Infinity":35,"s:75:8:75:Infinity":36,"b:77:6:79:Infinity:undefined:undefined:undefined:undefined":6,"s:77:6:79:Infinity":37,"b:77:10:77:32:77:32:77:56":7,"s:78:8:78:Infinity":38,"s:81:4:81:Infinity":39,"s:82:4:82:Infinity":40,"f:82:11:82:17":9,"s:82:17:82:Infinity":41,"s:85:2:99:Infinity":42,"f:85:12:85:18":10,"s:86:20:96:Infinity":43,"f:86:20:86:21":11,"b:87:6:87:Infinity:undefined:undefined:undefined:undefined":8,"s:87:6:87:Infinity":44,"s:87:26:87:Infinity":45,"s:88:21:88:Infinity":46,"b:89:6:89:Infinity:undefined:undefined:undefined:undefined":9,"s:89:6:89:Infinity":47,"s:89:44:89:Infinity":48,"b:90:6:90:Infinity:undefined:undefined:undefined:undefined":10,"s:90:6:90:Infinity":49,"s:90:49:90:Infinity":50,"s:91:26:93:Infinity":51,"b:94:6:94:Infinity:undefined:undefined:undefined:undefined":11,"s:94:6:94:Infinity":52,"s:94:23:94:Infinity":53,"s:95:6:95:Infinity":54,"s:97:4:97:Infinity":55,"s:98:4:98:Infinity":56,"f:98:11:98:17":12,"s:98:17:98:Infinity":57,"s:101:8:104:Infinity":58,"f:102:4:102:10":13,"s:102:10:102:Infinity":59,"s:106:26:130:Infinity":60,"f:106:26:106:27":14,"s:107:16:107:Infinity":61,"f:107:28:107:33":15,"s:107:33:107:71":62,"b:107:33:107:56:107:56:107:71":12,"b:109:4:116:Infinity:undefined:undefined:undefined:undefined":13,"s:109:4:116:Infinity":63,"b:110:6:114:Infinity:112:13:114:Infinity":14,"s:110:6:114:Infinity":64,"s:111:8:111:Infinity":65,"s:113:8:113:Infinity":66,"b:113:25:113:35:113:35:113:39":15,"s:115:6:115:Infinity":67,"b:118:4:129:Infinity:120:11:129:Infinity":16,"s:118:4:129:Infinity":68,"s:119:6:119:Infinity":69,"s:121:30:126:Infinity":70,"b:125:15:125:33:125:33:125:Infinity":17,"s:127:6:127:Infinity":71,"s:128:6:128:Infinity":72,"s:132:29:142:Infinity":73,"f:132:29:132:30":16,"s:133:16:133:Infinity":74,"f:133:28:133:33":17,"s:133:33:133:44":75,"b:134:4:134:Infinity:undefined:undefined:undefined:undefined":18,"s:134:4:134:Infinity":76,"s:134:14:134:Infinity":77,"s:135:4:141:Infinity":78,"s:144:32:144:Infinity":79,"f:144:32:144:38":18,"s:144:38:144:Infinity":80,"s:146:29:193:Infinity":81,"f:146:29:146:30":19,"b:147:4:147:Infinity:undefined:undefined:undefined:undefined":19,"s:147:4:147:Infinity":82,"b:147:8:147:22:147:22:147:39":20,"s:147:39:147:Infinity":83,"s:148:17:148:Infinity":84,"s:149:19:149:Infinity":85,"s:150:19:150:Infinity":86,"s:152:45:152:Infinity":87,"s:155:6:159:Infinity":88,"b:156:10:156:Infinity:157:10:159:Infinity":21,"b:158:12:158:Infinity:159:12:159:Infinity":22,"s:161:23:163:Infinity":89,"f:162:6:162:11":20,"s:162:11:162:Infinity":90,"b:162:11:162:37:162:37:162:59:162:59:162:Infinity":23,"s:165:27:165:Infinity":91,"s:166:25:166:Infinity":92,"b:168:4:184:Infinity:171:11:184:Infinity":24,"s:168:4:184:Infinity":93,"s:169:6:169:Infinity":94,"s:170:6:170:Infinity":95,"s:172:12:179:Infinity":96,"b:180:6:183:Infinity:undefined:undefined:undefined:undefined":25,"s:180:6:183:Infinity":97,"s:181:8:181:Infinity":98,"s:182:8:182:Infinity":99,"s:186:4:192:Infinity":100,"s:195:27:208:Infinity":101,"f:195:27:195:33":21,"b:196:4:196:Infinity:undefined:undefined:undefined:undefined":26,"s:196:4:196:Infinity":102,"s:196:20:196:Infinity":103,"s:197:16:197:Infinity":104,"f:197:28:197:33":22,"s:197:33:197:57":105,"b:198:4:206:Infinity:undefined:undefined:undefined:undefined":27,"s:198:4:206:Infinity":106,"b:198:8:198:16:198:16:198:58:198:58:198:95":28,"s:199:24:203:Infinity":107,"f:199:35:199:Infinity":23,"s:200:8:202:Infinity":108,"b:201:12:201:Infinity:202:12:202:Infinity":29,"s:204:6:204:Infinity":109,"s:205:6:205:Infinity":110,"s:207:4:207:Infinity":111,"s:210:28:222:Infinity":112,"f:210:28:210:29":24,"b:211:4:221:Infinity:216:11:221:Infinity":30,"s:211:4:221:Infinity":113,"s:212:24:214:Infinity":114,"b:213:10:213:Infinity:214:10:214:Infinity":31,"f:213:21:213:27":25,"s:213:27:213:43":115,"f:214:21:214:27":26,"s:214:27:214:72":116,"b:214:52:214:70:214:70:214:72":32,"s:215:6:215:Infinity":117,"s:217:6:217:Infinity":118,"b:218:6:220:Infinity:undefined:undefined:undefined:undefined":33,"s:218:6:220:Infinity":119,"b:218:10:218:24:218:24:218:43":34,"s:219:8:219:Infinity":120,"f:219:40:219:46":27,"s:219:46:219:62":121,"s:224:32:227:Infinity":122,"f:224:32:224:33":28,"s:225:22:225:Infinity":123,"s:226:4:226:Infinity":124,"s:229:34:232:Infinity":125,"f:229:34:229:35":29,"s:230:22:230:Infinity":126,"s:231:4:231:Infinity":127,"s:234:31:240:Infinity":128,"f:234:31:234:32":30,"s:235:20:235:Infinity":129,"s:236:22:238:Infinity":130,"f:236:33:236:Infinity":31,"s:237:6:237:Infinity":131,"b:237:20:237:60:237:60:237:Infinity":35,"b:237:35:237:46:237:46:237:56":36,"s:239:4:239:Infinity":132,"s:242:30:243:Infinity":133,"f:242:30:242:Infinity":32,"s:243:4:243:Infinity":134,"b:243:47:243:71:243:71:243:74":37,"s:245:28:260:Infinity":135,"f:245:28:245:34":33,"s:246:17:246:Infinity":136,"b:247:4:247:Infinity:undefined:undefined:undefined:undefined":38,"s:247:4:247:Infinity":137,"s:247:15:247:Infinity":138,"s:248:21:248:Infinity":139,"b:249:4:257:Infinity:255:11:257:Infinity":39,"s:249:4:257:Infinity":140,"s:250:6:254:Infinity":141,"s:256:6:256:Infinity":142,"s:258:4:258:Infinity":143,"s:259:4:259:Infinity":144,"s:262:27:268:Infinity":145,"f:262:27:262:28":34,"s:263:19:263:Infinity":146,"b:264:4:264:Infinity:undefined:undefined:undefined:undefined":40,"s:264:4:264:Infinity":147,"s:264:17:264:Infinity":148,"s:265:4:265:Infinity":149,"s:266:4:266:Infinity":150,"s:267:4:267:Infinity":151,"s:270:29:274:Infinity":152,"f:270:29:270:30":35,"s:271:4:271:Infinity":153,"s:272:4:272:Infinity":154,"b:273:4:273:Infinity:undefined:undefined:undefined:undefined":41,"s:273:4:273:Infinity":155,"s:273:33:273:Infinity":156,"s:276:28:277:Infinity":157,"f:276:28:276:Infinity":36,"s:277:4:277:Infinity":158,"b:277:47:277:71:277:71:277:83":42,"s:279:20:315:Infinity":159,"f:279:20:279:21":37,"s:280:16:280:Infinity":160,"b:281:4:281:Infinity:undefined:undefined:undefined:undefined":43,"s:281:4:281:Infinity":161,"s:281:14:281:Infinity":162,"s:283:23:283:Infinity":163,"s:284:27:286:Infinity":164,"b:285:8:285:Infinity:286:8:286:Infinity":44,"s:288:21:288:Infinity":165,"s:289:23:289:Infinity":166,"b:289:34:289:68:289:68:289:Infinity":45,"s:291:18:291:Infinity":167,"s:292:4:292:Infinity":168,"f:292:59:292:65":38,"s:292:65:292:76":169,"s:294:17:294:Infinity":170,"s:295:18:295:Infinity":171,"s:296:4:300:Infinity":172,"s:301:4:301:Infinity":173,"s:302:4:302:Infinity":174,"s:304:19:304:Infinity":175,"s:305:17:305:Infinity":176,"s:306:16:306:Infinity":177,"s:307:14:307:Infinity":178,"s:308:4:308:Infinity":179,"s:309:4:309:Infinity":180,"s:310:4:310:Infinity":181,"s:311:4:311:Infinity":182,"s:312:4:312:Infinity":183,"s:313:4:313:Infinity":184,"s:314:4:314:Infinity":185,"s:317:22:317:Infinity":186,"f:317:34:317:39":39,"s:317:39:317:61":187,"s:319:8:323:Infinity":188,"f:319:35:319:41":40,"b:320:4:320:Infinity:undefined:undefined:undefined:undefined":46,"s:320:4:320:Infinity":189,"s:320:20:320:Infinity":190,"b:321:4:321:Infinity:undefined:undefined:undefined:undefined":47,"s:321:4:321:Infinity":191,"s:321:23:321:Infinity":192,"s:322:4:322:Infinity":193,"s:325:27:327:Infinity":194,"b:326:7:326:Infinity:327:7:327:Infinity":48,"s:330:4:331:Infinity":195,"b:330:4:330:Infinity:331:4:331:Infinity":49,"s:333:24:333:Infinity":196,"f:333:36:333:42":41,"s:333:42:333:73":197,"s:335:51:454:Infinity":198,"f:345:25:345:30":42,"s:345:30:345:Infinity":199,"b:345:30:345:50:345:50:345:Infinity":50,"f:360:20:360:25":43,"s:360:25:360:Infinity":200,"b:360:25:360:45:360:45:360:Infinity":51,"f:370:22:370:27":44,"s:370:27:370:Infinity":201,"f:376:24:376:29":45,"s:376:29:376:Infinity":202,"b:384:8:397:Infinity:398:8:398:Infinity":52,"b:392:23:392:45:392:45:392:Infinity":53,"f:393:26:393:31":46,"s:393:31:393:Infinity":203,"f:407:22:407:27":47,"s:407:27:407:Infinity":204,"f:416:21:416:27":48,"s:416:27:416:Infinity":205,"b:416:27:416:47:416:47:416:Infinity":54,"f:423:21:423:27":49,"s:423:27:423:Infinity":206,"b:423:27:423:47:423:47:423:Infinity":55,"f:445:21:445:27":50,"s:446:14:446:Infinity":207,"s:447:14:447:Infinity":208,"s:456:2:544:Infinity":209,"f:489:16:489:22":51,"s:489:22:489:Infinity":210,"f:495:23:495:29":52,"s:495:29:495:Infinity":211,"f:507:20:507:25":53,"s:507:25:507:Infinity":212,"f:507:45:507:54":54,"s:507:54:507:88":213,"b:511:9:511:Infinity:512:10:514:Infinity":56,"f:522:16:522:22":55,"s:522:22:522:Infinity":214,"f:528:23:528:29":56,"s:528:29:528:Infinity":215,"f:530:44:530:50":57,"s:530:50:530:84":216,"f:536:20:536:25":58,"s:536:25:536:Infinity":217,"f:536:41:536:50":59,"s:536:50:536:88":218,"b:541:36:541:61:541:61:541:73":57}}}
,"/Users/hannahgerber/Documents/code/basscore/src/components/CustomFretboardEditor/CustomFretboardEditor.tsx": {"path":"/Users/hannahgerber/Documents/code/basscore/src/components/CustomFretboardEditor/CustomFretboardEditor.tsx","statementMap":{"0":{"start":{"line":20,"column":32},"end":{"line":20,"column":null}},"1":{"start":{"line":22,"column":25},"end":{"line":31,"column":null}},"2":{"start":{"line":23,"column":14},"end":{"line":23,"column":null}},"3":{"start":{"line":24,"column":2},"end":{"line":24,"column":null}},"4":{"start":{"line":24,"column":22},"end":{"line":24,"column":null}},"5":{"start":{"line":25,"column":12},"end":{"line":25,"column":null}},"6":{"start":{"line":26,"column":12},"end":{"line":26,"column":null}},"7":{"start":{"line":27,"column":12},"end":{"line":27,"column":null}},"8":{"start":{"line":28,"column":19},"end":{"line":28,"column":null}},"9":{"start":{"line":28,"column":35},"end":{"line":28,"column":null}},"10":{"start":{"line":29,"column":12},"end":{"line":29,"column":null}},"11":{"start":{"line":30,"column":2},"end":{"line":30,"column":null}},"12":{"start":{"line":33,"column":30},"end":{"line":241,"column":null}},"13":{"start":{"line":46,"column":67},"end":{"line":46,"column":null}},"14":{"start":{"line":47,"column":20},"end":{"line":47,"column":null}},"15":{"start":{"line":49,"column":8},"end":{"line":89,"column":null}},"16":{"start":{"line":50,"column":54},"end":{"line":50,"column":null}},"17":{"start":{"line":51,"column":42},"end":{"line":51,"column":null}},"18":{"start":{"line":52,"column":10},"end":{"line":52,"column":null}},"19":{"start":{"line":53,"column":14},"end":{"line":53,"column":null}},"20":{"start":{"line":55,"column":4},"end":{"line":87,"column":null}},"21":{"start":{"line":55,"column":20},"end":{"line":55,"column":23}},"22":{"start":{"line":56,"column":24},"end":{"line":56,"column":null}},"23":{"start":{"line":57,"column":12},"end":{"line":57,"column":null}},"24":{"start":{"line":59,"column":6},"end":{"line":86,"column":null}},"25":{"start":{"line":60,"column":8},"end":{"line":68,"column":null}},"26":{"start":{"line":69,"column":6},"end":{"line":86,"column":null}},"27":{"start":{"line":70,"column":8},"end":{"line":85,"column":null}},"28":{"start":{"line":88,"column":4},"end":{"line":88,"column":null}},"29":{"start":{"line":91,"column":2},"end":{"line":239,"column":null}},"30":{"start":{"line":104,"column":8},"end":{"line":112,"column":null}},"31":{"start":{"line":117,"column":8},"end":{"line":125,"column":null}},"32":{"start":{"line":143,"column":53},"end":{"line":143,"column":59}},"33":{"start":{"line":144,"column":8},"end":{"line":177,"column":null}},"34":{"start":{"line":144,"column":52},"end":{"line":144,"column":58}},"35":{"start":{"line":145,"column":22},"end":{"line":145,"column":null}},"36":{"start":{"line":145,"column":39},"end":{"line":145,"column":69}},"37":{"start":{"line":146,"column":29},"end":{"line":146,"column":null}},"38":{"start":{"line":147,"column":10},"end":{"line":175,"column":null}},"39":{"start":{"line":159,"column":29},"end":{"line":159,"column":null}},"40":{"start":{"line":163,"column":22},"end":{"line":163,"column":null}},"41":{"start":{"line":164,"column":22},"end":{"line":164,"column":null}},"42":{"start":{"line":169,"column":16},"end":{"line":172,"column":null}},"43":{"start":{"line":170,"column":18},"end":{"line":170,"column":null}},"44":{"start":{"line":171,"column":18},"end":{"line":171,"column":null}},"45":{"start":{"line":182,"column":27},"end":{"line":182,"column":null}},"46":{"start":{"line":183,"column":27},"end":{"line":183,"column":null}},"47":{"start":{"line":184,"column":14},"end":{"line":184,"column":null}},"48":{"start":{"line":185,"column":14},"end":{"line":185,"column":null}},"49":{"start":{"line":186,"column":8},"end":{"line":198,"column":null}},"50":{"start":{"line":204,"column":21},"end":{"line":204,"column":28}},"51":{"start":{"line":206,"column":16},"end":{"line":206,"column":null}},"52":{"start":{"line":207,"column":16},"end":{"line":207,"column":null}},"53":{"start":{"line":208,"column":10},"end":{"line":220,"column":null}}},"fnMap":{"0":{"name":"(anonymous_0)","decl":{"start":{"line":22,"column":25},"end":{"line":22,"column":26}},"loc":{"start":{"line":22,"column":55},"end":{"line":31,"column":null}},"line":22},"1":{"name":"(anonymous_1)","decl":{"start":{"line":28,"column":19},"end":{"line":28,"column":20}},"loc":{"start":{"line":28,"column":35},"end":{"line":28,"column":null}},"line":28},"2":{"name":"(anonymous_2)","decl":{"start":{"line":33,"column":30},"end":{"line":33,"column":31}},"loc":{"start":{"line":45,"column":35},"end":{"line":241,"column":null}},"line":45},"3":{"name":"(anonymous_3)","decl":{"start":{"line":49,"column":34},"end":{"line":49,"column":40}},"loc":{"start":{"line":49,"column":40},"end":{"line":89,"column":5}},"line":49},"4":{"name":"(anonymous_4)","decl":{"start":{"line":103,"column":48},"end":{"line":103,"column":49}},"loc":{"start":{"line":104,"column":8},"end":{"line":112,"column":null}},"line":104},"5":{"name":"(anonymous_5)","decl":{"start":{"line":116,"column":46},"end":{"line":116,"column":47}},"loc":{"start":{"line":117,"column":8},"end":{"line":125,"column":null}},"line":117},"6":{"name":"(anonymous_6)","decl":{"start":{"line":143,"column":42},"end":{"line":143,"column":43}},"loc":{"start":{"line":143,"column":53},"end":{"line":143,"column":59}},"line":143},"7":{"name":"(anonymous_7)","decl":{"start":{"line":143,"column":69},"end":{"line":143,"column":null}},"loc":{"start":{"line":144,"column":8},"end":{"line":177,"column":null}},"line":144},"8":{"name":"(anonymous_8)","decl":{"start":{"line":144,"column":41},"end":{"line":144,"column":42}},"loc":{"start":{"line":144,"column":52},"end":{"line":144,"column":58}},"line":144},"9":{"name":"(anonymous_9)","decl":{"start":{"line":144,"column":64},"end":{"line":144,"column":69}},"loc":{"start":{"line":144,"column":69},"end":{"line":177,"column":9}},"line":144},"10":{"name":"(anonymous_10)","decl":{"start":{"line":145,"column":34},"end":{"line":145,"column":39}},"loc":{"start":{"line":145,"column":39},"end":{"line":145,"column":69}},"line":145},"11":{"name":"(anonymous_11)","decl":{"start":{"line":159,"column":23},"end":{"line":159,"column":29}},"loc":{"start":{"line":159,"column":29},"end":{"line":159,"column":null}},"line":159},"12":{"name":"(anonymous_12)","decl":{"start":{"line":162,"column":20},"end":{"line":162,"column":25}},"loc":{"start":{"line":162,"column":25},"end":{"line":165,"column":null}},"line":162},"13":{"name":"(anonymous_13)","decl":{"start":{"line":168,"column":25},"end":{"line":168,"column":30}},"loc":{"start":{"line":168,"column":30},"end":{"line":173,"column":null}},"line":168},"14":{"name":"(anonymous_14)","decl":{"start":{"line":181,"column":18},"end":{"line":181,"column":25}},"loc":{"start":{"line":181,"column":25},"end":{"line":200,"column":7}},"line":181},"15":{"name":"(anonymous_15)","decl":{"start":{"line":204,"column":16},"end":{"line":204,"column":21}},"loc":{"start":{"line":204,"column":21},"end":{"line":204,"column":28}},"line":204},"16":{"name":"(anonymous_16)","decl":{"start":{"line":205,"column":13},"end":{"line":205,"column":20}},"loc":{"start":{"line":205,"column":20},"end":{"line":222,"column":9}},"line":205}},"branchMap":{"0":{"loc":{"start":{"line":24,"column":2},"end":{"line":24,"column":null}},"type":"if","locations":[{"start":{"line":24,"column":2},"end":{"line":24,"column":null}},{"start":{},"end":{}}],"line":24},"1":{"loc":{"start":{"line":28,"column":35},"end":{"line":28,"column":null}},"type":"cond-expr","locations":[{"start":{"line":28,"column":50},"end":{"line":28,"column":64}},{"start":{"line":28,"column":54},"end":{"line":28,"column":null}}],"line":28},"2":{"loc":{"start":{"line":30,"column":9},"end":{"line":30,"column":null}},"type":"cond-expr","locations":[{"start":{"line":30,"column":21},"end":{"line":30,"column":33}},{"start":{"line":30,"column":33},"end":{"line":30,"column":null}}],"line":30},"3":{"loc":{"start":{"line":56,"column":24},"end":{"line":56,"column":null}},"type":"cond-expr","locations":[{"start":{"line":56,"column":42},"end":{"line":56,"column":47}},{"start":{"line":56,"column":47},"end":{"line":56,"column":null}}],"line":56},"4":{"loc":{"start":{"line":59,"column":6},"end":{"line":86,"column":null}},"type":"if","locations":[{"start":{"line":59,"column":6},"end":{"line":86,"column":null}},{"start":{"line":69,"column":6},"end":{"line":86,"column":null}}],"line":59},"5":{"loc":{"start":{"line":69,"column":6},"end":{"line":86,"column":null}},"type":"if","locations":[{"start":{"line":69,"column":6},"end":{"line":86,"column":null}},{"start":{},"end":{}}],"line":69},"6":{"loc":{"start":{"line":145,"column":39},"end":{"line":145,"column":69}},"type":"binary-expr","locations":[{"start":{"line":145,"column":39},"end":{"line":145,"column":57}},{"start":{"line":145,"column":57},"end":{"line":145,"column":69}}],"line":145},"7":{"loc":{"start":{"line":155,"column":61},"end":{"line":155,"column":125}},"type":"cond-expr","locations":[{"start":{"line":155,"column":74},"end":{"line":155,"column":123}},{"start":{"line":155,"column":123},"end":{"line":155,"column":125}}],"line":155},"8":{"loc":{"start":{"line":158,"column":54},"end":{"line":158,"column":102}},"type":"cond-expr","locations":[{"start":{"line":158,"column":68},"end":{"line":158,"column":95}},{"start":{"line":158,"column":95},"end":{"line":158,"column":102}}],"line":158},"9":{"loc":{"start":{"line":158,"column":68},"end":{"line":158,"column":95}},"type":"binary-expr","locations":[{"start":{"line":158,"column":68},"end":{"line":158,"column":81}},{"start":{"line":158,"column":81},"end":{"line":158,"column":95}}],"line":158},"10":{"loc":{"start":{"line":161,"column":16},"end":{"line":166,"column":null}},"type":"cond-expr","locations":[{"start":{"line":162,"column":20},"end":{"line":165,"column":null}},{"start":{"line":166,"column":20},"end":{"line":166,"column":null}}],"line":161},"11":{"loc":{"start":{"line":161,"column":16},"end":{"line":161,"column":null}},"type":"binary-expr","locations":[{"start":{"line":161,"column":16},"end":{"line":161,"column":30}},{"start":{"line":161,"column":30},"end":{"line":161,"column":null}}],"line":161},"12":{"loc":{"start":{"line":169,"column":16},"end":{"line":172,"column":null}},"type":"if","locations":[{"start":{"line":169,"column":16},"end":{"line":172,"column":null}},{"start":{},"end":{}}],"line":169},"13":{"loc":{"start":{"line":169,"column":20},"end":{"line":169,"column":56}},"type":"binary-expr","locations":[{"start":{"line":169,"column":20},"end":{"line":169,"column":41}},{"start":{"line":169,"column":41},"end":{"line":169,"column":56}}],"line":169},"14":{"loc":{"start":{"line":188,"column":13},"end":{"line":189,"column":null}},"type":"binary-expr","locations":[{"start":{"line":188,"column":13},"end":{"line":188,"column":null}},{"start":{"line":189,"column":14},"end":{"line":189,"column":null}}],"line":188},"15":{"loc":{"start":{"line":196,"column":25},"end":{"line":196,"column":null}},"type":"cond-expr","locations":[{"start":{"line":196,"column":38},"end":{"line":196,"column":81}},{"start":{"line":196,"column":81},"end":{"line":196,"column":null}}],"line":196},"16":{"loc":{"start":{"line":219,"column":16},"end":{"line":219,"column":33}},"type":"binary-expr","locations":[{"start":{"line":219,"column":16},"end":{"line":219,"column":29}},{"start":{"line":219,"column":29},"end":{"line":219,"column":33}}],"line":219},"17":{"loc":{"start":{"line":225,"column":7},"end":{"line":237,"column":null}},"type":"binary-expr","locations":[{"start":{"line":225,"column":7},"end":{"line":225,"column":null}},{"start":{"line":226,"column":8},"end":{"line":237,"column":null}}],"line":225}},"s":{"0":1,"1":1,"2":5,"3":5,"4":3,"5":2,"6":2,"7":2,"8":2,"9":6,"10":2,"11":2,"12":1,"13":155,"14":155,"15":155,"16":54,"17":54,"18":54,"19":54,"20":54,"21":54,"22":648,"23":648,"24":648,"25":216,"26":432,"27":54,"28":54,"29":155,"30":2015,"31":622,"32":622,"33":622,"34":7464,"35":7464,"36":1967,"37":7464,"38":7464,"39":21,"40":3,"41":3,"42":2,"43":2,"44":2,"45":41,"46":41,"47":41,"48":41,"49":41,"50":41,"51":5,"52":5,"53":5},"f":{"0":5,"1":6,"2":155,"3":54,"4":2015,"5":622,"6":622,"7":622,"8":7464,"9":7464,"10":1967,"11":21,"12":3,"13":2,"14":41,"15":41,"16":5},"b":{"0":[3,2],"1":[3,3],"2":[1,1],"3":[54,594],"4":[216,432],"5":[54,378],"6":[1967,492],"7":[41,7423],"8":[41,7423],"9":[41,36],"10":[3,7423],"11":[7464,41],"12":[2,0],"13":[2,1],"14":[41,26],"15":[4,37],"16":[5,0],"17":[155,4]},"meta":{"lastBranch":18,"lastFunction":17,"lastStatement":54,"seen":{"s:20:32:20:Infinity":0,"s:22:25:31:Infinity":1,"f:22:25:22:26":0,"s:23:14:23:Infinity":2,"b:24:2:24:Infinity:undefined:undefined:undefined:undefined":0,"s:24:2:24:Infinity":3,"s:24:22:24:Infinity":4,"s:25:12:25:Infinity":5,"s:26:12:26:Infinity":6,"s:27:12:27:Infinity":7,"s:28:19:28:Infinity":8,"f:28:19:28:20":1,"s:28:35:28:Infinity":9,"b:28:50:28:64:28:54:28:Infinity":1,"s:29:12:29:Infinity":10,"s:30:2:30:Infinity":11,"b:30:21:30:33:30:33:30:Infinity":2,"s:33:30:241:Infinity":12,"f:33:30:33:31":2,"s:46:67:46:Infinity":13,"s:47:20:47:Infinity":14,"s:49:8:89:Infinity":15,"f:49:34:49:40":3,"s:50:54:50:Infinity":16,"s:51:42:51:Infinity":17,"s:52:10:52:Infinity":18,"s:53:14:53:Infinity":19,"s:55:4:87:Infinity":20,"s:55:20:55:23":21,"s:56:24:56:Infinity":22,"b:56:42:56:47:56:47:56:Infinity":3,"s:57:12:57:Infinity":23,"b:59:6:86:Infinity:69:6:86:Infinity":4,"s:59:6:86:Infinity":24,"s:60:8:68:Infinity":25,"b:69:6:86:Infinity:undefined:undefined:undefined:undefined":5,"s:69:6:86:Infinity":26,"s:70:8:85:Infinity":27,"s:88:4:88:Infinity":28,"s:91:2:239:Infinity":29,"f:103:48:103:49":4,"s:104:8:112:Infinity":30,"f:116:46:116:47":5,"s:117:8:125:Infinity":31,"f:143:42:143:43":6,"s:143:53:143:59":32,"f:143:69:143:Infinity":7,"s:144:8:177:Infinity":33,"f:144:41:144:42":8,"s:144:52:144:58":34,"f:144:64:144:69":9,"s:145:22:145:Infinity":35,"f:145:34:145:39":10,"s:145:39:145:69":36,"b:145:39:145:57:145:57:145:69":6,"s:146:29:146:Infinity":37,"s:147:10:175:Infinity":38,"b:155:74:155:123:155:123:155:125":7,"b:158:68:158:95:158:95:158:102":8,"b:158:68:158:81:158:81:158:95":9,"f:159:23:159:29":11,"s:159:29:159:Infinity":39,"b:162:20:165:Infinity:166:20:166:Infinity":10,"b:161:16:161:30:161:30:161:Infinity":11,"f:162:20:162:25":12,"s:163:22:163:Infinity":40,"s:164:22:164:Infinity":41,"f:168:25:168:30":13,"b:169:16:172:Infinity:undefined:undefined:undefined:undefined":12,"s:169:16:172:Infinity":42,"b:169:20:169:41:169:41:169:56":13,"s:170:18:170:Infinity":43,"s:171:18:171:Infinity":44,"f:181:18:181:25":14,"s:182:27:182:Infinity":45,"s:183:27:183:Infinity":46,"s:184:14:184:Infinity":47,"s:185:14:185:Infinity":48,"s:186:8:198:Infinity":49,"b:188:13:188:Infinity:189:14:189:Infinity":14,"b:196:38:196:81:196:81:196:Infinity":15,"f:204:16:204:21":15,"s:204:21:204:28":50,"f:205:13:205:20":16,"s:206:16:206:Infinity":51,"s:207:16:207:Infinity":52,"s:208:10:220:Infinity":53,"b:219:16:219:29:219:29:219:33":16,"b:225:7:225:Infinity:226:8:237:Infinity":17}}}
,"/Users/hannahgerber/Documents/code/basscore/src/components/Footer/Footer.tsx": {"path":"/Users/hannahgerber/Documents/code/basscore/src/components/Footer/Footer.tsx","statementMap":{"0":{"start":{"line":1,"column":15},"end":{"line":29,"column":null}},"1":{"start":{"line":2,"column":2},"end":{"line":27,"column":null}}},"fnMap":{"0":{"name":"(anonymous_0)","decl":{"start":{"line":1,"column":15},"end":{"line":1,"column":21}},"loc":{"start":{"line":1,"column":21},"end":{"line":29,"column":null}},"line":1}},"branchMap":{},"s":{"0":1,"1":4},"f":{"0":4},"b":{},"meta":{"lastBranch":0,"lastFunction":1,"lastStatement":2,"seen":{"s:1:15:29:Infinity":0,"f:1:15:1:21":0,"s:2:2:27:Infinity":1}}}
,"/Users/hannahgerber/Documents/code/basscore/src/components/Fretboard/Fretboard.tsx": {"path":"/Users/hannahgerber/Documents/code/basscore/src/components/Fretboard/Fretboard.tsx","statementMap":{"0":{"start":{"line":10,"column":18},"end":{"line":59,"column":null}},"1":{"start":{"line":11,"column":26},"end":{"line":11,"column":null}},"2":{"start":{"line":12,"column":50},"end":{"line":12,"column":null}},"3":{"start":{"line":13,"column":17},"end":{"line":13,"column":null}},"4":{"start":{"line":15,"column":8},"end":{"line":18,"column":null}},"5":{"start":{"line":16,"column":4},"end":{"line":16,"column":null}},"6":{"start":{"line":16,"column":17},"end":{"line":16,"column":null}},"7":{"start":{"line":17,"column":4},"end":{"line":17,"column":null}},"8":{"start":{"line":20,"column":2},"end":{"line":57,"column":null}},"9":{"start":{"line":29,"column":10},"end":{"line":37,"column":null}},"10":{"start":{"line":42,"column":10},"end":{"line":50,"column":null}}},"fnMap":{"0":{"name":"(anonymous_0)","decl":{"start":{"line":10,"column":18},"end":{"line":10,"column":19}},"loc":{"start":{"line":10,"column":47},"end":{"line":59,"column":null}},"line":10},"1":{"name":"(anonymous_1)","decl":{"start":{"line":15,"column":29},"end":{"line":15,"column":35}},"loc":{"start":{"line":15,"column":35},"end":{"line":18,"column":5}},"line":15},"2":{"name":"(anonymous_2)","decl":{"start":{"line":28,"column":50},"end":{"line":28,"column":51}},"loc":{"start":{"line":29,"column":10},"end":{"line":37,"column":null}},"line":29},"3":{"name":"(anonymous_3)","decl":{"start":{"line":41,"column":48},"end":{"line":41,"column":49}},"loc":{"start":{"line":42,"column":10},"end":{"line":50,"column":null}},"line":42}},"branchMap":{"0":{"loc":{"start":{"line":16,"column":4},"end":{"line":16,"column":null}},"type":"if","locations":[{"start":{"line":16,"column":4},"end":{"line":16,"column":null}},{"start":{},"end":{}}],"line":16}},"s":{"0":3,"1":45,"2":45,"3":45,"4":45,"5":45,"6":6,"7":39,"8":45,"9":292,"10":180},"f":{"0":45,"1":45,"2":292,"3":180},"b":{"0":[6,39]},"meta":{"lastBranch":1,"lastFunction":4,"lastStatement":11,"seen":{"s:10:18:59:Infinity":0,"f:10:18:10:19":0,"s:11:26:11:Infinity":1,"s:12:50:12:Infinity":2,"s:13:17:13:Infinity":3,"s:15:8:18:Infinity":4,"f:15:29:15:35":1,"b:16:4:16:Infinity:undefined:undefined:undefined:undefined":0,"s:16:4:16:Infinity":5,"s:16:17:16:Infinity":6,"s:17:4:17:Infinity":7,"s:20:2:57:Infinity":8,"f:28:50:28:51":2,"s:29:10:37:Infinity":9,"f:41:48:41:49":3,"s:42:10:50:Infinity":10}}}
[...]
":6},"end":{"line":39,"column":null}},{"start":{"line":40,"column":6},"end":{"line":46,"column":null}},{"start":{"line":47,"column":6},"end":{"line":53,"column":null}},{"start":{"line":54,"column":6},"end":{"line":60,"column":null}},{"start":{"line":61,"column":6},"end":{"line":67,"column":null}}],"line":18},"1":{"loc":{"start":{"line":73,"column":4},"end":{"line":88,"column":null}},"type":"if","locations":[{"start":{"line":73,"column":4},"end":{"line":88,"column":null}},{"start":{},"end":{}}],"line":73},"2":{"loc":{"start":{"line":77,"column":10},"end":{"line":85,"column":null}},"type":"if","locations":[{"start":{"line":77,"column":10},"end":{"line":85,"column":null}},{"start":{"line":83,"column":17},"end":{"line":85,"column":null}}],"line":77},"3":{"loc":{"start":{"line":97,"column":2},"end":{"line":97,"column":null}},"type":"default-arg","locations":[{"start":{"line":97,"column":9},"end":{"line":97,"column":null}}],"line":97},"4":{"loc":{"start":{"line":98,"column":2},"end":{"line":98,"column":null}},"type":"default-arg","locations":[{"start":{"line":98,"column":11},"end":{"line":98,"column":null}}],"line":98},"5":{"loc":{"start":{"line":102,"column":4},"end":{"line":119,"column":null}},"type":"switch","locations":[{"start":{"line":103,"column":6},"end":{"line":104,"column":null}},{"start":{"line":105,"column":6},"end":{"line":106,"column":null}},{"start":{"line":107,"column":6},"end":{"line":108,"column":null}},{"start":{"line":109,"column":6},"end":{"line":110,"column":null}},{"start":{"line":111,"column":6},"end":{"line":112,"column":null}},{"start":{"line":113,"column":6},"end":{"line":114,"column":null}},{"start":{"line":115,"column":6},"end":{"line":116,"column":null}},{"start":{"line":117,"column":6},"end":{"line":118,"column":null}}],"line":102},"6":{"loc":{"start":{"line":104,"column":15},"end":{"line":104,"column":null}},"type":"cond-expr","locations":[{"start":{"line":104,"column":22},"end":{"line":104,"column":26}},{"start":{"line":104,"column":26},"end":{"line":104,"column":null}}],"line":104},"7":{"loc":{"start":{"line":106,"column":15},"end":{"line":106,"column":null}},"type":"cond-expr","locations":[{"start":{"line":106,"column":22},"end":{"line":106,"column":26}},{"start":{"line":106,"column":26},"end":{"line":106,"column":null}}],"line":106},"8":{"loc":{"start":{"line":110,"column":15},"end":{"line":110,"column":null}},"type":"cond-expr","locations":[{"start":{"line":110,"column":22},"end":{"line":110,"column":26}},{"start":{"line":110,"column":26},"end":{"line":110,"column":null}}],"line":110},"9":{"loc":{"start":{"line":112,"column":15},"end":{"line":112,"column":null}},"type":"cond-expr","locations":[{"start":{"line":112,"column":22},"end":{"line":112,"column":26}},{"start":{"line":112,"column":26},"end":{"line":112,"column":null}}],"line":112},"10":{"loc":{"start":{"line":114,"column":15},"end":{"line":114,"column":null}},"type":"cond-expr","locations":[{"start":{"line":114,"column":22},"end":{"line":114,"column":26}},{"start":{"line":114,"column":26},"end":{"line":114,"column":null}}],"line":114},"11":{"loc":{"start":{"line":123,"column":4},"end":{"line":137,"column":null}},"type":"switch","locations":[{"start":{"line":124,"column":6},"end":{"line":124,"column":null}},{"start":{"line":125,"column":6},"end":{"line":125,"column":null}},{"start":{"line":126,"column":6},"end":{"line":127,"column":null}},{"start":{"line":128,"column":6},"end":{"line":128,"column":null}},{"start":{"line":129,"column":6},"end":{"line":130,"column":null}},{"start":{"line":131,"column":6},"end":{"line":132,"column":null}},{"start":{"line":133,"column":6},"end":{"line":134,"column":null}},{"start":{"line":135,"column":6},"end":{"line":136,"column":null}}],"line":123},"12":{"loc":{"start":{"line":132,"column":15},"end":{"line":132,"column":null}},"type":"cond-expr","locations":[{"start":{"line":132,"column":22},"end":{"line":132,"column":26}},{"start":{"line":132,"column":26},"end":{"line":132,"column":null}}],"line":132},"13":{"loc":{"start":{"line":141,"column":4},"end":{"line":155,"column":null}},"type":"switch","locations":[{"start":{"line":142,"column":6},"end":{"line":142,"column":null}},{"start":{"line":143,"column":6},"end":{"line":143,"column":null}},{"start":{"line":144,"column":6},"end":{"line":145,"column":null}},{"start":{"line":146,"column":6},"end":{"line":146,"column":null}},{"start":{"line":147,"column":6},"end":{"line":148,"column":null}},{"start":{"line":149,"column":6},"end":{"line":150,"column":null}},{"start":{"line":151,"column":6},"end":{"line":152,"column":null}},{"start":{"line":153,"column":6},"end":{"line":154,"column":null}}],"line":141},"14":{"loc":{"start":{"line":150,"column":15},"end":{"line":150,"column":null}},"type":"cond-expr","locations":[{"start":{"line":150,"column":22},"end":{"line":150,"column":26}},{"start":{"line":150,"column":26},"end":{"line":150,"column":null}}],"line":150},"15":{"loc":{"start":{"line":164,"column":42},"end":{"line":166,"column":null}},"type":"cond-expr","locations":[{"start":{"line":165,"column":6},"end":{"line":165,"column":null}},{"start":{"line":166,"column":6},"end":{"line":166,"column":null}}],"line":164},"16":{"loc":{"start":{"line":168,"column":34},"end":{"line":168,"column":65}},"type":"cond-expr","locations":[{"start":{"line":168,"column":47},"end":{"line":168,"column":62}},{"start":{"line":168,"column":62},"end":{"line":168,"column":65}}],"line":168}},"s":{"0":2,"1":17,"2":17,"3":17,"4":17,"5":14,"6":1,"7":0,"8":0,"9":0,"10":1,"11":1,"12":17,"13":17,"14":17,"15":17,"16":68,"17":204,"18":84,"19":120,"20":17,"21":17,"22":2,"23":19,"24":19,"25":16,"26":1,"27":1,"28":0,"29":0,"30":0,"31":1,"32":0,"33":19,"34":19,"35":18,"36":0,"37":0,"38":1,"39":0,"40":19,"41":19,"42":18,"43":0,"44":0,"45":1,"46":0,"47":19,"48":19,"49":19,"50":19},"f":{"0":17,"1":17,"2":17,"3":68,"4":204,"5":19,"6":19,"7":19,"8":19},"b":{"0":[14,1,0,0,0,1,1],"1":[17,0],"2":[84,120],"3":[19],"4":[19],"5":[16,1,1,0,0,0,1,0],"6":[0,16],"7":[0,1],"8":[0,0],"9":[0,0],"10":[0,0],"11":[16,17,18,0,0,0,1,0],"12":[0,0],"13":[16,17,18,0,0,0,1,0],"14":[0,0],"15":[19,0],"16":[19,0]},"meta":{"lastBranch":17,"lastFunction":9,"lastStatement":51,"seen":{"s:9:27:93:Infinity":0,"f:9:27:9:28":0,"s:10:35:10:Infinity":1,"s:11:30:15:Infinity":2,"s:17:25:69:Infinity":3,"f:17:25:17:47":1,"b:19:6:25:Infinity:26:6:32:Infinity:33:6:39:Infinity:40:6:46:Infinity:47:6:53:Infinity:54:6:60:Infinity:61:6:67:Infinity":0,"s:18:4:68:Infinity":4,"s:20:8:25:Infinity":5,"s:27:8:32:Infinity":6,"s:34:8:39:Infinity":7,"s:41:8:46:Infinity":8,"s:48:8:53:Infinity":9,"s:55:8:60:Infinity":10,"s:62:8:67:Infinity":11,"s:71:33:90:Infinity":12,"f:71:33:71:34":2,"s:72:35:72:Infinity":13,"b:73:4:88:Infinity:undefined:undefined:undefined:undefined":1,"s:73:4:88:Infinity":14,"s:74:6:87:Infinity":15,"f:74:20:74:21":3,"s:76:8:86:Infinity":16,"f:76:36:76:37":4,"b:77:10:85:Infinity:83:17:85:Infinity":2,"s:77:10:85:Infinity":17,"s:78:12:82:Infinity":18,"s:84:12:84:Infinity":19,"s:89:4:89:Infinity":20,"s:92:2:92:Infinity":21,"s:95:30:169:Infinity":22,"f:95:30:95:31":5,"b:97:9:97:Infinity":3,"b:98:11:98:Infinity":4,"s:101:8:120:Infinity":23,"f:101:24:101:30":6,"b:103:6:104:Infinity:105:6:106:Infinity:107:6:108:Infinity:109:6:110:Infinity:111:6:112:Infinity:113:6:114:Infinity:115:6:116:Infinity:117:6:118:Infinity":5,"s:102:4:119:Infinity":24,"s:104:8:104:Infinity":25,"b:104:22:104:26:104:26:104:Infinity":6,"s:106:8:106:Infinity":26,"b:106:22:106:26:106:26:106:Infinity":7,"s:108:8:108:Infinity":27,"s:110:8:110:Infinity":28,"b:110:22:110:26:110:26:110:Infinity":8,"s:112:8:112:Infinity":29,"b:112:22:112:26:112:26:112:Infinity":9,"s:114:8:114:Infinity":30,"b:114:22:114:26:114:26:114:Infinity":10,"s:116:8:116:Infinity":31,"s:118:8:118:Infinity":32,"s:122:25:138:Infinity":33,"f:122:25:122:26":7,"b:124:6:124:Infinity:125:6:125:Infinity:126:6:127:Infinity:128:6:128:Infinity:129:6:130:Infinity:131:6:132:Infinity:133:6:134:Infinity:135:6:136:Infinity":11,"s:123:4:137:Infinity":34,"s:127:8:127:Infinity":35,"s:130:8:130:Infinity":36,"s:132:8:132:Infinity":37,"b:132:22:132:26:132:26:132:Infinity":12,"s:134:8:134:Infinity":38,"s:136:8:136:Infinity":39,"s:140:23:156:Infinity":40,"f:140:23:140:24":8,"b:142:6:142:Infinity:143:6:143:Infinity:144:6:145:Infinity:146:6:146:Infinity:147:6:148:Infinity:149:6:150:Infinity:151:6:152:Infinity:153:6:154:Infinity":13,"s:141:4:155:Infinity":41,"s:145:8:145:Infinity":42,"s:148:8:148:Infinity":43,"s:150:8:150:Infinity":44,"b:150:22:150:26:150:26:150:Infinity":14,"s:152:8:152:Infinity":45,"s:154:8:154:Infinity":46,"s:158:24:158:Infinity":47,"s:159:32:163:Infinity":48,"s:164:42:166:Infinity":49,"b:165:6:165:Infinity:166:6:166:Infinity":15,"s:168:2:168:Infinity":50,"b:168:47:168:62:168:62:168:65":16}}}
,"/Users/hannahgerber/Documents/code/basscore/src/hooks/useCustomFretboardHistory.ts": {"path":"/Users/hannahgerber/Documents/code/basscore/src/hooks/useCustomFretboardHistory.ts","statementMap":{"0":{"start":{"line":9,"column":41},"end":{"line":46,"column":null}},"1":{"start":{"line":10,"column":22},"end":{"line":10,"column":null}},"2":{"start":{"line":11,"column":28},"end":{"line":11,"column":null}},"3":{"start":{"line":12,"column":26},"end":{"line":12,"column":null}},"4":{"start":{"line":14,"column":21},"end":{"line":18,"column":null}},"5":{"start":{"line":15,"column":4},"end":{"line":15,"column":null}},"6":{"start":{"line":15,"column":20},"end":{"line":15,"column":38}},"7":{"start":{"line":16,"column":4},"end":{"line":16,"column":null}},"8":{"start":{"line":17,"column":4},"end":{"line":17,"column":null}},"9":{"start":{"line":20,"column":15},"end":{"line":27,"column":null}},"10":{"start":{"line":21,"column":4},"end":{"line":21,"column":null}},"11":{"start":{"line":21,"column":27},"end":{"line":21,"column":null}},"12":{"start":{"line":22,"column":17},"end":{"line":22,"column":null}},"13":{"start":{"line":23,"column":19},"end":{"line":23,"column":null}},"14":{"start":{"line":24,"column":4},"end":{"line":24,"column":null}},"15":{"start":{"line":25,"column":4},"end":{"line":25,"column":null}},"16":{"start":{"line":25,"column":19},"end":{"line":25,"column":34}},"17":{"start":{"line":26,"column":4},"end":{"line":26,"column":null}},"18":{"start":{"line":29,"column":15},"end":{"line":36,"column":null}},"19":{"start":{"line":30,"column":4},"end":{"line":30,"column":null}},"20":{"start":{"line":30,"column":29},"end":{"line":30,"column":null}},"21":{"start":{"line":31,"column":17},"end":{"line":31,"column":null}},"22":{"start":{"line":32,"column":19},"end":{"line":32,"column":null}},"23":{"start":{"line":33,"column":4},"end":{"line":33,"column":null}},"24":{"start":{"line":34,"column":4},"end":{"line":34,"column":null}},"25":{"start":{"line":34,"column":17},"end":{"line":34,"column":32}},"26":{"start":{"line":35,"column":4},"end":{"line":35,"column":null}},"27":{"start":{"line":38,"column":2},"end":{"line":45,"column":null}}},"fnMap":{"0":{"name":"(anonymous_0)","decl":{"start":{"line":9,"column":41},"end":{"line":9,"column":42}},"loc":{"start":{"line":9,"column":72},"end":{"line":46,"column":null}},"line":9},"1":{"name":"(anonymous_1)","decl":{"start":{"line":14,"column":21},"end":{"line":14,"column":22}},"loc":{"start":{"line":14,"column":53},"end":{"line":18,"column":null}},"line":14},"2":{"name":"(anonymous_2)","decl":{"start":{"line":15,"column":12},"end":{"line":15,"column":20}},"loc":{"start":{"line":15,"column":20},"end":{"line":15,"column":38}},"line":15},"3":{"name":"(anonymous_3)","decl":{"start":{"line":20,"column":15},"end":{"line":20,"column":21}},"loc":{"start":{"line":20,"column":21},"end":{"line":27,"column":null}},"line":20},"4":{"name":"(anonymous_4)","decl":{"start":{"line":25,"column":14},"end":{"line":25,"column":19}},"loc":{"start":{"line":25,"column":19},"end":{"line":25,"column":34}},"line":25},"5":{"name":"(anonymous_5)","decl":{"start":{"line":29,"column":15},"end":{"line":29,"column":21}},"loc":{"start":{"line":29,"column":21},"end":{"line":36,"column":null}},"line":29},"6":{"name":"(anonymous_6)","decl":{"start":{"line":34,"column":12},"end":{"line":34,"column":17}},"loc":{"start":{"line":34,"column":17},"end":{"line":34,"column":32}},"line":34}},"branchMap":{"0":{"loc":{"start":{"line":21,"column":4},"end":{"line":21,"column":null}},"type":"if","locations":[{"start":{"line":21,"column":4},"end":{"line":21,"column":null}},{"start":{},"end":{}}],"line":21},"1":{"loc":{"start":{"line":30,"column":4},"end":{"line":30,"column":null}},"type":"if","locations":[{"start":{"line":30,"column":4},"end":{"line":30,"column":null}},{"start":{},"end":{}}],"line":30}},"s":{"0":1,"1":134,"2":134,"3":134,"4":134,"5":23,"6":23,"7":23,"8":23,"9":134,"10":5,"11":0,"12":5,"13":5,"14":5,"15":5,"16":5,"17":5,"18":134,"19":2,"20":0,"21":2,"22":2,"23":2,"24":2,"25":2,"26":2,"27":134},"f":{"0":134,"1":23,"2":23,"3":5,"4":5,"5":2,"6":2},"b":{"0":[0,5],"1":[0,2]},"meta":{"lastBranch":2,"lastFunction":7,"lastStatement":28,"seen":{"s:9:41:46:Infinity":0,"f:9:41:9:42":0,"s:10:22:10:Infinity":1,"s:11:28:11:Infinity":2,"s:12:26:12:Infinity":3,"s:14:21:18:Infinity":4,"f:14:21:14:22":1,"s:15:4:15:Infinity":5,"f:15:12:15:20":2,"s:15:20:15:38":6,"s:16:4:16:Infinity":7,"s:17:4:17:Infinity":8,"s:20:15:27:Infinity":9,"f:20:15:20:21":3,"b:21:4:21:Infinity:undefined:undefined:undefined:undefined":0,"s:21:4:21:Infinity":10,"s:21:27:21:Infinity":11,"s:22:17:22:Infinity":12,"s:23:19:23:Infinity":13,"s:24:4:24:Infinity":14,"s:25:4:25:Infinity":15,"f:25:14:25:19":4,"s:25:19:25:34":16,"s:26:4:26:Infinity":17,"s:29:15:36:Infinity":18,"f:29:15:29:21":5,"b:30:4:30:Infinity:undefined:undefined:undefined:undefined":1,"s:30:4:30:Infinity":19,"s:30:29:30:Infinity":20,"s:31:17:31:Infinity":21,"s:32:19:32:Infinity":22,"s:33:4:33:Infinity":23,"s:34:4:34:Infinity":24,"f:34:12:34:17":6,"s:34:17:34:32":25,"s:35:4:35:Infinity":26,"s:38:2:45:Infinity":27}}}
,"/Users/hannahgerber/Documents/code/basscore/src/services/customFretboardService.ts": {"path":"/Users/hannahgerber/Documents/code/basscore/src/services/customFretboardService.ts","statementMap":{"0":{"start":{"line":3,"column":20},"end":{"line":3,"column":null}},"1":{"start":{"line":5,"column":13},"end":{"line":6,"column":null}},"2":{"start":{"line":6,"column":2},"end":{"line":6,"column":null}},"3":{"start":{"line":8,"column":14},"end":{"line":9,"column":null}},"4":{"start":{"line":9,"column":2},"end":{"line":9,"column":null}},"5":{"start":{"line":11,"column":22},"end":{"line":11,"column":null}},"6":{"start":{"line":11,"column":54},"end":{"line":11,"column":null}},"7":{"start":{"line":13,"column":23},"end":{"line":14,"column":null}},"8":{"start":{"line":14,"column":2},"end":{"line":14,"column":null}},"9":{"start":{"line":14,"column":19},"end":{"line":14,"column":30}},"10":{"start":{"line":16,"column":25},"end":{"line":17,"column":null}},"11":{"start":{"line":17,"column":2},"end":{"line":17,"column":null}},"12":{"start":{"line":17,"column":19},"end":{"line":17,"column":34}},"13":{"start":{"line":19,"column":20},"end":{"line":31,"column":null}},"14":{"start":{"line":22,"column":8},"end":{"line":22,"column":null}},"15":{"start":{"line":23,"column":39},"end":{"line":28,"column":null}},"16":{"start":{"line":29,"column":2},"end":{"line":29,"column":null}},"17":{"start":{"line":30,"column":2},"end":{"line":30,"column":null}},"18":{"start":{"line":33,"column":26},"end":{"line":41,"column":null}},"19":{"start":{"line":37,"column":18},"end":{"line":39,"column":null}},"20":{"start":{"line":38,"column":4},"end":{"line":38,"column":null}},"21":{"start":{"line":40,"column":2},"end":{"line":40,"column":null}},"22":{"start":{"line":43,"column":26},"end":{"line":44,"column":null}},"23":{"start":{"line":44,"column":2},"end":{"line":44,"column":null}},"24":{"start":{"line":44,"column":27},"end":{"line":44,"column":38}}},"fnMap":{"0":{"name":"(anonymous_0)","decl":{"start":{"line":5,"column":13},"end":{"line":5,"column":null}},"loc":{"start":{"line":6,"column":2},"end":{"line":6,"column":null}},"line":6},"1":{"name":"(anonymous_1)","decl":{"start":{"line":8,"column":14},"end":{"line":8,"column":15}},"loc":{"start":{"line":9,"column":2},"end":{"line":9,"column":null}},"line":9},"2":{"name":"(anonymous_2)","decl":{"start":{"line":11,"column":22},"end":{"line":11,"column":54}},"loc":{"start":{"line":11,"column":54},"end":{"line":11,"column":null}},"line":11},"3":{"name":"(anonymous_3)","decl":{"start":{"line":13,"column":23},"end":{"line":13,"column":24}},"loc":{"start":{"line":14,"column":2},"end":{"line":14,"column":null}},"line":14},"4":{"name":"(anonymous_4)","decl":{"start":{"line":14,"column":14},"end":{"line":14,"column":19}},"loc":{"start":{"line":14,"column":19},"end":{"line":14,"column":30}},"line":14},"5":{"name":"(anonymous_5)","decl":{"start":{"line":16,"column":25},"end":{"line":16,"column":26}},"loc":{"start":{"line":17,"column":2},"end":{"line":17,"column":null}},"line":17},"6":{"name":"(anonymous_6)","decl":{"start":{"line":17,"column":14},"end":{"line":17,"column":19}},"loc":{"start":{"line":17,"column":19},"end":{"line":17,"column":34}},"line":17},"7":{"name":"(anonymous_7)","decl":{"start":{"line":19,"column":20},"end":{"line":19,"column":null}},"loc":{"start":{"line":21,"column":29},"end":{"line":31,"column":null}},"line":21},"8":{"name":"(anonymous_8)","decl":{"start":{"line":33,"column":26},"end":{"line":33,"column":null}},"loc":{"start":{"line":36,"column":11},"end":{"line":41,"column":null}},"line":36},"9":{"name":"(anonymous_9)","decl":{"start":{"line":37,"column":29},"end":{"line":37,"column":null}},"loc":{"start":{"line":38,"column":4},"end":{"line":38,"column":null}},"line":38},"10":{"name":"(anonymous_10)","decl":{"start":{"line":43,"column":26},"end":{"line":43,"column":27}},"loc":{"start":{"line":44,"column":2},"end":{"line":44,"column":null}},"line":44},"11":{"name":"(anonymous_11)","decl":{"start":{"line":44,"column":22},"end":{"line":44,"column":27}},"loc":{"start":{"line":44,"column":27},"end":{"line":44,"column":38}},"line":44}},"branchMap":{"0":{"loc":{"start":{"line":6,"column":13},"end":{"line":6,"column":54}},"type":"binary-expr","locations":[{"start":{"line":6,"column":13},"end":{"line":6,"column":50}},{"start":{"line":6,"column":50},"end":{"line":6,"column":54}}],"line":6},"1":{"loc":{"start":{"line":38,"column":4},"end":{"line":38,"column":null}},"type":"cond-expr","locations":[{"start":{"line":38,"column":18},"end":{"line":38,"column":78}},{"start":{"line":38,"column":78},"end":{"line":38,"column":null}}],"line":38}},"s":{"0":1,"1":1,"2":24,"3":1,"4":8,"5":1,"6":9,"7":1,"8":5,"9":5,"10":1,"11":2,"12":1,"13":1,"14":3,"15":3,"16":3,"17":3,"18":1,"19":3,"20":4,"21":3,"22":1,"23":2,"24":3},"f":{"0":24,"1":8,"2":9,"3":5,"4":5,"5":2,"6":1,"7":3,"8":3,"9":4,"10":2,"11":3},"b":{"0":[24,5],"1":[3,1]},"meta":{"lastBranch":2,"lastFunction":12,"lastStatement":25,"seen":{"s:3:20:3:Infinity":0,"s:5:13:6:Infinity":1,"f:5:13:5:Infinity":0,"s:6:2:6:Infinity":2,"b:6:13:6:50:6:50:6:54":0,"s:8:14:9:Infinity":3,"f:8:14:8:15":1,"s:9:2:9:Infinity":4,"s:11:22:11:Infinity":5,"f:11:22:11:54":2,"s:11:54:11:Infinity":6,"s:13:23:14:Infinity":7,"f:13:23:13:24":3,"s:14:2:14:Infinity":8,"f:14:14:14:19":4,"s:14:19:14:30":9,"s:16:25:17:Infinity":10,"f:16:25:16:26":5,"s:17:2:17:Infinity":11,"f:17:14:17:19":6,"s:17:19:17:34":12,"s:19:20:31:Infinity":13,"f:19:20:19:Infinity":7,"s:22:8:22:Infinity":14,"s:23:39:28:Infinity":15,"s:29:2:29:Infinity":16,"s:30:2:30:Infinity":17,"s:33:26:41:Infinity":18,"f:33:26:33:Infinity":8,"s:37:18:39:Infinity":19,"f:37:29:37:Infinity":9,"s:38:4:38:Infinity":20,"b:38:18:38:78:38:78:38:Infinity":1,"s:40:2:40:Infinity":21,"s:43:26:44:Infinity":22,"f:43:26:43:27":10,"s:44:2:44:Infinity":23,"f:44:22:44:27":11,"s:44:27:44:38":24}}}
,"/Users/hannahgerber/Documents/code/basscore/src/types/types.ts": {"path":"/Users/hannahgerber/Documents/code/basscore/src/types/types.ts","statementMap":{},"fnMap":{},"branchMap":{},"s":{},"f":{},"b":{},"meta":{"lastBranch":0,"lastFunction":0,"lastStatement":0,"seen":{}}}
}
